[17.713s] DEBUG:colcon:Command line arguments: ['/usr/bin/colcon', 'build']
[17.714s] DEBUG:colcon:Parsed command line arguments: Namespace(allow_overriding=[], ament_cmake_args=None, base_paths=['.'], build_base='build', catkin_cmake_args=None, catkin_skip_building_tests=False, cmake_args=None, cmake_clean_cache=False, cmake_clean_first=False, cmake_force_configure=False, cmake_target=None, cmake_target_skip_unavailable=False, continue_on_error=False, event_handlers=None, executor='parallel', ignore_user_meta=False, install_base='install', log_base=None, log_level=None, main=<bound method BuildVerb.main of <colcon_core.verb.build.BuildVerb object at 0x7f068ab108e0>>, merge_install=False, metas=['./colcon.meta'], packages_above=None, packages_above_and_dependencies=None, packages_above_depth=None, packages_end=None, packages_ignore=None, packages_ignore_regex=None, packages_select=None, packages_select_build_failed=False, packages_select_by_dep=None, packages_select_regex=None, packages_select_test_failures=False, packages_skip=None, packages_skip_build_finished=False, packages_skip_by_dep=None, packages_skip_regex=None, packages_skip_test_passed=False, packages_skip_up_to=None, packages_start=None, packages_up_to=None, packages_up_to_regex=None, parallel_workers=2, paths=None, symlink_install=False, test_result_base=None, verb_extension=<colcon_core.verb.build.BuildVerb object at 0x7f068ab108e0>, verb_name='build', verb_parser=<colcon_defaults.argument_parser.defaults.DefaultArgumentsDecorator object at 0x7f068a7bac70>)
[19.221s] Level 1:colcon.colcon_core.package_discovery:discover_packages(colcon_meta) check parameters
[19.223s] Level 1:colcon.colcon_core.package_discovery:discover_packages(recursive) check parameters
[19.223s] Level 1:colcon.colcon_core.package_discovery:discover_packages(ignore) check parameters
[19.223s] Level 1:colcon.colcon_core.package_discovery:discover_packages(path) check parameters
[19.223s] Level 1:colcon.colcon_core.package_discovery:discover_packages(colcon_meta) discover
[19.224s] Level 1:colcon.colcon_core.package_discovery:discover_packages(recursive) discover
[19.224s] INFO:colcon.colcon_core.package_discovery:Crawling recursively for packages in '/home/redbull/ros2_ws/src/mypkg'
[19.224s] Level 1:colcon.colcon_core.package_identification:_identify(.) by extensions ['ignore', 'ignore_ament_install']
[19.225s] Level 1:colcon.colcon_core.package_identification:_identify(.) by extension 'ignore'
[19.225s] Level 1:colcon.colcon_core.package_identification:_identify(.) by extension 'ignore_ament_install'
[19.225s] Level 1:colcon.colcon_core.package_identification:_identify(.) by extensions ['colcon_pkg']
[19.225s] Level 1:colcon.colcon_core.package_identification:_identify(.) by extension 'colcon_pkg'
[19.226s] Level 1:colcon.colcon_core.package_identification:_identify(.) by extensions ['colcon_meta']
[19.226s] Level 1:colcon.colcon_core.package_identification:_identify(.) by extension 'colcon_meta'
[19.226s] Level 1:colcon.colcon_core.package_identification:_identify(.) by extensions ['ros']
[19.226s] Level 1:colcon.colcon_core.package_identification:_identify(.) by extension 'ros'
[19.611s] DEBUG:colcon.colcon_core.package_identification:Package '.' with type 'ros.ament_python' and name 'mypkg'
[19.612s] Level 1:colcon.colcon_core.package_discovery:discover_packages(recursive) using defaults
[19.612s] Level 1:colcon.colcon_core.package_discovery:discover_packages(ignore) discover
[19.612s] Level 1:colcon.colcon_core.package_discovery:discover_packages(ignore) using defaults
[19.612s] Level 1:colcon.colcon_core.package_discovery:discover_packages(path) discover
[19.612s] Level 1:colcon.colcon_core.package_discovery:discover_packages(path) using defaults
[20.797s] Level 1:colcon.colcon_core.package_discovery:discover_packages(prefix_path) check parameters
[20.798s] Level 1:colcon.colcon_core.package_discovery:discover_packages(prefix_path) discover
[21.212s] DEBUG:colcon.colcon_installed_package_information.package_discovery:Found 1 installed packages in /home/redbull/ros2_ws/install
[21.366s] DEBUG:colcon.colcon_installed_package_information.package_discovery:Found 256 installed packages in /opt/ros/foxy
[21.369s] Level 1:colcon.colcon_core.package_discovery:discover_packages(prefix_path) using defaults
[26.583s] Level 5:colcon.colcon_core.verb:set package 'mypkg' build argument 'cmake_args' from command line to 'None'
[26.583s] Level 5:colcon.colcon_core.verb:set package 'mypkg' build argument 'cmake_target' from command line to 'None'
[26.583s] Level 5:colcon.colcon_core.verb:set package 'mypkg' build argument 'cmake_target_skip_unavailable' from command line to 'False'
[26.583s] Level 5:colcon.colcon_core.verb:set package 'mypkg' build argument 'cmake_clean_cache' from command line to 'False'
[26.583s] Level 5:colcon.colcon_core.verb:set package 'mypkg' build argument 'cmake_clean_first' from command line to 'False'
[26.583s] Level 5:colcon.colcon_core.verb:set package 'mypkg' build argument 'cmake_force_configure' from command line to 'False'
[26.584s] Level 5:colcon.colcon_core.verb:set package 'mypkg' build argument 'ament_cmake_args' from command line to 'None'
[26.584s] Level 5:colcon.colcon_core.verb:set package 'mypkg' build argument 'catkin_cmake_args' from command line to 'None'
[26.584s] Level 5:colcon.colcon_core.verb:set package 'mypkg' build argument 'catkin_skip_building_tests' from command line to 'False'
[26.584s] DEBUG:colcon.colcon_core.verb:Building package 'mypkg' with the following arguments: {'ament_cmake_args': None, 'build_base': '/home/redbull/ros2_ws/src/mypkg/build/mypkg', 'catkin_cmake_args': None, 'catkin_skip_building_tests': False, 'cmake_args': None, 'cmake_clean_cache': False, 'cmake_clean_first': False, 'cmake_force_configure': False, 'cmake_target': None, 'cmake_target_skip_unavailable': False, 'install_base': '/home/redbull/ros2_ws/src/mypkg/install/mypkg', 'merge_install': False, 'path': '/home/redbull/ros2_ws/src/mypkg', 'symlink_install': False, 'test_result_base': None}
[26.804s] INFO:colcon.colcon_core.executor:Executing jobs using 'parallel' executor
[27.000s] DEBUG:colcon.colcon_parallel_executor.executor.parallel:run_until_complete
[27.004s] INFO:colcon.colcon_ros.task.ament_python.build:Building ROS package in '/home/redbull/ros2_ws/src/mypkg' with build type 'ament_python'
[27.004s] Level 1:colcon.colcon_core.shell:create_environment_hook('mypkg', 'ament_prefix_path')
[27.506s] INFO:colcon.colcon_core.plugin_system:Skipping extension 'colcon_core.shell.bat': Not used on non-Windows systems
[27.507s] INFO:colcon.colcon_core.shell:Creating environment hook '/home/redbull/ros2_ws/src/mypkg/install/mypkg/share/mypkg/hook/ament_prefix_path.ps1'
[27.529s] INFO:colcon.colcon_core.shell:Creating environment descriptor '/home/redbull/ros2_ws/src/mypkg/install/mypkg/share/mypkg/hook/ament_prefix_path.dsv'
[27.543s] INFO:colcon.colcon_core.shell:Creating environment hook '/home/redbull/ros2_ws/src/mypkg/install/mypkg/share/mypkg/hook/ament_prefix_path.sh'
[27.722s] INFO:colcon.colcon_core.shell:Skip shell extension 'powershell' for command environment: Not usable outside of PowerShell
[27.722s] DEBUG:colcon.colcon_core.shell:Skip shell extension 'dsv' for command environment
[30.702s] INFO:colcon.colcon_core.task.python.build:Building Python package in '/home/redbull/ros2_ws/src/mypkg'
[30.846s] INFO:colcon.colcon_core.shell:Skip shell extension 'powershell' for command environment: Not usable outside of PowerShell
[30.846s] DEBUG:colcon.colcon_core.shell:Skip shell extension 'dsv' for command environment
[36.270s] DEBUG:colcon.colcon_core.event_handler.log_command:Invoking command in '/home/redbull/ros2_ws/src/mypkg': PYTHONPATH=/home/redbull/ros2_ws/src/mypkg/build/mypkg/prefix_override:/home/redbull/ros2_ws/src/mypkg/install/mypkg/lib/python3.8/site-packages:${PYTHONPATH} /usr/bin/python3 setup.py egg_info --egg-base build/mypkg build --build-base /home/redbull/ros2_ws/src/mypkg/build/mypkg/build install --record /home/redbull/ros2_ws/src/mypkg/build/mypkg/install.log --install-scripts $base/lib/mypkg --single-version-externally-managed
[38.141s] DEBUG:colcon.colcon_core.event_handler.log_command:Invoked command in '/home/redbull/ros2_ws/src/mypkg' returned '0': PYTHONPATH=/home/redbull/ros2_ws/src/mypkg/build/mypkg/prefix_override:/home/redbull/ros2_ws/src/mypkg/install/mypkg/lib/python3.8/site-packages:${PYTHONPATH} /usr/bin/python3 setup.py egg_info --egg-base build/mypkg build --build-base /home/redbull/ros2_ws/src/mypkg/build/mypkg/build install --record /home/redbull/ros2_ws/src/mypkg/build/mypkg/install.log --install-scripts $base/lib/mypkg --single-version-externally-managed
[38.504s] Level 1:colcon.colcon_core.environment:checking '/home/redbull/ros2_ws/src/mypkg/install/mypkg' for CMake module files
[38.507s] Level 1:colcon.colcon_core.environment:checking '/home/redbull/ros2_ws/src/mypkg/install/mypkg' for CMake config files
[38.512s] Level 1:colcon.colcon_core.environment:checking '/home/redbull/ros2_ws/src/mypkg/install/mypkg/lib'
[38.513s] Level 1:colcon.colcon_core.environment:checking '/home/redbull/ros2_ws/src/mypkg/install/mypkg/bin'
[38.513s] Level 1:colcon.colcon_core.environment:checking '/home/redbull/ros2_ws/src/mypkg/install/mypkg/lib/pkgconfig/mypkg.pc'
[38.514s] Level 1:colcon.colcon_core.environment:checking '/home/redbull/ros2_ws/src/mypkg/install/mypkg/lib/python3.8/site-packages'
[38.514s] Level 1:colcon.colcon_core.shell:create_environment_hook('mypkg', 'pythonpath')
[38.668s] INFO:colcon.colcon_core.shell:Creating environment hook '/home/redbull/ros2_ws/src/mypkg/install/mypkg/share/mypkg/hook/pythonpath.ps1'
[38.673s] INFO:colcon.colcon_core.shell:Creating environment descriptor '/home/redbull/ros2_ws/src/mypkg/install/mypkg/share/mypkg/hook/pythonpath.dsv'
[38.678s] INFO:colcon.colcon_core.shell:Creating environment hook '/home/redbull/ros2_ws/src/mypkg/install/mypkg/share/mypkg/hook/pythonpath.sh'
[38.682s] Level 1:colcon.colcon_core.environment:checking '/home/redbull/ros2_ws/src/mypkg/install/mypkg/bin'
[38.682s] Level 1:colcon.colcon_core.environment:create_environment_scripts_only(mypkg)
[38.838s] INFO:colcon.colcon_core.shell:Creating package script '/home/redbull/ros2_ws/src/mypkg/install/mypkg/share/mypkg/package.ps1'
[38.869s] INFO:colcon.colcon_core.shell:Creating package descriptor '/home/redbull/ros2_ws/src/mypkg/install/mypkg/share/mypkg/package.dsv'
[38.881s] INFO:colcon.colcon_core.shell:Creating package script '/home/redbull/ros2_ws/src/mypkg/install/mypkg/share/mypkg/package.sh'
[38.903s] INFO:colcon.colcon_core.shell:Creating package script '/home/redbull/ros2_ws/src/mypkg/install/mypkg/share/mypkg/package.bash'
[38.935s] INFO:colcon.colcon_core.shell:Creating package script '/home/redbull/ros2_ws/src/mypkg/install/mypkg/share/mypkg/package.zsh'
[38.951s] Level 1:colcon.colcon_core.environment:create_file_with_runtime_dependencies(/home/redbull/ros2_ws/src/mypkg/install/mypkg/share/colcon-core/packages/mypkg)
[38.956s] DEBUG:colcon.colcon_parallel_executor.executor.parallel:closing loop
[38.956s] DEBUG:colcon.colcon_parallel_executor.executor.parallel:loop closed
[38.956s] DEBUG:colcon.colcon_parallel_executor.executor.parallel:run_until_complete finished with '0'
[38.956s] DEBUG:colcon.colcon_core.event_reactor:joining thread
[39.618s] INFO:colcon.colcon_core.plugin_system:Skipping extension 'colcon_notification.desktop_notification.notify_send': Could not find 'notify-send'
[39.618s] INFO:colcon.colcon_core.plugin_system:Skipping extension 'colcon_notification.desktop_notification.terminal_notifier': Not used on non-Darwin systems
[39.618s] INFO:colcon.colcon_core.plugin_system:Skipping extension 'colcon_notification.desktop_notification.win32': Not used on non-Windows systems
[39.618s] INFO:colcon.colcon_notification.desktop_notification:Sending desktop notification using 'notify2'
[42.435s] DEBUG:colcon.colcon_notification.desktop_notification.notify2:Failed to initialize notify2: org.freedesktop.DBus.Error.Spawn.ExecFailed: /usr/bin/dbus-launch terminated abnormally with the following error: Autolaunch error: X11 initialization failed.

[42.438s] DEBUG:colcon.colcon_core.event_reactor:joined thread
[42.688s] INFO:colcon.colcon_core.shell:Creating prefix script '/home/redbull/ros2_ws/src/mypkg/install/local_setup.ps1'
[42.720s] INFO:colcon.colcon_core.shell:Creating prefix util module '/home/redbull/ros2_ws/src/mypkg/install/_local_setup_util_ps1.py'
[42.739s] INFO:colcon.colcon_core.shell:Creating prefix chain script '/home/redbull/ros2_ws/src/mypkg/install/setup.ps1'
[42.905s] INFO:colcon.colcon_core.shell:Creating prefix script '/home/redbull/ros2_ws/src/mypkg/install/local_setup.sh'
[42.926s] INFO:colcon.colcon_core.shell:Creating prefix util module '/home/redbull/ros2_ws/src/mypkg/install/_local_setup_util_sh.py'
[42.928s] INFO:colcon.colcon_core.shell:Creating prefix chain script '/home/redbull/ros2_ws/src/mypkg/install/setup.sh'
[43.100s] INFO:colcon.colcon_core.shell:Creating prefix script '/home/redbull/ros2_ws/src/mypkg/install/local_setup.bash'
[43.116s] INFO:colcon.colcon_core.shell:Creating prefix chain script '/home/redbull/ros2_ws/src/mypkg/install/setup.bash'
[43.284s] INFO:colcon.colcon_core.shell:Creating prefix script '/home/redbull/ros2_ws/src/mypkg/install/local_setup.zsh'
[43.302s] INFO:colcon.colcon_core.shell:Creating prefix chain script '/home/redbull/ros2_ws/src/mypkg/install/setup.zsh'
