[4.034s] DEBUG:colcon:Command line arguments: ['/usr/bin/colcon', 'build']
[4.034s] DEBUG:colcon:Parsed command line arguments: Namespace(allow_overriding=[], ament_cmake_args=None, base_paths=['.'], build_base='build', catkin_cmake_args=None, catkin_skip_building_tests=False, cmake_args=None, cmake_clean_cache=False, cmake_clean_first=False, cmake_force_configure=False, cmake_target=None, cmake_target_skip_unavailable=False, continue_on_error=False, event_handlers=None, executor='parallel', ignore_user_meta=False, install_base='install', log_base=None, log_level=None, main=<bound method BuildVerb.main of <colcon_core.verb.build.BuildVerb object at 0x7f2739c9f8e0>>, merge_install=False, metas=['./colcon.meta'], packages_above=None, packages_above_and_dependencies=None, packages_above_depth=None, packages_end=None, packages_ignore=None, packages_ignore_regex=None, packages_select=None, packages_select_build_failed=False, packages_select_by_dep=None, packages_select_regex=None, packages_select_test_failures=False, packages_skip=None, packages_skip_build_finished=False, packages_skip_by_dep=None, packages_skip_regex=None, packages_skip_test_passed=False, packages_skip_up_to=None, packages_start=None, packages_up_to=None, packages_up_to_regex=None, parallel_workers=2, paths=None, symlink_install=False, test_result_base=None, verb_extension=<colcon_core.verb.build.BuildVerb object at 0x7f2739c9f8e0>, verb_name='build', verb_parser=<colcon_defaults.argument_parser.defaults.DefaultArgumentsDecorator object at 0x7f2739948940>)
[4.210s] Level 1:colcon.colcon_core.package_discovery:discover_packages(colcon_meta) check parameters
[4.210s] Level 1:colcon.colcon_core.package_discovery:discover_packages(recursive) check parameters
[4.210s] Level 1:colcon.colcon_core.package_discovery:discover_packages(ignore) check parameters
[4.210s] Level 1:colcon.colcon_core.package_discovery:discover_packages(path) check parameters
[4.210s] Level 1:colcon.colcon_core.package_discovery:discover_packages(colcon_meta) discover
[4.210s] Level 1:colcon.colcon_core.package_discovery:discover_packages(recursive) discover
[4.210s] INFO:colcon.colcon_core.package_discovery:Crawling recursively for packages in '/home/redbull/ros2_ws'
[4.210s] Level 1:colcon.colcon_core.package_identification:_identify(.) by extensions ['ignore', 'ignore_ament_install']
[4.211s] Level 1:colcon.colcon_core.package_identification:_identify(.) by extension 'ignore'
[4.211s] Level 1:colcon.colcon_core.package_identification:_identify(.) by extension 'ignore_ament_install'
[4.211s] Level 1:colcon.colcon_core.package_identification:_identify(.) by extensions ['colcon_pkg']
[4.211s] Level 1:colcon.colcon_core.package_identification:_identify(.) by extension 'colcon_pkg'
[4.211s] Level 1:colcon.colcon_core.package_identification:_identify(.) by extensions ['colcon_meta']
[4.211s] Level 1:colcon.colcon_core.package_identification:_identify(.) by extension 'colcon_meta'
[4.211s] Level 1:colcon.colcon_core.package_identification:_identify(.) by extensions ['ros']
[4.211s] Level 1:colcon.colcon_core.package_identification:_identify(.) by extension 'ros'
[4.231s] Level 1:colcon.colcon_core.package_identification:_identify(.) by extensions ['cmake', 'python']
[4.231s] Level 1:colcon.colcon_core.package_identification:_identify(.) by extension 'cmake'
[4.231s] Level 1:colcon.colcon_core.package_identification:_identify(.) by extension 'python'
[4.231s] Level 1:colcon.colcon_core.package_identification:_identify(.) by extensions ['python_setup_py']
[4.231s] Level 1:colcon.colcon_core.package_identification:_identify(.) by extension 'python_setup_py'
[4.231s] Level 1:colcon.colcon_core.package_identification:_identify(build) by extensions ['ignore', 'ignore_ament_install']
[4.232s] Level 1:colcon.colcon_core.package_identification:_identify(build) by extension 'ignore'
[4.232s] Level 1:colcon.colcon_core.package_identification:_identify(build) ignored
[4.232s] Level 1:colcon.colcon_core.package_identification:_identify(install) by extensions ['ignore', 'ignore_ament_install']
[4.232s] Level 1:colcon.colcon_core.package_identification:_identify(install) by extension 'ignore'
[4.232s] Level 1:colcon.colcon_core.package_identification:_identify(install) ignored
[4.232s] Level 1:colcon.colcon_core.package_identification:_identify(log) by extensions ['ignore', 'ignore_ament_install']
[4.233s] Level 1:colcon.colcon_core.package_identification:_identify(log) by extension 'ignore'
[4.233s] Level 1:colcon.colcon_core.package_identification:_identify(log) ignored
[4.234s] Level 1:colcon.colcon_core.package_identification:_identify(src) by extensions ['ignore', 'ignore_ament_install']
[4.234s] Level 1:colcon.colcon_core.package_identification:_identify(src) by extension 'ignore'
[4.234s] Level 1:colcon.colcon_core.package_identification:_identify(src) by extension 'ignore_ament_install'
[4.234s] Level 1:colcon.colcon_core.package_identification:_identify(src) by extensions ['colcon_pkg']
[4.234s] Level 1:colcon.colcon_core.package_identification:_identify(src) by extension 'colcon_pkg'
[4.234s] Level 1:colcon.colcon_core.package_identification:_identify(src) by extensions ['colcon_meta']
[4.234s] Level 1:colcon.colcon_core.package_identification:_identify(src) by extension 'colcon_meta'
[4.234s] Level 1:colcon.colcon_core.package_identification:_identify(src) by extensions ['ros']
[4.234s] Level 1:colcon.colcon_core.package_identification:_identify(src) by extension 'ros'
[4.235s] Level 1:colcon.colcon_core.package_identification:_identify(src) by extensions ['cmake', 'python']
[4.235s] Level 1:colcon.colcon_core.package_identification:_identify(src) by extension 'cmake'
[4.235s] Level 1:colcon.colcon_core.package_identification:_identify(src) by extension 'python'
[4.235s] Level 1:colcon.colcon_core.package_identification:_identify(src) by extensions ['python_setup_py']
[4.235s] Level 1:colcon.colcon_core.package_identification:_identify(src) by extension 'python_setup_py'
[4.235s] Level 1:colcon.colcon_core.package_identification:_identify(src/mypkg) by extensions ['ignore', 'ignore_ament_install']
[4.236s] Level 1:colcon.colcon_core.package_identification:_identify(src/mypkg) by extension 'ignore'
[4.236s] Level 1:colcon.colcon_core.package_identification:_identify(src/mypkg) by extension 'ignore_ament_install'
[4.236s] Level 1:colcon.colcon_core.package_identification:_identify(src/mypkg) by extensions ['colcon_pkg']
[4.236s] Level 1:colcon.colcon_core.package_identification:_identify(src/mypkg) by extension 'colcon_pkg'
[4.236s] Level 1:colcon.colcon_core.package_identification:_identify(src/mypkg) by extensions ['colcon_meta']
[4.236s] Level 1:colcon.colcon_core.package_identification:_identify(src/mypkg) by extension 'colcon_meta'
[4.236s] Level 1:colcon.colcon_core.package_identification:_identify(src/mypkg) by extensions ['ros']
[4.236s] Level 1:colcon.colcon_core.package_identification:_identify(src/mypkg) by extension 'ros'
[4.240s] DEBUG:colcon.colcon_core.package_identification:Package 'src/mypkg' with type 'ros.ament_python' and name 'mypkg'
[4.240s] Level 1:colcon.colcon_core.package_identification:_identify(src/person_msgs) by extensions ['ignore', 'ignore_ament_install']
[4.241s] Level 1:colcon.colcon_core.package_identification:_identify(src/person_msgs) by extension 'ignore'
[4.241s] Level 1:colcon.colcon_core.package_identification:_identify(src/person_msgs) by extension 'ignore_ament_install'
[4.241s] Level 1:colcon.colcon_core.package_identification:_identify(src/person_msgs) by extensions ['colcon_pkg']
[4.241s] Level 1:colcon.colcon_core.package_identification:_identify(src/person_msgs) by extension 'colcon_pkg'
[4.241s] Level 1:colcon.colcon_core.package_identification:_identify(src/person_msgs) by extensions ['colcon_meta']
[4.241s] Level 1:colcon.colcon_core.package_identification:_identify(src/person_msgs) by extension 'colcon_meta'
[4.241s] Level 1:colcon.colcon_core.package_identification:_identify(src/person_msgs) by extensions ['ros']
[4.241s] Level 1:colcon.colcon_core.package_identification:_identify(src/person_msgs) by extension 'ros'
[4.242s] DEBUG:colcon.colcon_core.package_identification:Package 'src/person_msgs' with type 'ros.ament_cmake' and name 'person_msgs'
[4.242s] Level 1:colcon.colcon_core.package_discovery:discover_packages(recursive) using defaults
[4.242s] Level 1:colcon.colcon_core.package_discovery:discover_packages(ignore) discover
[4.242s] Level 1:colcon.colcon_core.package_discovery:discover_packages(ignore) using defaults
[4.242s] Level 1:colcon.colcon_core.package_discovery:discover_packages(path) discover
[4.242s] Level 1:colcon.colcon_core.package_discovery:discover_packages(path) using defaults
[4.593s] Level 1:colcon.colcon_core.package_discovery:discover_packages(prefix_path) check parameters
[4.593s] Level 1:colcon.colcon_core.package_discovery:discover_packages(prefix_path) discover
[4.727s] DEBUG:colcon.colcon_installed_package_information.package_discovery:Found 1 installed packages in /home/redbull/ros2_ws/install
[4.794s] DEBUG:colcon.colcon_installed_package_information.package_discovery:Found 256 installed packages in /opt/ros/foxy
[4.796s] Level 1:colcon.colcon_core.package_discovery:discover_packages(prefix_path) using defaults
[5.093s] Level 5:colcon.colcon_core.verb:set package 'mypkg' build argument 'cmake_args' from command line to 'None'
[5.093s] Level 5:colcon.colcon_core.verb:set package 'mypkg' build argument 'cmake_target' from command line to 'None'
[5.093s] Level 5:colcon.colcon_core.verb:set package 'mypkg' build argument 'cmake_target_skip_unavailable' from command line to 'False'
[5.093s] Level 5:colcon.colcon_core.verb:set package 'mypkg' build argument 'cmake_clean_cache' from command line to 'False'
[5.093s] Level 5:colcon.colcon_core.verb:set package 'mypkg' build argument 'cmake_clean_first' from command line to 'False'
[5.093s] Level 5:colcon.colcon_core.verb:set package 'mypkg' build argument 'cmake_force_configure' from command line to 'False'
[5.093s] Level 5:colcon.colcon_core.verb:set package 'mypkg' build argument 'ament_cmake_args' from command line to 'None'
[5.093s] Level 5:colcon.colcon_core.verb:set package 'mypkg' build argument 'catkin_cmake_args' from command line to 'None'
[5.094s] Level 5:colcon.colcon_core.verb:set package 'mypkg' build argument 'catkin_skip_building_tests' from command line to 'False'
[5.094s] DEBUG:colcon.colcon_core.verb:Building package 'mypkg' with the following arguments: {'ament_cmake_args': None, 'build_base': '/home/redbull/ros2_ws/build/mypkg', 'catkin_cmake_args': None, 'catkin_skip_building_tests': False, 'cmake_args': None, 'cmake_clean_cache': False, 'cmake_clean_first': False, 'cmake_force_configure': False, 'cmake_target': None, 'cmake_target_skip_unavailable': False, 'install_base': '/home/redbull/ros2_ws/install/mypkg', 'merge_install': False, 'path': '/home/redbull/ros2_ws/src/mypkg', 'symlink_install': False, 'test_result_base': None}
[5.159s] Level 5:colcon.colcon_core.verb:set package 'person_msgs' build argument 'cmake_args' from command line to 'None'
[5.159s] Level 5:colcon.colcon_core.verb:set package 'person_msgs' build argument 'cmake_target' from command line to 'None'
[5.159s] Level 5:colcon.colcon_core.verb:set package 'person_msgs' build argument 'cmake_target_skip_unavailable' from command line to 'False'
[5.159s] Level 5:colcon.colcon_core.verb:set package 'person_msgs' build argument 'cmake_clean_cache' from command line to 'False'
[5.159s] Level 5:colcon.colcon_core.verb:set package 'person_msgs' build argument 'cmake_clean_first' from command line to 'False'
[5.159s] Level 5:colcon.colcon_core.verb:set package 'person_msgs' build argument 'cmake_force_configure' from command line to 'False'
[5.159s] Level 5:colcon.colcon_core.verb:set package 'person_msgs' build argument 'ament_cmake_args' from command line to 'None'
[5.159s] Level 5:colcon.colcon_core.verb:set package 'person_msgs' build argument 'catkin_cmake_args' from command line to 'None'
[5.159s] Level 5:colcon.colcon_core.verb:set package 'person_msgs' build argument 'catkin_skip_building_tests' from command line to 'False'
[5.159s] DEBUG:colcon.colcon_core.verb:Building package 'person_msgs' with the following arguments: {'ament_cmake_args': None, 'build_base': '/home/redbull/ros2_ws/build/person_msgs', 'catkin_cmake_args': None, 'catkin_skip_building_tests': False, 'cmake_args': None, 'cmake_clean_cache': False, 'cmake_clean_first': False, 'cmake_force_configure': False, 'cmake_target': None, 'cmake_target_skip_unavailable': False, 'install_base': '/home/redbull/ros2_ws/install/person_msgs', 'merge_install': False, 'path': '/home/redbull/ros2_ws/src/person_msgs', 'symlink_install': False, 'test_result_base': None}
[5.223s] INFO:colcon.colcon_core.executor:Executing jobs using 'parallel' executor
[5.287s] DEBUG:colcon.colcon_parallel_executor.executor.parallel:run_until_complete
[5.288s] INFO:colcon.colcon_ros.task.ament_python.build:Building ROS package in '/home/redbull/ros2_ws/src/mypkg' with build type 'ament_python'
[5.288s] Level 1:colcon.colcon_core.shell:create_environment_hook('mypkg', 'ament_prefix_path')
[5.361s] INFO:colcon.colcon_core.plugin_system:Skipping extension 'colcon_core.shell.bat': Not used on non-Windows systems
[5.362s] INFO:colcon.colcon_core.shell:Creating environment hook '/home/redbull/ros2_ws/install/mypkg/share/mypkg/hook/ament_prefix_path.ps1'
[5.363s] INFO:colcon.colcon_core.shell:Creating environment descriptor '/home/redbull/ros2_ws/install/mypkg/share/mypkg/hook/ament_prefix_path.dsv'
[5.364s] INFO:colcon.colcon_core.shell:Creating environment hook '/home/redbull/ros2_ws/install/mypkg/share/mypkg/hook/ament_prefix_path.sh'
[5.436s] INFO:colcon.colcon_core.shell:Skip shell extension 'powershell' for command environment: Not usable outside of PowerShell
[5.436s] DEBUG:colcon.colcon_core.shell:Skip shell extension 'dsv' for command environment
[5.658s] INFO:colcon.colcon_ros.task.ament_cmake.build:Building ROS package in '/home/redbull/ros2_ws/src/person_msgs' with build type 'ament_cmake'
[5.659s] INFO:colcon.colcon_cmake.task.cmake.build:Building CMake package in '/home/redbull/ros2_ws/src/person_msgs'
[5.736s] INFO:colcon.colcon_core.shell:Skip shell extension 'powershell' for command environment: Not usable outside of PowerShell
[5.736s] DEBUG:colcon.colcon_core.shell:Skip shell extension 'dsv' for command environment
[6.515s] INFO:colcon.colcon_core.task.python.build:Building Python package in '/home/redbull/ros2_ws/src/mypkg'
[6.583s] INFO:colcon.colcon_core.shell:Skip shell extension 'powershell' for command environment: Not usable outside of PowerShell
[6.584s] DEBUG:colcon.colcon_core.shell:Skip shell extension 'dsv' for command environment
[6.831s] DEBUG:colcon.colcon_core.event_handler.log_command:Invoking command in '/home/redbull/ros2_ws/build/person_msgs': CMAKE_PREFIX_PATH=/home/redbull/ros2_ws/install/mypkg:/opt/ros/foxy /usr/bin/cmake /home/redbull/ros2_ws/src/person_msgs -DCMAKE_INSTALL_PREFIX=/home/redbull/ros2_ws/install/person_msgs
[7.975s] DEBUG:colcon.colcon_core.event_handler.log_command:Invoking command in '/home/redbull/ros2_ws/src/mypkg': PYTHONPATH=/home/redbull/ros2_ws/build/mypkg/prefix_override:/home/redbull/ros2_ws/install/mypkg/lib/python3.8/site-packages:${PYTHONPATH} /usr/bin/python3 setup.py egg_info --egg-base ../../build/mypkg build --build-base /home/redbull/ros2_ws/build/mypkg/build install --record /home/redbull/ros2_ws/build/mypkg/install.log --install-scripts $base/lib/mypkg --single-version-externally-managed
[9.050s] DEBUG:colcon.colcon_core.event_handler.log_command:Invoked command in '/home/redbull/ros2_ws/src/mypkg' returned '0': PYTHONPATH=/home/redbull/ros2_ws/build/mypkg/prefix_override:/home/redbull/ros2_ws/install/mypkg/lib/python3.8/site-packages:${PYTHONPATH} /usr/bin/python3 setup.py egg_info --egg-base ../../build/mypkg build --build-base /home/redbull/ros2_ws/build/mypkg/build install --record /home/redbull/ros2_ws/build/mypkg/install.log --install-scripts $base/lib/mypkg --single-version-externally-managed
[9.181s] Level 1:colcon.colcon_core.environment:checking '/home/redbull/ros2_ws/install/mypkg' for CMake module files
[9.183s] Level 1:colcon.colcon_core.environment:checking '/home/redbull/ros2_ws/install/mypkg' for CMake config files
[9.188s] Level 1:colcon.colcon_core.environment:checking '/home/redbull/ros2_ws/install/mypkg/lib'
[9.188s] Level 1:colcon.colcon_core.environment:checking '/home/redbull/ros2_ws/install/mypkg/bin'
[9.188s] Level 1:colcon.colcon_core.environment:checking '/home/redbull/ros2_ws/install/mypkg/lib/pkgconfig/mypkg.pc'
[9.189s] Level 1:colcon.colcon_core.environment:checking '/home/redbull/ros2_ws/install/mypkg/lib/python3.8/site-packages'
[9.189s] Level 1:colcon.colcon_core.shell:create_environment_hook('mypkg', 'pythonpath')
[9.286s] INFO:colcon.colcon_core.shell:Creating environment hook '/home/redbull/ros2_ws/install/mypkg/share/mypkg/hook/pythonpath.ps1'
[9.287s] INFO:colcon.colcon_core.shell:Creating environment descriptor '/home/redbull/ros2_ws/install/mypkg/share/mypkg/hook/pythonpath.dsv'
[9.289s] INFO:colcon.colcon_core.shell:Creating environment hook '/home/redbull/ros2_ws/install/mypkg/share/mypkg/hook/pythonpath.sh'
[9.290s] Level 1:colcon.colcon_core.environment:checking '/home/redbull/ros2_ws/install/mypkg/bin'
[9.290s] Level 1:colcon.colcon_core.environment:create_environment_scripts_only(mypkg)
[9.393s] INFO:colcon.colcon_core.shell:Creating package script '/home/redbull/ros2_ws/install/mypkg/share/mypkg/package.ps1'
[9.396s] INFO:colcon.colcon_core.shell:Creating package descriptor '/home/redbull/ros2_ws/install/mypkg/share/mypkg/package.dsv'
[9.398s] INFO:colcon.colcon_core.shell:Creating package script '/home/redbull/ros2_ws/install/mypkg/share/mypkg/package.sh'
[9.401s] INFO:colcon.colcon_core.shell:Creating package script '/home/redbull/ros2_ws/install/mypkg/share/mypkg/package.bash'
[9.403s] INFO:colcon.colcon_core.shell:Creating package script '/home/redbull/ros2_ws/install/mypkg/share/mypkg/package.zsh'
[9.404s] Level 1:colcon.colcon_core.environment:create_file_with_runtime_dependencies(/home/redbull/ros2_ws/install/mypkg/share/colcon-core/packages/mypkg)
[19.928s] DEBUG:colcon.colcon_core.event_handler.log_command:Invoked command in '/home/redbull/ros2_ws/build/person_msgs' returned '0': CMAKE_PREFIX_PATH=/home/redbull/ros2_ws/install/mypkg:/opt/ros/foxy /usr/bin/cmake /home/redbull/ros2_ws/src/person_msgs -DCMAKE_INSTALL_PREFIX=/home/redbull/ros2_ws/install/person_msgs
[19.930s] DEBUG:colcon.colcon_core.event_handler.log_command:Invoking command in '/home/redbull/ros2_ws/build/person_msgs': CMAKE_PREFIX_PATH=/home/redbull/ros2_ws/install/mypkg:/opt/ros/foxy /usr/bin/cmake --build /home/redbull/ros2_ws/build/person_msgs -- -j2 -l2
[32.969s] DEBUG:colcon.colcon_core.event_handler.log_command:Invoked command in '/home/redbull/ros2_ws/build/person_msgs' returned '0': CMAKE_PREFIX_PATH=/home/redbull/ros2_ws/install/mypkg:/opt/ros/foxy /usr/bin/cmake --build /home/redbull/ros2_ws/build/person_msgs -- -j2 -l2
[33.475s] DEBUG:colcon.colcon_core.event_handler.log_command:Invoking command in '/home/redbull/ros2_ws/build/person_msgs': CMAKE_PREFIX_PATH=/home/redbull/ros2_ws/install/mypkg:/opt/ros/foxy /usr/bin/cmake --install /home/redbull/ros2_ws/build/person_msgs
[33.910s] Level 1:colcon.colcon_core.environment:create_environment_scripts_only(person_msgs)
[33.911s] DEBUG:colcon.colcon_core.event_handler.log_command:Invoked command in '/home/redbull/ros2_ws/build/person_msgs' returned '0': CMAKE_PREFIX_PATH=/home/redbull/ros2_ws/install/mypkg:/opt/ros/foxy /usr/bin/cmake --install /home/redbull/ros2_ws/build/person_msgs
[33.990s] Level 1:colcon.colcon_core.environment:checking '/home/redbull/ros2_ws/install/person_msgs' for CMake module files
[33.993s] Level 1:colcon.colcon_core.environment:checking '/home/redbull/ros2_ws/install/person_msgs' for CMake config files
[33.996s] Level 1:colcon.colcon_core.shell:create_environment_hook('person_msgs', 'cmake_prefix_path')
[34.064s] INFO:colcon.colcon_core.shell:Creating environment hook '/home/redbull/ros2_ws/install/person_msgs/share/person_msgs/hook/cmake_prefix_path.ps1'
[34.068s] INFO:colcon.colcon_core.shell:Creating environment descriptor '/home/redbull/ros2_ws/install/person_msgs/share/person_msgs/hook/cmake_prefix_path.dsv'
[34.069s] INFO:colcon.colcon_core.shell:Creating environment hook '/home/redbull/ros2_ws/install/person_msgs/share/person_msgs/hook/cmake_prefix_path.sh'
[34.071s] Level 1:colcon.colcon_core.environment:checking '/home/redbull/ros2_ws/install/person_msgs/lib'
[34.071s] Level 1:colcon.colcon_core.shell:create_environment_hook('person_msgs', 'ld_library_path_lib')
[34.145s] INFO:colcon.colcon_core.shell:Creating environment hook '/home/redbull/ros2_ws/install/person_msgs/share/person_msgs/hook/ld_library_path_lib.ps1'
[34.147s] INFO:colcon.colcon_core.shell:Creating environment descriptor '/home/redbull/ros2_ws/install/person_msgs/share/person_msgs/hook/ld_library_path_lib.dsv'
[34.148s] INFO:colcon.colcon_core.shell:Creating environment hook '/home/redbull/ros2_ws/install/person_msgs/share/person_msgs/hook/ld_library_path_lib.sh'
[34.149s] Level 1:colcon.colcon_core.environment:checking '/home/redbull/ros2_ws/install/person_msgs/bin'
[34.149s] Level 1:colcon.colcon_core.environment:checking '/home/redbull/ros2_ws/install/person_msgs/lib/pkgconfig/person_msgs.pc'
[34.150s] Level 1:colcon.colcon_core.environment:checking '/home/redbull/ros2_ws/install/person_msgs/lib/python3.8/site-packages'
[34.150s] Level 1:colcon.colcon_core.shell:create_environment_hook('person_msgs', 'pythonpath')
[34.222s] INFO:colcon.colcon_core.shell:Creating environment hook '/home/redbull/ros2_ws/install/person_msgs/share/person_msgs/hook/pythonpath.ps1'
[34.224s] INFO:colcon.colcon_core.shell:Creating environment descriptor '/home/redbull/ros2_ws/install/person_msgs/share/person_msgs/hook/pythonpath.dsv'
[34.227s] INFO:colcon.colcon_core.shell:Creating environment hook '/home/redbull/ros2_ws/install/person_msgs/share/person_msgs/hook/pythonpath.sh'
[34.228s] Level 1:colcon.colcon_core.environment:checking '/home/redbull/ros2_ws/install/person_msgs/bin'
[34.301s] INFO:colcon.colcon_core.shell:Creating package script '/home/redbull/ros2_ws/install/person_msgs/share/person_msgs/package.ps1'
[34.305s] INFO:colcon.colcon_core.shell:Creating package descriptor '/home/redbull/ros2_ws/install/person_msgs/share/person_msgs/package.dsv'
[34.306s] INFO:colcon.colcon_core.shell:Creating package script '/home/redbull/ros2_ws/install/person_msgs/share/person_msgs/package.sh'
[34.308s] INFO:colcon.colcon_core.shell:Creating package script '/home/redbull/ros2_ws/install/person_msgs/share/person_msgs/package.bash'
[34.310s] INFO:colcon.colcon_core.shell:Creating package script '/home/redbull/ros2_ws/install/person_msgs/share/person_msgs/package.zsh'
[34.312s] Level 1:colcon.colcon_core.environment:create_file_with_runtime_dependencies(/home/redbull/ros2_ws/install/person_msgs/share/colcon-core/packages/person_msgs)
[34.839s] Level 1:colcon.colcon_core.environment:create_environment_scripts_only(person_msgs)
[34.908s] Level 1:colcon.colcon_core.environment:checking '/home/redbull/ros2_ws/install/person_msgs' for CMake module files
[34.910s] Level 1:colcon.colcon_core.environment:checking '/home/redbull/ros2_ws/install/person_msgs' for CMake config files
[34.913s] Level 1:colcon.colcon_core.shell:create_environment_hook('person_msgs', 'cmake_prefix_path')
[34.980s] INFO:colcon.colcon_core.shell:Creating environment hook '/home/redbull/ros2_ws/install/person_msgs/share/person_msgs/hook/cmake_prefix_path.ps1'
[34.981s] INFO:colcon.colcon_core.shell:Creating environment descriptor '/home/redbull/ros2_ws/install/person_msgs/share/person_msgs/hook/cmake_prefix_path.dsv'
[34.982s] INFO:colcon.colcon_core.shell:Creating environment hook '/home/redbull/ros2_ws/install/person_msgs/share/person_msgs/hook/cmake_prefix_path.sh'
[34.983s] Level 1:colcon.colcon_core.environment:checking '/home/redbull/ros2_ws/install/person_msgs/lib'
[34.984s] Level 1:colcon.colcon_core.shell:create_environment_hook('person_msgs', 'ld_library_path_lib')
[35.050s] INFO:colcon.colcon_core.shell:Creating environment hook '/home/redbull/ros2_ws/install/person_msgs/share/person_msgs/hook/ld_library_path_lib.ps1'
[35.051s] INFO:colcon.colcon_core.shell:Creating environment descriptor '/home/redbull/ros2_ws/install/person_msgs/share/person_msgs/hook/ld_library_path_lib.dsv'
[35.052s] INFO:colcon.colcon_core.shell:Creating environment hook '/home/redbull/ros2_ws/install/person_msgs/share/person_msgs/hook/ld_library_path_lib.sh'
[35.053s] Level 1:colcon.colcon_core.environment:checking '/home/redbull/ros2_ws/install/person_msgs/bin'
[35.053s] Level 1:colcon.colcon_core.environment:checking '/home/redbull/ros2_ws/install/person_msgs/lib/pkgconfig/person_msgs.pc'
[35.053s] Level 1:colcon.colcon_core.environment:checking '/home/redbull/ros2_ws/install/person_msgs/lib/python3.8/site-packages'
[35.053s] Level 1:colcon.colcon_core.shell:create_environment_hook('person_msgs', 'pythonpath')
[35.121s] INFO:colcon.colcon_core.shell:Creating environment hook '/home/redbull/ros2_ws/install/person_msgs/share/person_msgs/hook/pythonpath.ps1'
[35.122s] INFO:colcon.colcon_core.shell:Creating environment descriptor '/home/redbull/ros2_ws/install/person_msgs/share/person_msgs/hook/pythonpath.dsv'
[35.123s] INFO:colcon.colcon_core.shell:Creating environment hook '/home/redbull/ros2_ws/install/person_msgs/share/person_msgs/hook/pythonpath.sh'
[35.124s] Level 1:colcon.colcon_core.environment:checking '/home/redbull/ros2_ws/install/person_msgs/bin'
[35.189s] INFO:colcon.colcon_core.shell:Creating package script '/home/redbull/ros2_ws/install/person_msgs/share/person_msgs/package.ps1'
[35.191s] INFO:colcon.colcon_core.shell:Creating package descriptor '/home/redbull/ros2_ws/install/person_msgs/share/person_msgs/package.dsv'
[35.192s] INFO:colcon.colcon_core.shell:Creating package script '/home/redbull/ros2_ws/install/person_msgs/share/person_msgs/package.sh'
[35.193s] INFO:colcon.colcon_core.shell:Creating package script '/home/redbull/ros2_ws/install/person_msgs/share/person_msgs/package.bash'
[35.194s] INFO:colcon.colcon_core.shell:Creating package script '/home/redbull/ros2_ws/install/person_msgs/share/person_msgs/package.zsh'
[35.195s] Level 1:colcon.colcon_core.environment:create_file_with_runtime_dependencies(/home/redbull/ros2_ws/install/person_msgs/share/colcon-core/packages/person_msgs)
[35.196s] DEBUG:colcon.colcon_parallel_executor.executor.parallel:closing loop
[35.197s] DEBUG:colcon.colcon_parallel_executor.executor.parallel:loop closed
[35.197s] DEBUG:colcon.colcon_parallel_executor.executor.parallel:run_until_complete finished with '0'
[35.197s] DEBUG:colcon.colcon_core.event_reactor:joining thread
[35.300s] INFO:colcon.colcon_core.plugin_system:Skipping extension 'colcon_notification.desktop_notification.notify_send': Could not find 'notify-send'
[35.301s] INFO:colcon.colcon_core.plugin_system:Skipping extension 'colcon_notification.desktop_notification.terminal_notifier': Not used on non-Darwin systems
[35.301s] INFO:colcon.colcon_core.plugin_system:Skipping extension 'colcon_notification.desktop_notification.win32': Not used on non-Windows systems
[35.301s] INFO:colcon.colcon_notification.desktop_notification:Sending desktop notification using 'notify2'
[37.379s] DEBUG:colcon.colcon_notification.desktop_notification.notify2:Failed to initialize notify2: org.freedesktop.DBus.Error.Spawn.ExecFailed: /usr/bin/dbus-launch terminated abnormally with the following error: Autolaunch error: X11 initialization failed.

[37.381s] DEBUG:colcon.colcon_core.event_reactor:joined thread
[37.499s] INFO:colcon.colcon_core.shell:Creating prefix script '/home/redbull/ros2_ws/install/local_setup.ps1'
[37.501s] INFO:colcon.colcon_core.shell:Creating prefix util module '/home/redbull/ros2_ws/install/_local_setup_util_ps1.py'
[37.503s] INFO:colcon.colcon_core.shell:Creating prefix chain script '/home/redbull/ros2_ws/install/setup.ps1'
[37.571s] INFO:colcon.colcon_core.shell:Creating prefix script '/home/redbull/ros2_ws/install/local_setup.sh'
[37.572s] INFO:colcon.colcon_core.shell:Creating prefix util module '/home/redbull/ros2_ws/install/_local_setup_util_sh.py'
[37.573s] INFO:colcon.colcon_core.shell:Creating prefix chain script '/home/redbull/ros2_ws/install/setup.sh'
[37.646s] INFO:colcon.colcon_core.shell:Creating prefix script '/home/redbull/ros2_ws/install/local_setup.bash'
[37.647s] INFO:colcon.colcon_core.shell:Creating prefix chain script '/home/redbull/ros2_ws/install/setup.bash'
[37.719s] INFO:colcon.colcon_core.shell:Creating prefix script '/home/redbull/ros2_ws/install/local_setup.zsh'
[37.721s] INFO:colcon.colcon_core.shell:Creating prefix chain script '/home/redbull/ros2_ws/install/setup.zsh'
