[5.179s] DEBUG:colcon:Command line arguments: ['/usr/bin/colcon', 'build']
[5.179s] DEBUG:colcon:Parsed command line arguments: Namespace(allow_overriding=[], ament_cmake_args=None, base_paths=['.'], build_base='build', catkin_cmake_args=None, catkin_skip_building_tests=False, cmake_args=None, cmake_clean_cache=False, cmake_clean_first=False, cmake_force_configure=False, cmake_target=None, cmake_target_skip_unavailable=False, continue_on_error=False, event_handlers=None, executor='parallel', ignore_user_meta=False, install_base='install', log_base=None, log_level=None, main=<bound method BuildVerb.main of <colcon_core.verb.build.BuildVerb object at 0x7f6e6e5df8e0>>, merge_install=False, metas=['./colcon.meta'], packages_above=None, packages_above_and_dependencies=None, packages_above_depth=None, packages_end=None, packages_ignore=None, packages_ignore_regex=None, packages_select=None, packages_select_build_failed=False, packages_select_by_dep=None, packages_select_regex=None, packages_select_test_failures=False, packages_skip=None, packages_skip_build_finished=False, packages_skip_by_dep=None, packages_skip_regex=None, packages_skip_test_passed=False, packages_skip_up_to=None, packages_start=None, packages_up_to=None, packages_up_to_regex=None, parallel_workers=2, paths=None, symlink_install=False, test_result_base=None, verb_extension=<colcon_core.verb.build.BuildVerb object at 0x7f6e6e5df8e0>, verb_name='build', verb_parser=<colcon_defaults.argument_parser.defaults.DefaultArgumentsDecorator object at 0x7f6e6e289790>)
[5.770s] Level 1:colcon.colcon_core.package_discovery:discover_packages(colcon_meta) check parameters
[5.771s] Level 1:colcon.colcon_core.package_discovery:discover_packages(recursive) check parameters
[5.771s] Level 1:colcon.colcon_core.package_discovery:discover_packages(ignore) check parameters
[5.771s] Level 1:colcon.colcon_core.package_discovery:discover_packages(path) check parameters
[5.771s] Level 1:colcon.colcon_core.package_discovery:discover_packages(colcon_meta) discover
[5.771s] Level 1:colcon.colcon_core.package_discovery:discover_packages(recursive) discover
[5.771s] INFO:colcon.colcon_core.package_discovery:Crawling recursively for packages in '/home/redbull/ros2_ws'
[5.771s] Level 1:colcon.colcon_core.package_identification:_identify(.) by extensions ['ignore', 'ignore_ament_install']
[5.771s] Level 1:colcon.colcon_core.package_identification:_identify(.) by extension 'ignore'
[5.771s] Level 1:colcon.colcon_core.package_identification:_identify(.) by extension 'ignore_ament_install'
[5.772s] Level 1:colcon.colcon_core.package_identification:_identify(.) by extensions ['colcon_pkg']
[5.772s] Level 1:colcon.colcon_core.package_identification:_identify(.) by extension 'colcon_pkg'
[5.772s] Level 1:colcon.colcon_core.package_identification:_identify(.) by extensions ['colcon_meta']
[5.772s] Level 1:colcon.colcon_core.package_identification:_identify(.) by extension 'colcon_meta'
[5.772s] Level 1:colcon.colcon_core.package_identification:_identify(.) by extensions ['ros']
[5.772s] Level 1:colcon.colcon_core.package_identification:_identify(.) by extension 'ros'
[5.862s] Level 1:colcon.colcon_core.package_identification:_identify(.) by extensions ['cmake', 'python']
[5.862s] Level 1:colcon.colcon_core.package_identification:_identify(.) by extension 'cmake'
[5.862s] Level 1:colcon.colcon_core.package_identification:_identify(.) by extension 'python'
[5.862s] Level 1:colcon.colcon_core.package_identification:_identify(.) by extensions ['python_setup_py']
[5.862s] Level 1:colcon.colcon_core.package_identification:_identify(.) by extension 'python_setup_py'
[5.864s] Level 1:colcon.colcon_core.package_identification:_identify(build) by extensions ['ignore', 'ignore_ament_install']
[5.865s] Level 1:colcon.colcon_core.package_identification:_identify(build) by extension 'ignore'
[5.866s] Level 1:colcon.colcon_core.package_identification:_identify(build) ignored
[5.866s] Level 1:colcon.colcon_core.package_identification:_identify(install) by extensions ['ignore', 'ignore_ament_install']
[5.866s] Level 1:colcon.colcon_core.package_identification:_identify(install) by extension 'ignore'
[5.866s] Level 1:colcon.colcon_core.package_identification:_identify(install) ignored
[5.867s] Level 1:colcon.colcon_core.package_identification:_identify(log) by extensions ['ignore', 'ignore_ament_install']
[5.867s] Level 1:colcon.colcon_core.package_identification:_identify(log) by extension 'ignore'
[5.867s] Level 1:colcon.colcon_core.package_identification:_identify(log) ignored
[5.867s] Level 1:colcon.colcon_core.package_identification:_identify(src) by extensions ['ignore', 'ignore_ament_install']
[5.867s] Level 1:colcon.colcon_core.package_identification:_identify(src) by extension 'ignore'
[5.868s] Level 1:colcon.colcon_core.package_identification:_identify(src) by extension 'ignore_ament_install'
[5.868s] Level 1:colcon.colcon_core.package_identification:_identify(src) by extensions ['colcon_pkg']
[5.868s] Level 1:colcon.colcon_core.package_identification:_identify(src) by extension 'colcon_pkg'
[5.868s] Level 1:colcon.colcon_core.package_identification:_identify(src) by extensions ['colcon_meta']
[5.868s] Level 1:colcon.colcon_core.package_identification:_identify(src) by extension 'colcon_meta'
[5.868s] Level 1:colcon.colcon_core.package_identification:_identify(src) by extensions ['ros']
[5.868s] Level 1:colcon.colcon_core.package_identification:_identify(src) by extension 'ros'
[5.868s] Level 1:colcon.colcon_core.package_identification:_identify(src) by extensions ['cmake', 'python']
[5.868s] Level 1:colcon.colcon_core.package_identification:_identify(src) by extension 'cmake'
[5.869s] Level 1:colcon.colcon_core.package_identification:_identify(src) by extension 'python'
[5.869s] Level 1:colcon.colcon_core.package_identification:_identify(src) by extensions ['python_setup_py']
[5.869s] Level 1:colcon.colcon_core.package_identification:_identify(src) by extension 'python_setup_py'
[5.869s] Level 1:colcon.colcon_core.package_identification:_identify(src/mypkg) by extensions ['ignore', 'ignore_ament_install']
[5.869s] Level 1:colcon.colcon_core.package_identification:_identify(src/mypkg) by extension 'ignore'
[5.869s] Level 1:colcon.colcon_core.package_identification:_identify(src/mypkg) by extension 'ignore_ament_install'
[5.869s] Level 1:colcon.colcon_core.package_identification:_identify(src/mypkg) by extensions ['colcon_pkg']
[5.869s] Level 1:colcon.colcon_core.package_identification:_identify(src/mypkg) by extension 'colcon_pkg'
[5.870s] Level 1:colcon.colcon_core.package_identification:_identify(src/mypkg) by extensions ['colcon_meta']
[5.870s] Level 1:colcon.colcon_core.package_identification:_identify(src/mypkg) by extension 'colcon_meta'
[5.870s] Level 1:colcon.colcon_core.package_identification:_identify(src/mypkg) by extensions ['ros']
[5.870s] Level 1:colcon.colcon_core.package_identification:_identify(src/mypkg) by extension 'ros'
[5.893s] DEBUG:colcon.colcon_core.package_identification:Package 'src/mypkg' with type 'ros.ament_python' and name 'mypkg'
[5.893s] Level 1:colcon.colcon_core.package_discovery:discover_packages(recursive) using defaults
[5.893s] Level 1:colcon.colcon_core.package_discovery:discover_packages(ignore) discover
[5.893s] Level 1:colcon.colcon_core.package_discovery:discover_packages(ignore) using defaults
[5.893s] Level 1:colcon.colcon_core.package_discovery:discover_packages(path) discover
[5.893s] Level 1:colcon.colcon_core.package_discovery:discover_packages(path) using defaults
[6.364s] Level 1:colcon.colcon_core.package_discovery:discover_packages(prefix_path) check parameters
[6.364s] Level 1:colcon.colcon_core.package_discovery:discover_packages(prefix_path) discover
[6.534s] DEBUG:colcon.colcon_installed_package_information.package_discovery:Found 1 installed packages in /home/redbull/ros2_ws/install
[6.602s] DEBUG:colcon.colcon_installed_package_information.package_discovery:Found 256 installed packages in /opt/ros/foxy
[6.603s] Level 1:colcon.colcon_core.package_discovery:discover_packages(prefix_path) using defaults
[7.002s] Level 5:colcon.colcon_core.verb:set package 'mypkg' build argument 'cmake_args' from command line to 'None'
[7.002s] Level 5:colcon.colcon_core.verb:set package 'mypkg' build argument 'cmake_target' from command line to 'None'
[7.002s] Level 5:colcon.colcon_core.verb:set package 'mypkg' build argument 'cmake_target_skip_unavailable' from command line to 'False'
[7.002s] Level 5:colcon.colcon_core.verb:set package 'mypkg' build argument 'cmake_clean_cache' from command line to 'False'
[7.002s] Level 5:colcon.colcon_core.verb:set package 'mypkg' build argument 'cmake_clean_first' from command line to 'False'
[7.003s] Level 5:colcon.colcon_core.verb:set package 'mypkg' build argument 'cmake_force_configure' from command line to 'False'
[7.003s] Level 5:colcon.colcon_core.verb:set package 'mypkg' build argument 'ament_cmake_args' from command line to 'None'
[7.003s] Level 5:colcon.colcon_core.verb:set package 'mypkg' build argument 'catkin_cmake_args' from command line to 'None'
[7.003s] Level 5:colcon.colcon_core.verb:set package 'mypkg' build argument 'catkin_skip_building_tests' from command line to 'False'
[7.003s] DEBUG:colcon.colcon_core.verb:Building package 'mypkg' with the following arguments: {'ament_cmake_args': None, 'build_base': '/home/redbull/ros2_ws/build/mypkg', 'catkin_cmake_args': None, 'catkin_skip_building_tests': False, 'cmake_args': None, 'cmake_clean_cache': False, 'cmake_clean_first': False, 'cmake_force_configure': False, 'cmake_target': None, 'cmake_target_skip_unavailable': False, 'install_base': '/home/redbull/ros2_ws/install/mypkg', 'merge_install': False, 'path': '/home/redbull/ros2_ws/src/mypkg', 'symlink_install': False, 'test_result_base': None}
[7.073s] INFO:colcon.colcon_core.executor:Executing jobs using 'parallel' executor
[7.139s] DEBUG:colcon.colcon_parallel_executor.executor.parallel:run_until_complete
[7.139s] INFO:colcon.colcon_ros.task.ament_python.build:Building ROS package in '/home/redbull/ros2_ws/src/mypkg' with build type 'ament_python'
[7.140s] Level 1:colcon.colcon_core.shell:create_environment_hook('mypkg', 'ament_prefix_path')
[7.277s] INFO:colcon.colcon_core.plugin_system:Skipping extension 'colcon_core.shell.bat': Not used on non-Windows systems
[7.277s] INFO:colcon.colcon_core.shell:Creating environment hook '/home/redbull/ros2_ws/install/mypkg/share/mypkg/hook/ament_prefix_path.ps1'
[7.286s] INFO:colcon.colcon_core.shell:Creating environment descriptor '/home/redbull/ros2_ws/install/mypkg/share/mypkg/hook/ament_prefix_path.dsv'
[7.293s] INFO:colcon.colcon_core.shell:Creating environment hook '/home/redbull/ros2_ws/install/mypkg/share/mypkg/hook/ament_prefix_path.sh'
[7.368s] INFO:colcon.colcon_core.shell:Skip shell extension 'powershell' for command environment: Not usable outside of PowerShell
[7.368s] DEBUG:colcon.colcon_core.shell:Skip shell extension 'dsv' for command environment
[8.185s] INFO:colcon.colcon_core.task.python.build:Building Python package in '/home/redbull/ros2_ws/src/mypkg'
[8.254s] INFO:colcon.colcon_core.shell:Skip shell extension 'powershell' for command environment: Not usable outside of PowerShell
[8.254s] DEBUG:colcon.colcon_core.shell:Skip shell extension 'dsv' for command environment
[10.589s] DEBUG:colcon.colcon_core.event_handler.log_command:Invoking command in '/home/redbull/ros2_ws/src/mypkg': PYTHONPATH=/home/redbull/ros2_ws/build/mypkg/prefix_override:/home/redbull/ros2_ws/install/mypkg/lib/python3.8/site-packages:${PYTHONPATH} /usr/bin/python3 setup.py egg_info --egg-base ../../build/mypkg build --build-base /home/redbull/ros2_ws/build/mypkg/build install --record /home/redbull/ros2_ws/build/mypkg/install.log --install-scripts $base/lib/mypkg --single-version-externally-managed
[11.338s] DEBUG:colcon.colcon_core.event_handler.log_command:Invoked command in '/home/redbull/ros2_ws/src/mypkg' returned '0': PYTHONPATH=/home/redbull/ros2_ws/build/mypkg/prefix_override:/home/redbull/ros2_ws/install/mypkg/lib/python3.8/site-packages:${PYTHONPATH} /usr/bin/python3 setup.py egg_info --egg-base ../../build/mypkg build --build-base /home/redbull/ros2_ws/build/mypkg/build install --record /home/redbull/ros2_ws/build/mypkg/install.log --install-scripts $base/lib/mypkg --single-version-externally-managed
[11.484s] Level 1:colcon.colcon_core.environment:checking '/home/redbull/ros2_ws/install/mypkg' for CMake module files
[11.486s] Level 1:colcon.colcon_core.environment:checking '/home/redbull/ros2_ws/install/mypkg' for CMake config files
[11.490s] Level 1:colcon.colcon_core.environment:checking '/home/redbull/ros2_ws/install/mypkg/lib'
[11.490s] Level 1:colcon.colcon_core.environment:checking '/home/redbull/ros2_ws/install/mypkg/bin'
[11.490s] Level 1:colcon.colcon_core.environment:checking '/home/redbull/ros2_ws/install/mypkg/lib/pkgconfig/mypkg.pc'
[11.491s] Level 1:colcon.colcon_core.environment:checking '/home/redbull/ros2_ws/install/mypkg/lib/python3.8/site-packages'
[11.491s] Level 1:colcon.colcon_core.shell:create_environment_hook('mypkg', 'pythonpath')
[11.556s] INFO:colcon.colcon_core.shell:Creating environment hook '/home/redbull/ros2_ws/install/mypkg/share/mypkg/hook/pythonpath.ps1'
[11.557s] INFO:colcon.colcon_core.shell:Creating environment descriptor '/home/redbull/ros2_ws/install/mypkg/share/mypkg/hook/pythonpath.dsv'
[11.558s] INFO:colcon.colcon_core.shell:Creating environment hook '/home/redbull/ros2_ws/install/mypkg/share/mypkg/hook/pythonpath.sh'
[11.560s] Level 1:colcon.colcon_core.environment:checking '/home/redbull/ros2_ws/install/mypkg/bin'
[11.560s] Level 1:colcon.colcon_core.environment:create_environment_scripts_only(mypkg)
[11.629s] INFO:colcon.colcon_core.shell:Creating package script '/home/redbull/ros2_ws/install/mypkg/share/mypkg/package.ps1'
[11.643s] INFO:colcon.colcon_core.shell:Creating package descriptor '/home/redbull/ros2_ws/install/mypkg/share/mypkg/package.dsv'
[11.650s] INFO:colcon.colcon_core.shell:Creating package script '/home/redbull/ros2_ws/install/mypkg/share/mypkg/package.sh'
[11.662s] INFO:colcon.colcon_core.shell:Creating package script '/home/redbull/ros2_ws/install/mypkg/share/mypkg/package.bash'
[11.671s] INFO:colcon.colcon_core.shell:Creating package script '/home/redbull/ros2_ws/install/mypkg/share/mypkg/package.zsh'
[11.679s] Level 1:colcon.colcon_core.environment:create_file_with_runtime_dependencies(/home/redbull/ros2_ws/install/mypkg/share/colcon-core/packages/mypkg)
[11.680s] DEBUG:colcon.colcon_parallel_executor.executor.parallel:closing loop
[11.681s] DEBUG:colcon.colcon_parallel_executor.executor.parallel:loop closed
[11.681s] DEBUG:colcon.colcon_parallel_executor.executor.parallel:run_until_complete finished with '0'
[11.681s] DEBUG:colcon.colcon_core.event_reactor:joining thread
[11.953s] INFO:colcon.colcon_core.plugin_system:Skipping extension 'colcon_notification.desktop_notification.notify_send': Could not find 'notify-send'
[11.954s] INFO:colcon.colcon_core.plugin_system:Skipping extension 'colcon_notification.desktop_notification.terminal_notifier': Not used on non-Darwin systems
[11.954s] INFO:colcon.colcon_core.plugin_system:Skipping extension 'colcon_notification.desktop_notification.win32': Not used on non-Windows systems
[11.954s] INFO:colcon.colcon_notification.desktop_notification:Sending desktop notification using 'notify2'
[14.105s] DEBUG:colcon.colcon_notification.desktop_notification.notify2:Failed to initialize notify2: org.freedesktop.DBus.Error.Spawn.ExecFailed: /usr/bin/dbus-launch terminated abnormally with the following error: Autolaunch error: X11 initialization failed.

[14.108s] DEBUG:colcon.colcon_core.event_reactor:joined thread
[14.222s] INFO:colcon.colcon_core.shell:Creating prefix script '/home/redbull/ros2_ws/install/local_setup.ps1'
[14.237s] INFO:colcon.colcon_core.shell:Creating prefix util module '/home/redbull/ros2_ws/install/_local_setup_util_ps1.py'
[14.247s] INFO:colcon.colcon_core.shell:Creating prefix chain script '/home/redbull/ros2_ws/install/setup.ps1'
[14.328s] INFO:colcon.colcon_core.shell:Creating prefix script '/home/redbull/ros2_ws/install/local_setup.sh'
[14.341s] INFO:colcon.colcon_core.shell:Creating prefix util module '/home/redbull/ros2_ws/install/_local_setup_util_sh.py'
[14.342s] INFO:colcon.colcon_core.shell:Creating prefix chain script '/home/redbull/ros2_ws/install/setup.sh'
[14.420s] INFO:colcon.colcon_core.shell:Creating prefix script '/home/redbull/ros2_ws/install/local_setup.bash'
[14.432s] INFO:colcon.colcon_core.shell:Creating prefix chain script '/home/redbull/ros2_ws/install/setup.bash'
[14.506s] INFO:colcon.colcon_core.shell:Creating prefix script '/home/redbull/ros2_ws/install/local_setup.zsh'
[14.516s] INFO:colcon.colcon_core.shell:Creating prefix chain script '/home/redbull/ros2_ws/install/setup.zsh'
