[4.020s] DEBUG:colcon:Command line arguments: ['/usr/bin/colcon', 'build']
[4.020s] DEBUG:colcon:Parsed command line arguments: Namespace(allow_overriding=[], ament_cmake_args=None, base_paths=['.'], build_base='build', catkin_cmake_args=None, catkin_skip_building_tests=False, cmake_args=None, cmake_clean_cache=False, cmake_clean_first=False, cmake_force_configure=False, cmake_target=None, cmake_target_skip_unavailable=False, continue_on_error=False, event_handlers=None, executor='parallel', ignore_user_meta=False, install_base='install', log_base=None, log_level=None, main=<bound method BuildVerb.main of <colcon_core.verb.build.BuildVerb object at 0x7f844306f8e0>>, merge_install=False, metas=['./colcon.meta'], packages_above=None, packages_above_and_dependencies=None, packages_above_depth=None, packages_end=None, packages_ignore=None, packages_ignore_regex=None, packages_select=None, packages_select_build_failed=False, packages_select_by_dep=None, packages_select_regex=None, packages_select_test_failures=False, packages_skip=None, packages_skip_build_finished=False, packages_skip_by_dep=None, packages_skip_regex=None, packages_skip_test_passed=False, packages_skip_up_to=None, packages_start=None, packages_up_to=None, packages_up_to_regex=None, parallel_workers=2, paths=None, symlink_install=False, test_result_base=None, verb_extension=<colcon_core.verb.build.BuildVerb object at 0x7f844306f8e0>, verb_name='build', verb_parser=<colcon_defaults.argument_parser.defaults.DefaultArgumentsDecorator object at 0x7f8442d1ee20>)
[4.196s] Level 1:colcon.colcon_core.package_discovery:discover_packages(colcon_meta) check parameters
[4.196s] Level 1:colcon.colcon_core.package_discovery:discover_packages(recursive) check parameters
[4.196s] Level 1:colcon.colcon_core.package_discovery:discover_packages(ignore) check parameters
[4.196s] Level 1:colcon.colcon_core.package_discovery:discover_packages(path) check parameters
[4.196s] Level 1:colcon.colcon_core.package_discovery:discover_packages(colcon_meta) discover
[4.196s] Level 1:colcon.colcon_core.package_discovery:discover_packages(recursive) discover
[4.196s] INFO:colcon.colcon_core.package_discovery:Crawling recursively for packages in '/home/redbull/ros2_ws'
[4.197s] Level 1:colcon.colcon_core.package_identification:_identify(.) by extensions ['ignore', 'ignore_ament_install']
[4.197s] Level 1:colcon.colcon_core.package_identification:_identify(.) by extension 'ignore'
[4.197s] Level 1:colcon.colcon_core.package_identification:_identify(.) by extension 'ignore_ament_install'
[4.197s] Level 1:colcon.colcon_core.package_identification:_identify(.) by extensions ['colcon_pkg']
[4.197s] Level 1:colcon.colcon_core.package_identification:_identify(.) by extension 'colcon_pkg'
[4.198s] Level 1:colcon.colcon_core.package_identification:_identify(.) by extensions ['colcon_meta']
[4.198s] Level 1:colcon.colcon_core.package_identification:_identify(.) by extension 'colcon_meta'
[4.198s] Level 1:colcon.colcon_core.package_identification:_identify(.) by extensions ['ros']
[4.198s] Level 1:colcon.colcon_core.package_identification:_identify(.) by extension 'ros'
[4.216s] Level 1:colcon.colcon_core.package_identification:_identify(.) by extensions ['cmake', 'python']
[4.216s] Level 1:colcon.colcon_core.package_identification:_identify(.) by extension 'cmake'
[4.217s] Level 1:colcon.colcon_core.package_identification:_identify(.) by extension 'python'
[4.217s] Level 1:colcon.colcon_core.package_identification:_identify(.) by extensions ['python_setup_py']
[4.217s] Level 1:colcon.colcon_core.package_identification:_identify(.) by extension 'python_setup_py'
[4.217s] Level 1:colcon.colcon_core.package_identification:_identify(build) by extensions ['ignore', 'ignore_ament_install']
[4.217s] Level 1:colcon.colcon_core.package_identification:_identify(build) by extension 'ignore'
[4.217s] Level 1:colcon.colcon_core.package_identification:_identify(build) ignored
[4.218s] Level 1:colcon.colcon_core.package_identification:_identify(install) by extensions ['ignore', 'ignore_ament_install']
[4.218s] Level 1:colcon.colcon_core.package_identification:_identify(install) by extension 'ignore'
[4.218s] Level 1:colcon.colcon_core.package_identification:_identify(install) ignored
[4.218s] Level 1:colcon.colcon_core.package_identification:_identify(log) by extensions ['ignore', 'ignore_ament_install']
[4.218s] Level 1:colcon.colcon_core.package_identification:_identify(log) by extension 'ignore'
[4.218s] Level 1:colcon.colcon_core.package_identification:_identify(log) ignored
[4.219s] Level 1:colcon.colcon_core.package_identification:_identify(src) by extensions ['ignore', 'ignore_ament_install']
[4.219s] Level 1:colcon.colcon_core.package_identification:_identify(src) by extension 'ignore'
[4.219s] Level 1:colcon.colcon_core.package_identification:_identify(src) by extension 'ignore_ament_install'
[4.219s] Level 1:colcon.colcon_core.package_identification:_identify(src) by extensions ['colcon_pkg']
[4.219s] Level 1:colcon.colcon_core.package_identification:_identify(src) by extension 'colcon_pkg'
[4.219s] Level 1:colcon.colcon_core.package_identification:_identify(src) by extensions ['colcon_meta']
[4.219s] Level 1:colcon.colcon_core.package_identification:_identify(src) by extension 'colcon_meta'
[4.219s] Level 1:colcon.colcon_core.package_identification:_identify(src) by extensions ['ros']
[4.219s] Level 1:colcon.colcon_core.package_identification:_identify(src) by extension 'ros'
[4.220s] Level 1:colcon.colcon_core.package_identification:_identify(src) by extensions ['cmake', 'python']
[4.220s] Level 1:colcon.colcon_core.package_identification:_identify(src) by extension 'cmake'
[4.220s] Level 1:colcon.colcon_core.package_identification:_identify(src) by extension 'python'
[4.220s] Level 1:colcon.colcon_core.package_identification:_identify(src) by extensions ['python_setup_py']
[4.220s] Level 1:colcon.colcon_core.package_identification:_identify(src) by extension 'python_setup_py'
[4.220s] Level 1:colcon.colcon_core.package_identification:_identify(src/mypkg) by extensions ['ignore', 'ignore_ament_install']
[4.220s] Level 1:colcon.colcon_core.package_identification:_identify(src/mypkg) by extension 'ignore'
[4.221s] Level 1:colcon.colcon_core.package_identification:_identify(src/mypkg) by extension 'ignore_ament_install'
[4.221s] Level 1:colcon.colcon_core.package_identification:_identify(src/mypkg) by extensions ['colcon_pkg']
[4.221s] Level 1:colcon.colcon_core.package_identification:_identify(src/mypkg) by extension 'colcon_pkg'
[4.221s] Level 1:colcon.colcon_core.package_identification:_identify(src/mypkg) by extensions ['colcon_meta']
[4.221s] Level 1:colcon.colcon_core.package_identification:_identify(src/mypkg) by extension 'colcon_meta'
[4.221s] Level 1:colcon.colcon_core.package_identification:_identify(src/mypkg) by extensions ['ros']
[4.221s] Level 1:colcon.colcon_core.package_identification:_identify(src/mypkg) by extension 'ros'
[4.225s] DEBUG:colcon.colcon_core.package_identification:Package 'src/mypkg' with type 'ros.ament_python' and name 'mypkg'
[4.225s] Level 1:colcon.colcon_core.package_discovery:discover_packages(recursive) using defaults
[4.225s] Level 1:colcon.colcon_core.package_discovery:discover_packages(ignore) discover
[4.225s] Level 1:colcon.colcon_core.package_discovery:discover_packages(ignore) using defaults
[4.225s] Level 1:colcon.colcon_core.package_discovery:discover_packages(path) discover
[4.225s] Level 1:colcon.colcon_core.package_discovery:discover_packages(path) using defaults
[4.578s] Level 1:colcon.colcon_core.package_discovery:discover_packages(prefix_path) check parameters
[4.578s] Level 1:colcon.colcon_core.package_discovery:discover_packages(prefix_path) discover
[4.708s] DEBUG:colcon.colcon_installed_package_information.package_discovery:Found 1 installed packages in /home/redbull/ros2_ws/install
[4.777s] DEBUG:colcon.colcon_installed_package_information.package_discovery:Found 256 installed packages in /opt/ros/foxy
[4.778s] Level 1:colcon.colcon_core.package_discovery:discover_packages(prefix_path) using defaults
[5.080s] Level 5:colcon.colcon_core.verb:set package 'mypkg' build argument 'cmake_args' from command line to 'None'
[5.080s] Level 5:colcon.colcon_core.verb:set package 'mypkg' build argument 'cmake_target' from command line to 'None'
[5.080s] Level 5:colcon.colcon_core.verb:set package 'mypkg' build argument 'cmake_target_skip_unavailable' from command line to 'False'
[5.080s] Level 5:colcon.colcon_core.verb:set package 'mypkg' build argument 'cmake_clean_cache' from command line to 'False'
[5.080s] Level 5:colcon.colcon_core.verb:set package 'mypkg' build argument 'cmake_clean_first' from command line to 'False'
[5.080s] Level 5:colcon.colcon_core.verb:set package 'mypkg' build argument 'cmake_force_configure' from command line to 'False'
[5.080s] Level 5:colcon.colcon_core.verb:set package 'mypkg' build argument 'ament_cmake_args' from command line to 'None'
[5.080s] Level 5:colcon.colcon_core.verb:set package 'mypkg' build argument 'catkin_cmake_args' from command line to 'None'
[5.080s] Level 5:colcon.colcon_core.verb:set package 'mypkg' build argument 'catkin_skip_building_tests' from command line to 'False'
[5.080s] DEBUG:colcon.colcon_core.verb:Building package 'mypkg' with the following arguments: {'ament_cmake_args': None, 'build_base': '/home/redbull/ros2_ws/build/mypkg', 'catkin_cmake_args': None, 'catkin_skip_building_tests': False, 'cmake_args': None, 'cmake_clean_cache': False, 'cmake_clean_first': False, 'cmake_force_configure': False, 'cmake_target': None, 'cmake_target_skip_unavailable': False, 'install_base': '/home/redbull/ros2_ws/install/mypkg', 'merge_install': False, 'path': '/home/redbull/ros2_ws/src/mypkg', 'symlink_install': False, 'test_result_base': None}
[5.145s] INFO:colcon.colcon_core.executor:Executing jobs using 'parallel' executor
[5.210s] DEBUG:colcon.colcon_parallel_executor.executor.parallel:run_until_complete
[5.210s] INFO:colcon.colcon_ros.task.ament_python.build:Building ROS package in '/home/redbull/ros2_ws/src/mypkg' with build type 'ament_python'
[5.211s] Level 1:colcon.colcon_core.shell:create_environment_hook('mypkg', 'ament_prefix_path')
[5.285s] INFO:colcon.colcon_core.plugin_system:Skipping extension 'colcon_core.shell.bat': Not used on non-Windows systems
[5.285s] INFO:colcon.colcon_core.shell:Creating environment hook '/home/redbull/ros2_ws/install/mypkg/share/mypkg/hook/ament_prefix_path.ps1'
[5.287s] INFO:colcon.colcon_core.shell:Creating environment descriptor '/home/redbull/ros2_ws/install/mypkg/share/mypkg/hook/ament_prefix_path.dsv'
[5.287s] INFO:colcon.colcon_core.shell:Creating environment hook '/home/redbull/ros2_ws/install/mypkg/share/mypkg/hook/ament_prefix_path.sh'
[5.358s] INFO:colcon.colcon_core.shell:Skip shell extension 'powershell' for command environment: Not usable outside of PowerShell
[5.358s] DEBUG:colcon.colcon_core.shell:Skip shell extension 'dsv' for command environment
[6.151s] INFO:colcon.colcon_core.task.python.build:Building Python package in '/home/redbull/ros2_ws/src/mypkg'
[6.219s] INFO:colcon.colcon_core.shell:Skip shell extension 'powershell' for command environment: Not usable outside of PowerShell
[6.220s] DEBUG:colcon.colcon_core.shell:Skip shell extension 'dsv' for command environment
[7.309s] DEBUG:colcon.colcon_core.event_handler.log_command:Invoking command in '/home/redbull/ros2_ws/src/mypkg': PYTHONPATH=/home/redbull/ros2_ws/build/mypkg/prefix_override:/home/redbull/ros2_ws/install/mypkg/lib/python3.8/site-packages:${PYTHONPATH} /usr/bin/python3 setup.py egg_info --egg-base ../../build/mypkg build --build-base /home/redbull/ros2_ws/build/mypkg/build install --record /home/redbull/ros2_ws/build/mypkg/install.log --install-scripts $base/lib/mypkg --single-version-externally-managed
[8.032s] DEBUG:colcon.colcon_core.event_handler.log_command:Invoked command in '/home/redbull/ros2_ws/src/mypkg' returned '0': PYTHONPATH=/home/redbull/ros2_ws/build/mypkg/prefix_override:/home/redbull/ros2_ws/install/mypkg/lib/python3.8/site-packages:${PYTHONPATH} /usr/bin/python3 setup.py egg_info --egg-base ../../build/mypkg build --build-base /home/redbull/ros2_ws/build/mypkg/build install --record /home/redbull/ros2_ws/build/mypkg/install.log --install-scripts $base/lib/mypkg --single-version-externally-managed
[8.105s] Level 1:colcon.colcon_core.environment:checking '/home/redbull/ros2_ws/install/mypkg' for CMake module files
[8.107s] Level 1:colcon.colcon_core.environment:checking '/home/redbull/ros2_ws/install/mypkg' for CMake config files
[8.110s] Level 1:colcon.colcon_core.environment:checking '/home/redbull/ros2_ws/install/mypkg/lib'
[8.111s] Level 1:colcon.colcon_core.environment:checking '/home/redbull/ros2_ws/install/mypkg/bin'
[8.111s] Level 1:colcon.colcon_core.environment:checking '/home/redbull/ros2_ws/install/mypkg/lib/pkgconfig/mypkg.pc'
[8.111s] Level 1:colcon.colcon_core.environment:checking '/home/redbull/ros2_ws/install/mypkg/lib/python3.8/site-packages'
[8.111s] Level 1:colcon.colcon_core.shell:create_environment_hook('mypkg', 'pythonpath')
[8.180s] INFO:colcon.colcon_core.shell:Creating environment hook '/home/redbull/ros2_ws/install/mypkg/share/mypkg/hook/pythonpath.ps1'
[8.182s] INFO:colcon.colcon_core.shell:Creating environment descriptor '/home/redbull/ros2_ws/install/mypkg/share/mypkg/hook/pythonpath.dsv'
[8.183s] INFO:colcon.colcon_core.shell:Creating environment hook '/home/redbull/ros2_ws/install/mypkg/share/mypkg/hook/pythonpath.sh'
[8.184s] Level 1:colcon.colcon_core.environment:checking '/home/redbull/ros2_ws/install/mypkg/bin'
[8.184s] Level 1:colcon.colcon_core.environment:create_environment_scripts_only(mypkg)
[8.253s] INFO:colcon.colcon_core.shell:Creating package script '/home/redbull/ros2_ws/install/mypkg/share/mypkg/package.ps1'
[8.254s] INFO:colcon.colcon_core.shell:Creating package descriptor '/home/redbull/ros2_ws/install/mypkg/share/mypkg/package.dsv'
[8.256s] INFO:colcon.colcon_core.shell:Creating package script '/home/redbull/ros2_ws/install/mypkg/share/mypkg/package.sh'
[8.257s] INFO:colcon.colcon_core.shell:Creating package script '/home/redbull/ros2_ws/install/mypkg/share/mypkg/package.bash'
[8.259s] INFO:colcon.colcon_core.shell:Creating package script '/home/redbull/ros2_ws/install/mypkg/share/mypkg/package.zsh'
[8.260s] Level 1:colcon.colcon_core.environment:create_file_with_runtime_dependencies(/home/redbull/ros2_ws/install/mypkg/share/colcon-core/packages/mypkg)
[8.261s] DEBUG:colcon.colcon_parallel_executor.executor.parallel:closing loop
[8.261s] DEBUG:colcon.colcon_parallel_executor.executor.parallel:loop closed
[8.261s] DEBUG:colcon.colcon_parallel_executor.executor.parallel:run_until_complete finished with '0'
[8.261s] DEBUG:colcon.colcon_core.event_reactor:joining thread
[8.360s] INFO:colcon.colcon_core.plugin_system:Skipping extension 'colcon_notification.desktop_notification.notify_send': Could not find 'notify-send'
[8.360s] INFO:colcon.colcon_core.plugin_system:Skipping extension 'colcon_notification.desktop_notification.terminal_notifier': Not used on non-Darwin systems
[8.360s] INFO:colcon.colcon_core.plugin_system:Skipping extension 'colcon_notification.desktop_notification.win32': Not used on non-Windows systems
[8.360s] INFO:colcon.colcon_notification.desktop_notification:Sending desktop notification using 'notify2'
[10.438s] DEBUG:colcon.colcon_notification.desktop_notification.notify2:Failed to initialize notify2: org.freedesktop.DBus.Error.Spawn.ExecFailed: /usr/bin/dbus-launch terminated abnormally with the following error: Autolaunch error: X11 initialization failed.

[10.439s] DEBUG:colcon.colcon_core.event_reactor:joined thread
[10.532s] INFO:colcon.colcon_core.shell:Creating prefix script '/home/redbull/ros2_ws/install/local_setup.ps1'
[10.534s] INFO:colcon.colcon_core.shell:Creating prefix util module '/home/redbull/ros2_ws/install/_local_setup_util_ps1.py'
[10.536s] INFO:colcon.colcon_core.shell:Creating prefix chain script '/home/redbull/ros2_ws/install/setup.ps1'
[10.608s] INFO:colcon.colcon_core.shell:Creating prefix script '/home/redbull/ros2_ws/install/local_setup.sh'
[10.609s] INFO:colcon.colcon_core.shell:Creating prefix util module '/home/redbull/ros2_ws/install/_local_setup_util_sh.py'
[10.610s] INFO:colcon.colcon_core.shell:Creating prefix chain script '/home/redbull/ros2_ws/install/setup.sh'
[10.679s] INFO:colcon.colcon_core.shell:Creating prefix script '/home/redbull/ros2_ws/install/local_setup.bash'
[10.680s] INFO:colcon.colcon_core.shell:Creating prefix chain script '/home/redbull/ros2_ws/install/setup.bash'
[10.748s] INFO:colcon.colcon_core.shell:Creating prefix script '/home/redbull/ros2_ws/install/local_setup.zsh'
[10.750s] INFO:colcon.colcon_core.shell:Creating prefix chain script '/home/redbull/ros2_ws/install/setup.zsh'
