[3.545s] Invoking command in '/home/redbull/ros2_ws/src/mypkg': PYTHONPATH=/home/redbull/ros2_ws/build/mypkg/prefix_override:/home/redbull/ros2_ws/install/mypkg/lib/python3.8/site-packages:${PYTHONPATH} /usr/bin/python3 setup.py egg_info --egg-base ../../build/mypkg build --build-base /home/redbull/ros2_ws/build/mypkg/build install --record /home/redbull/ros2_ws/build/mypkg/install.log --install-scripts $base/lib/mypkg --single-version-externally-managed
[4.099s] running egg_info
[4.100s] creating ../../build/mypkg/mypkg.egg-info
[4.100s] writing ../../build/mypkg/mypkg.egg-info/PKG-INFO
[4.105s] writing dependency_links to ../../build/mypkg/mypkg.egg-info/dependency_links.txt
[4.111s] writing entry points to ../../build/mypkg/mypkg.egg-info/entry_points.txt
[4.111s] writing requirements to ../../build/mypkg/mypkg.egg-info/requires.txt
[4.111s] writing top-level names to ../../build/mypkg/mypkg.egg-info/top_level.txt
[4.154s] writing manifest file '../../build/mypkg/mypkg.egg-info/SOURCES.txt'
[4.205s] reading manifest file '../../build/mypkg/mypkg.egg-info/SOURCES.txt'
[4.205s] writing manifest file '../../build/mypkg/mypkg.egg-info/SOURCES.txt'
[4.205s] running build
[4.205s] running build_py
[4.206s] creating /home/redbull/ros2_ws/build/mypkg/build
[4.206s] creating /home/redbull/ros2_ws/build/mypkg/build/lib
[4.206s] creating /home/redbull/ros2_ws/build/mypkg/build/lib/mypkg
[4.207s] copying mypkg/__init__.py -> /home/redbull/ros2_ws/build/mypkg/build/lib/mypkg
[4.207s] running install
[4.208s] running install_lib
[4.211s] creating /home/redbull/ros2_ws/install/mypkg/lib/python3.8/site-packages/mypkg
[4.211s] copying /home/redbull/ros2_ws/build/mypkg/build/lib/mypkg/__init__.py -> /home/redbull/ros2_ws/install/mypkg/lib/python3.8/site-packages/mypkg
[4.213s] byte-compiling /home/redbull/ros2_ws/install/mypkg/lib/python3.8/site-packages/mypkg/__init__.py to __init__.cpython-38.pyc
[4.218s] running install_data
[4.219s] creating /home/redbull/ros2_ws/install/mypkg/share/ament_index
[4.219s] creating /home/redbull/ros2_ws/install/mypkg/share/ament_index/resource_index
[4.219s] creating /home/redbull/ros2_ws/install/mypkg/share/ament_index/resource_index/packages
[4.220s] copying resource/mypkg -> /home/redbull/ros2_ws/install/mypkg/share/ament_index/resource_index/packages
[4.221s] copying package.xml -> /home/redbull/ros2_ws/install/mypkg/share/mypkg
[4.222s] running install_egg_info
[4.225s] Copying ../../build/mypkg/mypkg.egg-info to /home/redbull/ros2_ws/install/mypkg/lib/python3.8/site-packages/mypkg-0.0.0-py3.8.egg-info
[4.241s] running install_scripts
[4.271s] Installing listener script to /home/redbull/ros2_ws/install/mypkg/lib/mypkg
[4.273s] Installing talker script to /home/redbull/ros2_ws/install/mypkg/lib/mypkg
[4.274s] writing list of installed files to '/home/redbull/ros2_ws/build/mypkg/install.log'
[4.309s] Invoked command in '/home/redbull/ros2_ws/src/mypkg' returned '0': PYTHONPATH=/home/redbull/ros2_ws/build/mypkg/prefix_override:/home/redbull/ros2_ws/install/mypkg/lib/python3.8/site-packages:${PYTHONPATH} /usr/bin/python3 setup.py egg_info --egg-base ../../build/mypkg build --build-base /home/redbull/ros2_ws/build/mypkg/build install --record /home/redbull/ros2_ws/build/mypkg/install.log --install-scripts $base/lib/mypkg --single-version-externally-managed
