[2.085s] Invoking command in '/home/redbull/ros2_ws/src/mypkg': PYTHONPATH=/home/redbull/ros2_ws/build/mypkg/prefix_override:/home/redbull/ros2_ws/install/mypkg/lib/python3.8/site-packages:${PYTHONPATH} /usr/bin/python3 setup.py egg_info --egg-base ../../build/mypkg build --build-base /home/redbull/ros2_ws/build/mypkg/build install --record /home/redbull/ros2_ws/build/mypkg/install.log --install-scripts $base/lib/mypkg --single-version-externally-managed
[2.603s] running egg_info
[2.603s] writing ../../build/mypkg/mypkg.egg-info/PKG-INFO
[2.604s] writing dependency_links to ../../build/mypkg/mypkg.egg-info/dependency_links.txt
[2.606s] writing entry points to ../../build/mypkg/mypkg.egg-info/entry_points.txt
[2.607s] writing requirements to ../../build/mypkg/mypkg.egg-info/requires.txt
[2.607s] writing top-level names to ../../build/mypkg/mypkg.egg-info/top_level.txt
[2.657s] reading manifest file '../../build/mypkg/mypkg.egg-info/SOURCES.txt'
[2.659s] writing manifest file '../../build/mypkg/mypkg.egg-info/SOURCES.txt'
[2.659s] running build
[2.660s] running build_py
[2.661s] running install
[2.663s] running install_lib
[2.667s] running install_data
[2.668s] copying launch/talk_listen.launch.py -> /home/redbull/ros2_ws/install/mypkg/share/mypkg
[2.669s] running install_egg_info
[2.673s] removing '/home/redbull/ros2_ws/install/mypkg/lib/python3.8/site-packages/mypkg-0.0.0-py3.8.egg-info' (and everything under it)
[2.677s] Copying ../../build/mypkg/mypkg.egg-info to /home/redbull/ros2_ws/install/mypkg/lib/python3.8/site-packages/mypkg-0.0.0-py3.8.egg-info
[2.688s] running install_scripts
[2.719s] Installing listener script to /home/redbull/ros2_ws/install/mypkg/lib/mypkg
[2.720s] Installing talker script to /home/redbull/ros2_ws/install/mypkg/lib/mypkg
[2.721s] writing list of installed files to '/home/redbull/ros2_ws/build/mypkg/install.log'
[2.754s] Invoked command in '/home/redbull/ros2_ws/src/mypkg' returned '0': PYTHONPATH=/home/redbull/ros2_ws/build/mypkg/prefix_override:/home/redbull/ros2_ws/install/mypkg/lib/python3.8/site-packages:${PYTHONPATH} /usr/bin/python3 setup.py egg_info --egg-base ../../build/mypkg build --build-base /home/redbull/ros2_ws/build/mypkg/build install --record /home/redbull/ros2_ws/build/mypkg/install.log --install-scripts $base/lib/mypkg --single-version-externally-managed
