[0.267s] Invoking command in '/home/tompsonpiano/ros2_ws/build/person_msgs': CMAKE_PREFIX_PATH=/home/tompsonpiano/ros2_ws/install/mypkg:/opt/ros/foxy /usr/bin/cmake --build /home/tompsonpiano/ros2_ws/build/person_msgs -- -j8 -l8
[0.315s] -- Found ament_cmake: 0.9.12 (/opt/ros/foxy/share/ament_cmake/cmake)
[0.334s] -- Found PythonInterp: /usr/bin/python3 (found suitable version "3.8.10", minimum required is "3") 
[0.334s] -- Using PYTHON_EXECUTABLE: /usr/bin/python3
[0.455s] -- Found rosidl_default_generators: 1.0.1 (/opt/ros/foxy/share/rosidl_default_generators/cmake)
[0.457s] -- Using all available rosidl_typesupport_c: rosidl_typesupport_fastrtps_c;rosidl_typesupport_introspection_c
[0.461s] -- Found rosidl_adapter: 1.3.1 (/opt/ros/foxy/share/rosidl_adapter/cmake)
[1.776s] -- Using all available rosidl_typesupport_cpp: rosidl_typesupport_fastrtps_cpp;rosidl_typesupport_introspection_cpp
[1.811s] -- Found PythonInterp: /usr/bin/python3 (found version "3.8.10") 
[1.892s] -- Found ament_cmake_ros: 0.9.2 (/opt/ros/foxy/share/ament_cmake_ros/cmake)
[2.827s] -- Using all available rosidl_typesupport_c: rosidl_typesupport_fastrtps_c;rosidl_typesupport_introspection_c
[2.833s] -- Using all available rosidl_typesupport_cpp: rosidl_typesupport_fastrtps_cpp;rosidl_typesupport_introspection_cpp
[2.848s] -- Found PythonInterp: /usr/bin/python3 (found suitable version "3.8.10", minimum required is "3.5") 
[2.849s] -- Found python_cmake_module: 0.8.1 (/opt/ros/foxy/share/python_cmake_module/cmake)
[2.866s] -- Using PYTHON_EXECUTABLE: /usr/bin/python3
[2.866s] -- Using PYTHON_INCLUDE_DIRS: /usr/include/python3.8
[2.866s] -- Using PYTHON_LIBRARIES: /usr/lib/x86_64-linux-gnu/libpython3.8.so
[2.875s] -- Found ament_lint_auto: 0.9.8 (/opt/ros/foxy/share/ament_lint_auto/cmake)
[2.906s] -- Added test 'copyright' to check source files copyright and LICENSE
[2.908s] -- Added test 'flake8' to check Python code syntax and style conventions
[2.908s] -- Added test 'lint_cmake' to check CMake code style
[2.909s] -- Added test 'pep257' to check Python code against some of the style conventions in PEP 257
[2.910s] -- Added test 'xmllint' to check XML markup files
[2.913s] -- Configuring done
[2.936s] -- Generating done
[2.939s] -- Build files have been written to: /home/tompsonpiano/ros2_ws/build/person_msgs
[2.959s] [35m[1mScanning dependencies of target person_msgs__rosidl_generator_c[0m
[2.964s] [  2%] Built target person_msgs__cpp
[2.967s] [  5%] [32mBuilding C object CMakeFiles/person_msgs__rosidl_generator_c.dir/rosidl_generator_c/person_msgs/msg/detail/person__functions.c.o[0m
[2.968s] [  7%] [32mBuilding C object CMakeFiles/person_msgs__rosidl_generator_c.dir/rosidl_generator_c/person_msgs/srv/detail/query__functions.c.o[0m
[2.972s] [35m[1mScanning dependencies of target person_msgs__rosidl_typesupport_introspection_cpp[0m
[2.972s] [35m[1mScanning dependencies of target person_msgs__rosidl_typesupport_fastrtps_cpp[0m
[2.973s] [35m[1mScanning dependencies of target person_msgs__rosidl_typesupport_cpp[0m
[2.983s] [ 15%] [32mBuilding CXX object CMakeFiles/person_msgs__rosidl_typesupport_cpp.dir/rosidl_typesupport_cpp/person_msgs/srv/query__type_support.cpp.o[0m
[2.983s] [ 15%] [32mBuilding CXX object CMakeFiles/person_msgs__rosidl_typesupport_introspection_cpp.dir/rosidl_typesupport_introspection_cpp/person_msgs/msg/detail/person__type_support.cpp.o[0m
[2.984s] [ 15%] [32mBuilding CXX object CMakeFiles/person_msgs__rosidl_typesupport_cpp.dir/rosidl_typesupport_cpp/person_msgs/msg/person__type_support.cpp.o[0m
[2.984s] [ 17%] [32mBuilding CXX object CMakeFiles/person_msgs__rosidl_typesupport_introspection_cpp.dir/rosidl_typesupport_introspection_cpp/person_msgs/srv/detail/query__type_support.cpp.o[0m
[2.984s] [ 20%] [32mBuilding CXX object CMakeFiles/person_msgs__rosidl_typesupport_fastrtps_cpp.dir/rosidl_typesupport_fastrtps_cpp/person_msgs/msg/detail/dds_fastrtps/person__type_support.cpp.o[0m
[2.984s] [ 23%] [32mBuilding CXX object CMakeFiles/person_msgs__rosidl_typesupport_fastrtps_cpp.dir/rosidl_typesupport_fastrtps_cpp/person_msgs/srv/detail/dds_fastrtps/query__type_support.cpp.o[0m
[3.089s] [ 25%] [32m[1mLinking C shared library libperson_msgs__rosidl_generator_c.so[0m
[3.149s] [ 28%] Built target person_msgs__rosidl_generator_c
[3.160s] [35m[1mScanning dependencies of target person_msgs__rosidl_typesupport_c[0m
[3.160s] [35m[1mScanning dependencies of target person_msgs__rosidl_typesupport_introspection_c[0m
[3.171s] [ 30%] [32mBuilding C object CMakeFiles/person_msgs__rosidl_typesupport_introspection_c.dir/rosidl_typesupport_introspection_c/person_msgs/msg/detail/person__type_support.c.o[0m
[3.173s] [ 33%] [32mBuilding CXX object CMakeFiles/person_msgs__rosidl_typesupport_c.dir/rosidl_typesupport_c/person_msgs/msg/person__type_support.cpp.o[0m
[3.207s] [ 35%] [32mBuilding C object CMakeFiles/person_msgs__rosidl_typesupport_introspection_c.dir/rosidl_typesupport_introspection_c/person_msgs/srv/detail/query__type_support.c.o[0m
[3.218s] [ 38%] [32mBuilding CXX object CMakeFiles/person_msgs__rosidl_typesupport_c.dir/rosidl_typesupport_c/person_msgs/srv/query__type_support.cpp.o[0m
[3.242s] [ 41%] [32m[1mLinking C shared library libperson_msgs__rosidl_typesupport_introspection_c.so[0m
[3.249s] [ 43%] [32m[1mLinking CXX shared library libperson_msgs__rosidl_typesupport_c.so[0m
[3.292s] [ 46%] Built target person_msgs__rosidl_typesupport_introspection_c
[3.315s] [ 48%] Built target person_msgs__rosidl_typesupport_c
[3.340s] [ 51%] [32m[1mLinking CXX shared library libperson_msgs__rosidl_typesupport_introspection_cpp.so[0m
[3.350s] [ 53%] [32m[1mLinking CXX shared library libperson_msgs__rosidl_typesupport_cpp.so[0m
[3.398s] [ 56%] Built target person_msgs__rosidl_typesupport_introspection_cpp
[3.404s] [ 58%] Built target person_msgs__rosidl_typesupport_cpp
[3.446s] [ 61%] [32m[1mLinking CXX shared library libperson_msgs__rosidl_typesupport_fastrtps_cpp.so[0m
[3.517s] [ 64%] Built target person_msgs__rosidl_typesupport_fastrtps_cpp
[3.523s] [35m[1mScanning dependencies of target person_msgs__rosidl_typesupport_fastrtps_c[0m
[3.531s] [ 66%] [32mBuilding CXX object CMakeFiles/person_msgs__rosidl_typesupport_fastrtps_c.dir/rosidl_typesupport_fastrtps_c/person_msgs/msg/detail/person__type_support_c.cpp.o[0m
[3.531s] [ 69%] [32mBuilding CXX object CMakeFiles/person_msgs__rosidl_typesupport_fastrtps_c.dir/rosidl_typesupport_fastrtps_c/person_msgs/srv/detail/query__type_support_c.cpp.o[0m
[3.813s] [ 71%] [32m[1mLinking CXX shared library libperson_msgs__rosidl_typesupport_fastrtps_c.so[0m
[3.882s] [ 74%] Built target person_msgs__rosidl_typesupport_fastrtps_c
[3.893s] [ 74%] Built target person_msgs
[3.904s] [ 76%] Built target person_msgs__py
[3.912s] [35m[1mScanning dependencies of target person_msgs__python[0m
[3.922s] [ 79%] [32mBuilding C object CMakeFiles/person_msgs__python.dir/rosidl_generator_py/person_msgs/msg/_person_s.c.o[0m
[3.922s] [ 82%] [32mBuilding C object CMakeFiles/person_msgs__python.dir/rosidl_generator_py/person_msgs/srv/_query_s.c.o[0m
[4.017s] [ 84%] [32m[1mLinking C shared library rosidl_generator_py/person_msgs/libperson_msgs__python.so[0m
[4.063s] [ 84%] Built target person_msgs__python
[4.070s] [35m[1mScanning dependencies of target person_msgs__rosidl_typesupport_c__pyext[0m
[4.070s] [35m[1mScanning dependencies of target person_msgs__rosidl_typesupport_introspection_c__pyext[0m
[4.070s] [35m[1mScanning dependencies of target person_msgs__rosidl_typesupport_fastrtps_c__pyext[0m
[4.079s] [ 87%] [32mBuilding C object CMakeFiles/person_msgs__rosidl_typesupport_c__pyext.dir/rosidl_generator_py/person_msgs/_person_msgs_s.ep.rosidl_typesupport_c.c.o[0m
[4.080s] [ 89%] [32mBuilding C object CMakeFiles/person_msgs__rosidl_typesupport_introspection_c__pyext.dir/rosidl_generator_py/person_msgs/_person_msgs_s.ep.rosidl_typesupport_introspection_c.c.o[0m
[4.080s] [ 92%] [32mBuilding C object CMakeFiles/person_msgs__rosidl_typesupport_fastrtps_c__pyext.dir/rosidl_generator_py/person_msgs/_person_msgs_s.ep.rosidl_typesupport_fastrtps_c.c.o[0m
[4.134s] [100%] [32m[1mLinking C shared library rosidl_generator_py/person_msgs/person_msgs_s__rosidl_typesupport_c.cpython-38-x86_64-linux-gnu.so[0m
[4.134s] [100%] [32m[1mLinking C shared library rosidl_generator_py/person_msgs/person_msgs_s__rosidl_typesupport_introspection_c.cpython-38-x86_64-linux-gnu.so[0m
[4.135s] [100%] [32m[1mLinking CXX shared library rosidl_generator_py/person_msgs/person_msgs_s__rosidl_typesupport_fastrtps_c.cpython-38-x86_64-linux-gnu.so[0m
[4.170s] [100%] Built target person_msgs__rosidl_typesupport_introspection_c__pyext
[4.170s] [100%] Built target person_msgs__rosidl_typesupport_c__pyext
[4.188s] [100%] Built target person_msgs__rosidl_typesupport_fastrtps_c__pyext
[4.195s] Invoked command in '/home/tompsonpiano/ros2_ws/build/person_msgs' returned '0': CMAKE_PREFIX_PATH=/home/tompsonpiano/ros2_ws/install/mypkg:/opt/ros/foxy /usr/bin/cmake --build /home/tompsonpiano/ros2_ws/build/person_msgs -- -j8 -l8
[4.242s] Invoking command in '/home/tompsonpiano/ros2_ws/build/person_msgs': CMAKE_PREFIX_PATH=/home/tompsonpiano/ros2_ws/install/mypkg:/opt/ros/foxy /usr/bin/cmake --install /home/tompsonpiano/ros2_ws/build/person_msgs
[4.247s] -- Install configuration: ""
[4.247s] -- Up-to-date: /home/tompsonpiano/ros2_ws/install/person_msgs/share/ament_index/resource_index/rosidl_interfaces/person_msgs
[4.247s] -- Up-to-date: /home/tompsonpiano/ros2_ws/install/person_msgs/include/person_msgs
[4.247s] -- Up-to-date: /home/tompsonpiano/ros2_ws/install/person_msgs/include/person_msgs/srv
[4.247s] -- Up-to-date: /home/tompsonpiano/ros2_ws/install/person_msgs/include/person_msgs/srv/query.h
[4.247s] -- Up-to-date: /home/tompsonpiano/ros2_ws/install/person_msgs/include/person_msgs/srv/detail
[4.248s] -- Up-to-date: /home/tompsonpiano/ros2_ws/install/person_msgs/include/person_msgs/srv/detail/query__functions.c
[4.248s] -- Up-to-date: /home/tompsonpiano/ros2_ws/install/person_msgs/include/person_msgs/srv/detail/query__type_support.h
[4.248s] -- Up-to-date: /home/tompsonpiano/ros2_ws/install/person_msgs/include/person_msgs/srv/detail/query__functions.h
[4.248s] -- Up-to-date: /home/tompsonpiano/ros2_ws/install/person_msgs/include/person_msgs/srv/detail/query__struct.h
[4.248s] -- Up-to-date: /home/tompsonpiano/ros2_ws/install/person_msgs/include/person_msgs/msg
[4.248s] -- Up-to-date: /home/tompsonpiano/ros2_ws/install/person_msgs/include/person_msgs/msg/person.h
[4.248s] -- Up-to-date: /home/tompsonpiano/ros2_ws/install/person_msgs/include/person_msgs/msg/rosidl_generator_c__visibility_control.h
[4.248s] -- Up-to-date: /home/tompsonpiano/ros2_ws/install/person_msgs/include/person_msgs/msg/detail
[4.248s] -- Up-to-date: /home/tompsonpiano/ros2_ws/install/person_msgs/include/person_msgs/msg/detail/person__functions.c
[4.248s] -- Up-to-date: /home/tompsonpiano/ros2_ws/install/person_msgs/include/person_msgs/msg/detail/person__type_support.h
[4.248s] -- Up-to-date: /home/tompsonpiano/ros2_ws/install/person_msgs/include/person_msgs/msg/detail/person__functions.h
[4.249s] -- Up-to-date: /home/tompsonpiano/ros2_ws/install/person_msgs/include/person_msgs/msg/detail/person__struct.h
[4.249s] -- Installing: /home/tompsonpiano/ros2_ws/install/person_msgs/share/person_msgs/environment/library_path.sh
[4.249s] -- Installing: /home/tompsonpiano/ros2_ws/install/person_msgs/share/person_msgs/environment/library_path.dsv
[4.249s] -- Installing: /home/tompsonpiano/ros2_ws/install/person_msgs/lib/libperson_msgs__rosidl_generator_c.so
[4.249s] -- Set runtime path of "/home/tompsonpiano/ros2_ws/install/person_msgs/lib/libperson_msgs__rosidl_generator_c.so" to ""
[4.249s] -- Up-to-date: /home/tompsonpiano/ros2_ws/install/person_msgs/include/person_msgs
[4.249s] -- Up-to-date: /home/tompsonpiano/ros2_ws/install/person_msgs/include/person_msgs/srv
[4.249s] -- Up-to-date: /home/tompsonpiano/ros2_ws/install/person_msgs/include/person_msgs/srv/detail
[4.249s] -- Up-to-date: /home/tompsonpiano/ros2_ws/install/person_msgs/include/person_msgs/srv/detail/query__rosidl_typesupport_fastrtps_c.h
[4.249s] -- Up-to-date: /home/tompsonpiano/ros2_ws/install/person_msgs/include/person_msgs/msg
[4.250s] -- Up-to-date: /home/tompsonpiano/ros2_ws/install/person_msgs/include/person_msgs/msg/rosidl_typesupport_fastrtps_c__visibility_control.h
[4.250s] -- Up-to-date: /home/tompsonpiano/ros2_ws/install/person_msgs/include/person_msgs/msg/detail
[4.250s] -- Up-to-date: /home/tompsonpiano/ros2_ws/install/person_msgs/include/person_msgs/msg/detail/person__rosidl_typesupport_fastrtps_c.h
[4.250s] -- Installing: /home/tompsonpiano/ros2_ws/install/person_msgs/lib/libperson_msgs__rosidl_typesupport_fastrtps_c.so
[4.250s] -- Set runtime path of "/home/tompsonpiano/ros2_ws/install/person_msgs/lib/libperson_msgs__rosidl_typesupport_fastrtps_c.so" to ""
[4.250s] -- Up-to-date: /home/tompsonpiano/ros2_ws/install/person_msgs/include/person_msgs
[4.251s] -- Up-to-date: /home/tompsonpiano/ros2_ws/install/person_msgs/include/person_msgs/srv
[4.251s] -- Up-to-date: /home/tompsonpiano/ros2_ws/install/person_msgs/include/person_msgs/srv/detail
[4.251s] -- Installing: /home/tompsonpiano/ros2_ws/install/person_msgs/include/person_msgs/srv/detail/dds_fastrtps
[4.251s] -- Up-to-date: /home/tompsonpiano/ros2_ws/install/person_msgs/include/person_msgs/srv/detail/query__rosidl_typesupport_fastrtps_cpp.hpp
[4.251s] -- Up-to-date: /home/tompsonpiano/ros2_ws/install/person_msgs/include/person_msgs/msg
[4.251s] -- Up-to-date: /home/tompsonpiano/ros2_ws/install/person_msgs/include/person_msgs/msg/rosidl_typesupport_fastrtps_cpp__visibility_control.h
[4.251s] -- Up-to-date: /home/tompsonpiano/ros2_ws/install/person_msgs/include/person_msgs/msg/detail
[4.251s] -- Installing: /home/tompsonpiano/ros2_ws/install/person_msgs/include/person_msgs/msg/detail/dds_fastrtps
[4.252s] -- Up-to-date: /home/tompsonpiano/ros2_ws/install/person_msgs/include/person_msgs/msg/detail/person__rosidl_typesupport_fastrtps_cpp.hpp
[4.252s] -- Installing: /home/tompsonpiano/ros2_ws/install/person_msgs/lib/libperson_msgs__rosidl_typesupport_fastrtps_cpp.so
[4.252s] -- Set runtime path of "/home/tompsonpiano/ros2_ws/install/person_msgs/lib/libperson_msgs__rosidl_typesupport_fastrtps_cpp.so" to ""
[4.252s] -- Up-to-date: /home/tompsonpiano/ros2_ws/install/person_msgs/include/person_msgs
[4.252s] -- Up-to-date: /home/tompsonpiano/ros2_ws/install/person_msgs/include/person_msgs/srv
[4.252s] -- Up-to-date: /home/tompsonpiano/ros2_ws/install/person_msgs/include/person_msgs/srv/detail
[4.252s] -- Up-to-date: /home/tompsonpiano/ros2_ws/install/person_msgs/include/person_msgs/srv/detail/query__type_support.c
[4.252s] -- Up-to-date: /home/tompsonpiano/ros2_ws/install/person_msgs/include/person_msgs/srv/detail/query__rosidl_typesupport_introspection_c.h
[4.252s] -- Up-to-date: /home/tompsonpiano/ros2_ws/install/person_msgs/include/person_msgs/msg
[4.252s] -- Up-to-date: /home/tompsonpiano/ros2_ws/install/person_msgs/include/person_msgs/msg/rosidl_typesupport_introspection_c__visibility_control.h
[4.252s] -- Up-to-date: /home/tompsonpiano/ros2_ws/install/person_msgs/include/person_msgs/msg/detail
[4.252s] -- Up-to-date: /home/tompsonpiano/ros2_ws/install/person_msgs/include/person_msgs/msg/detail/person__type_support.c
[4.252s] -- Up-to-date: /home/tompsonpiano/ros2_ws/install/person_msgs/include/person_msgs/msg/detail/person__rosidl_typesupport_introspection_c.h
[4.252s] -- Installing: /home/tompsonpiano/ros2_ws/install/person_msgs/lib/libperson_msgs__rosidl_typesupport_introspection_c.so
[4.252s] -- Set runtime path of "/home/tompsonpiano/ros2_ws/install/person_msgs/lib/libperson_msgs__rosidl_typesupport_introspection_c.so" to ""
[4.252s] -- Installing: /home/tompsonpiano/ros2_ws/install/person_msgs/lib/libperson_msgs__rosidl_typesupport_c.so
[4.252s] -- Set runtime path of "/home/tompsonpiano/ros2_ws/install/person_msgs/lib/libperson_msgs__rosidl_typesupport_c.so" to ""
[4.252s] -- Up-to-date: /home/tompsonpiano/ros2_ws/install/person_msgs/include/person_msgs
[4.252s] -- Up-to-date: /home/tompsonpiano/ros2_ws/install/person_msgs/include/person_msgs/srv
[4.252s] -- Up-to-date: /home/tompsonpiano/ros2_ws/install/person_msgs/include/person_msgs/srv/query.hpp
[4.252s] -- Up-to-date: /home/tompsonpiano/ros2_ws/install/person_msgs/include/person_msgs/srv/detail
[4.252s] -- Up-to-date: /home/tompsonpiano/ros2_ws/install/person_msgs/include/person_msgs/srv/detail/query__builder.hpp
[4.252s] -- Up-to-date: /home/tompsonpiano/ros2_ws/install/person_msgs/include/person_msgs/srv/detail/query__struct.hpp
[4.252s] -- Up-to-date: /home/tompsonpiano/ros2_ws/install/person_msgs/include/person_msgs/srv/detail/query__traits.hpp
[4.253s] -- Up-to-date: /home/tompsonpiano/ros2_ws/install/person_msgs/include/person_msgs/srv/detail/query__type_support.hpp
[4.253s] -- Up-to-date: /home/tompsonpiano/ros2_ws/install/person_msgs/include/person_msgs/msg
[4.253s] -- Up-to-date: /home/tompsonpiano/ros2_ws/install/person_msgs/include/person_msgs/msg/person.hpp
[4.253s] -- Up-to-date: /home/tompsonpiano/ros2_ws/install/person_msgs/include/person_msgs/msg/rosidl_generator_cpp__visibility_control.hpp
[4.253s] -- Up-to-date: /home/tompsonpiano/ros2_ws/install/person_msgs/include/person_msgs/msg/detail
[4.253s] -- Up-to-date: /home/tompsonpiano/ros2_ws/install/person_msgs/include/person_msgs/msg/detail/person__builder.hpp
[4.253s] -- Up-to-date: /home/tompsonpiano/ros2_ws/install/person_msgs/include/person_msgs/msg/detail/person__type_support.hpp
[4.253s] -- Up-to-date: /home/tompsonpiano/ros2_ws/install/person_msgs/include/person_msgs/msg/detail/person__traits.hpp
[4.253s] -- Up-to-date: /home/tompsonpiano/ros2_ws/install/person_msgs/include/person_msgs/msg/detail/person__struct.hpp
[4.253s] -- Up-to-date: /home/tompsonpiano/ros2_ws/install/person_msgs/include/person_msgs
[4.253s] -- Up-to-date: /home/tompsonpiano/ros2_ws/install/person_msgs/include/person_msgs/srv
[4.253s] -- Up-to-date: /home/tompsonpiano/ros2_ws/install/person_msgs/include/person_msgs/srv/detail
[4.253s] -- Up-to-date: /home/tompsonpiano/ros2_ws/install/person_msgs/include/person_msgs/srv/detail/query__type_support.cpp
[4.253s] -- Up-to-date: /home/tompsonpiano/ros2_ws/install/person_msgs/include/person_msgs/srv/detail/query__rosidl_typesupport_introspection_cpp.hpp
[4.253s] -- Up-to-date: /home/tompsonpiano/ros2_ws/install/person_msgs/include/person_msgs/msg
[4.253s] -- Up-to-date: /home/tompsonpiano/ros2_ws/install/person_msgs/include/person_msgs/msg/detail
[4.253s] -- Up-to-date: /home/tompsonpiano/ros2_ws/install/person_msgs/include/person_msgs/msg/detail/person__rosidl_typesupport_introspection_cpp.hpp
[4.253s] -- Up-to-date: /home/tompsonpiano/ros2_ws/install/person_msgs/include/person_msgs/msg/detail/person__type_support.cpp
[4.253s] -- Installing: /home/tompsonpiano/ros2_ws/install/person_msgs/lib/libperson_msgs__rosidl_typesupport_introspection_cpp.so
[4.253s] -- Set runtime path of "/home/tompsonpiano/ros2_ws/install/person_msgs/lib/libperson_msgs__rosidl_typesupport_introspection_cpp.so" to ""
[4.253s] -- Installing: /home/tompsonpiano/ros2_ws/install/person_msgs/lib/libperson_msgs__rosidl_typesupport_cpp.so
[4.253s] -- Set runtime path of "/home/tompsonpiano/ros2_ws/install/person_msgs/lib/libperson_msgs__rosidl_typesupport_cpp.so" to ""
[4.253s] -- Up-to-date: /home/tompsonpiano/ros2_ws/install/person_msgs/share/person_msgs/environment/pythonpath.sh
[4.253s] -- Installing: /home/tompsonpiano/ros2_ws/install/person_msgs/share/person_msgs/environment/pythonpath.dsv
[4.253s] -- Installing: /home/tompsonpiano/ros2_ws/install/person_msgs/lib/python3.8/site-packages/person_msgs/__init__.py
[4.272s] Compiling '/home/tompsonpiano/ros2_ws/install/person_msgs/lib/python3.8/site-packages/person_msgs/__init__.py'...
[4.274s] -- Up-to-date: /home/tompsonpiano/ros2_ws/install/person_msgs/lib/python3.8/site-packages/person_msgs/msg
[4.274s] -- Up-to-date: /home/tompsonpiano/ros2_ws/install/person_msgs/lib/python3.8/site-packages/person_msgs/msg/_person.py
[4.274s] -- Up-to-date: /home/tompsonpiano/ros2_ws/install/person_msgs/lib/python3.8/site-packages/person_msgs/msg/_person_s.c
[4.274s] -- Up-to-date: /home/tompsonpiano/ros2_ws/install/person_msgs/lib/python3.8/site-packages/person_msgs/msg/__init__.py
[4.274s] -- Up-to-date: /home/tompsonpiano/ros2_ws/install/person_msgs/lib/python3.8/site-packages/person_msgs/srv
[4.274s] -- Up-to-date: /home/tompsonpiano/ros2_ws/install/person_msgs/lib/python3.8/site-packages/person_msgs/srv/_query_s.c
[4.274s] -- Up-to-date: /home/tompsonpiano/ros2_ws/install/person_msgs/lib/python3.8/site-packages/person_msgs/srv/_query.py
[4.274s] -- Up-to-date: /home/tompsonpiano/ros2_ws/install/person_msgs/lib/python3.8/site-packages/person_msgs/srv/__init__.py
[4.274s] -- Installing: /home/tompsonpiano/ros2_ws/install/person_msgs/lib/python3.8/site-packages/person_msgs/person_msgs_s__rosidl_typesupport_fastrtps_c.cpython-38-x86_64-linux-gnu.so
[4.275s] -- Set runtime path of "/home/tompsonpiano/ros2_ws/install/person_msgs/lib/python3.8/site-packages/person_msgs/person_msgs_s__rosidl_typesupport_fastrtps_c.cpython-38-x86_64-linux-gnu.so" to ""
[4.275s] -- Installing: /home/tompsonpiano/ros2_ws/install/person_msgs/lib/python3.8/site-packages/person_msgs/person_msgs_s__rosidl_typesupport_introspection_c.cpython-38-x86_64-linux-gnu.so
[4.275s] -- Set runtime path of "/home/tompsonpiano/ros2_ws/install/person_msgs/lib/python3.8/site-packages/person_msgs/person_msgs_s__rosidl_typesupport_introspection_c.cpython-38-x86_64-linux-gnu.so" to ""
[4.275s] -- Installing: /home/tompsonpiano/ros2_ws/install/person_msgs/lib/python3.8/site-packages/person_msgs/person_msgs_s__rosidl_typesupport_c.cpython-38-x86_64-linux-gnu.so
[4.276s] -- Set runtime path of "/home/tompsonpiano/ros2_ws/install/person_msgs/lib/python3.8/site-packages/person_msgs/person_msgs_s__rosidl_typesupport_c.cpython-38-x86_64-linux-gnu.so" to ""
[4.276s] -- Installing: /home/tompsonpiano/ros2_ws/install/person_msgs/lib/libperson_msgs__python.so
[4.276s] -- Set runtime path of "/home/tompsonpiano/ros2_ws/install/person_msgs/lib/libperson_msgs__python.so" to ""
[4.276s] -- Up-to-date: /home/tompsonpiano/ros2_ws/install/person_msgs/share/person_msgs/msg/Person.idl
[4.276s] -- Up-to-date: /home/tompsonpiano/ros2_ws/install/person_msgs/share/person_msgs/srv/Query.idl
[4.276s] -- Up-to-date: /home/tompsonpiano/ros2_ws/install/person_msgs/share/person_msgs/msg/Person.msg
[4.277s] -- Up-to-date: /home/tompsonpiano/ros2_ws/install/person_msgs/share/person_msgs/srv/Query.srv
[4.277s] -- Up-to-date: /home/tompsonpiano/ros2_ws/install/person_msgs/share/person_msgs/srv/Query_Request.msg
[4.277s] -- Up-to-date: /home/tompsonpiano/ros2_ws/install/person_msgs/share/person_msgs/srv/Query_Response.msg
[4.277s] -- Up-to-date: /home/tompsonpiano/ros2_ws/install/person_msgs/share/ament_index/resource_index/package_run_dependencies/person_msgs
[4.277s] -- Installing: /home/tompsonpiano/ros2_ws/install/person_msgs/share/ament_index/resource_index/parent_prefix_path/person_msgs
[4.277s] -- Installing: /home/tompsonpiano/ros2_ws/install/person_msgs/share/person_msgs/environment/ament_prefix_path.sh
[4.277s] -- Installing: /home/tompsonpiano/ros2_ws/install/person_msgs/share/person_msgs/environment/ament_prefix_path.dsv
[4.277s] -- Installing: /home/tompsonpiano/ros2_ws/install/person_msgs/share/person_msgs/environment/path.sh
[4.277s] -- Installing: /home/tompsonpiano/ros2_ws/install/person_msgs/share/person_msgs/environment/path.dsv
[4.278s] -- Up-to-date: /home/tompsonpiano/ros2_ws/install/person_msgs/share/person_msgs/local_setup.bash
[4.278s] -- Up-to-date: /home/tompsonpiano/ros2_ws/install/person_msgs/share/person_msgs/local_setup.sh
[4.278s] -- Up-to-date: /home/tompsonpiano/ros2_ws/install/person_msgs/share/person_msgs/local_setup.zsh
[4.278s] -- Installing: /home/tompsonpiano/ros2_ws/install/person_msgs/share/person_msgs/local_setup.dsv
[4.278s] -- Installing: /home/tompsonpiano/ros2_ws/install/person_msgs/share/person_msgs/package.dsv
[4.278s] -- Up-to-date: /home/tompsonpiano/ros2_ws/install/person_msgs/share/ament_index/resource_index/packages/person_msgs
[4.278s] -- Up-to-date: /home/tompsonpiano/ros2_ws/install/person_msgs/share/person_msgs/cmake/person_msgs__rosidl_generator_cExport.cmake
[4.278s] -- Installing: /home/tompsonpiano/ros2_ws/install/person_msgs/share/person_msgs/cmake/person_msgs__rosidl_generator_cExport-noconfig.cmake
[4.278s] -- Up-to-date: /home/tompsonpiano/ros2_ws/install/person_msgs/share/person_msgs/cmake/person_msgs__rosidl_typesupport_introspection_cExport.cmake
[4.278s] -- Installing: /home/tompsonpiano/ros2_ws/install/person_msgs/share/person_msgs/cmake/person_msgs__rosidl_typesupport_introspection_cExport-noconfig.cmake
[4.278s] -- Up-to-date: /home/tompsonpiano/ros2_ws/install/person_msgs/share/person_msgs/cmake/person_msgs__rosidl_typesupport_cExport.cmake
[4.279s] -- Installing: /home/tompsonpiano/ros2_ws/install/person_msgs/share/person_msgs/cmake/person_msgs__rosidl_typesupport_cExport-noconfig.cmake
[4.279s] -- Up-to-date: /home/tompsonpiano/ros2_ws/install/person_msgs/share/person_msgs/cmake/person_msgs__rosidl_generator_cppExport.cmake
[4.279s] -- Up-to-date: /home/tompsonpiano/ros2_ws/install/person_msgs/share/person_msgs/cmake/person_msgs__rosidl_typesupport_introspection_cppExport.cmake
[4.279s] -- Installing: /home/tompsonpiano/ros2_ws/install/person_msgs/share/person_msgs/cmake/person_msgs__rosidl_typesupport_introspection_cppExport-noconfig.cmake
[4.279s] -- Up-to-date: /home/tompsonpiano/ros2_ws/install/person_msgs/share/person_msgs/cmake/person_msgs__rosidl_typesupport_cppExport.cmake
[4.279s] -- Installing: /home/tompsonpiano/ros2_ws/install/person_msgs/share/person_msgs/cmake/person_msgs__rosidl_typesupport_cppExport-noconfig.cmake
[4.279s] -- Up-to-date: /home/tompsonpiano/ros2_ws/install/person_msgs/share/person_msgs/cmake/rosidl_cmake-extras.cmake
[4.279s] -- Up-to-date: /home/tompsonpiano/ros2_ws/install/person_msgs/share/person_msgs/cmake/ament_cmake_export_dependencies-extras.cmake
[4.279s] -- Up-to-date: /home/tompsonpiano/ros2_ws/install/person_msgs/share/person_msgs/cmake/ament_cmake_export_libraries-extras.cmake
[4.280s] -- Up-to-date: /home/tompsonpiano/ros2_ws/install/person_msgs/share/person_msgs/cmake/ament_cmake_export_targets-extras.cmake
[4.281s] -- Up-to-date: /home/tompsonpiano/ros2_ws/install/person_msgs/share/person_msgs/cmake/ament_cmake_export_include_directories-extras.cmake
[4.281s] -- Up-to-date: /home/tompsonpiano/ros2_ws/install/person_msgs/share/person_msgs/cmake/rosidl_cmake_export_typesupport_libraries-extras.cmake
[4.281s] -- Up-to-date: /home/tompsonpiano/ros2_ws/install/person_msgs/share/person_msgs/cmake/rosidl_cmake_export_typesupport_targets-extras.cmake
[4.281s] -- Up-to-date: /home/tompsonpiano/ros2_ws/install/person_msgs/share/person_msgs/cmake/person_msgsConfig.cmake
[4.281s] -- Up-to-date: /home/tompsonpiano/ros2_ws/install/person_msgs/share/person_msgs/cmake/person_msgsConfig-version.cmake
[4.281s] -- Up-to-date: /home/tompsonpiano/ros2_ws/install/person_msgs/share/person_msgs/package.xml
[4.282s] Invoked command in '/home/tompsonpiano/ros2_ws/build/person_msgs' returned '0': CMAKE_PREFIX_PATH=/home/tompsonpiano/ros2_ws/install/mypkg:/opt/ros/foxy /usr/bin/cmake --install /home/tompsonpiano/ros2_ws/build/person_msgs
