[1.054s] DEBUG:colcon:Command line arguments: ['/usr/bin/colcon', 'build']
[1.054s] DEBUG:colcon:Parsed command line arguments: Namespace(allow_overriding=[], ament_cmake_args=None, base_paths=['.'], build_base='build', catkin_cmake_args=None, catkin_skip_building_tests=False, cmake_args=None, cmake_clean_cache=False, cmake_clean_first=False, cmake_force_configure=False, cmake_target=None, cmake_target_skip_unavailable=False, continue_on_error=False, event_handlers=None, executor='parallel', ignore_user_meta=False, install_base='install', log_base=None, log_level=None, main=<bound method BuildVerb.main of <colcon_core.verb.build.BuildVerb object at 0x7f65d65fd5b0>>, merge_install=False, metas=['./colcon.meta'], packages_above=None, packages_above_and_dependencies=None, packages_above_depth=None, packages_end=None, packages_ignore=None, packages_ignore_regex=None, packages_select=None, packages_select_build_failed=False, packages_select_by_dep=None, packages_select_regex=None, packages_select_test_failures=False, packages_skip=None, packages_skip_build_finished=False, packages_skip_by_dep=None, packages_skip_regex=None, packages_skip_test_passed=False, packages_skip_up_to=None, packages_start=None, packages_up_to=None, packages_up_to_regex=None, parallel_workers=8, paths=None, symlink_install=False, test_result_base=None, verb_extension=<colcon_core.verb.build.BuildVerb object at 0x7f65d65fd5b0>, verb_name='build', verb_parser=<colcon_defaults.argument_parser.defaults.DefaultArgumentsDecorator object at 0x7f65d621eca0>)
[1.103s] Level 1:colcon.colcon_core.package_discovery:discover_packages(colcon_meta) check parameters
[1.104s] Level 1:colcon.colcon_core.package_discovery:discover_packages(recursive) check parameters
[1.104s] Level 1:colcon.colcon_core.package_discovery:discover_packages(ignore) check parameters
[1.104s] Level 1:colcon.colcon_core.package_discovery:discover_packages(path) check parameters
[1.104s] Level 1:colcon.colcon_core.package_discovery:discover_packages(colcon_meta) discover
[1.104s] Level 1:colcon.colcon_core.package_discovery:discover_packages(recursive) discover
[1.104s] INFO:colcon.colcon_core.package_discovery:Crawling recursively for packages in '/home/tompsonpiano/ros2_ws'
[1.104s] Level 1:colcon.colcon_core.package_identification:_identify(.) by extensions ['ignore', 'ignore_ament_install']
[1.104s] Level 1:colcon.colcon_core.package_identification:_identify(.) by extension 'ignore'
[1.104s] Level 1:colcon.colcon_core.package_identification:_identify(.) by extension 'ignore_ament_install'
[1.104s] Level 1:colcon.colcon_core.package_identification:_identify(.) by extensions ['colcon_pkg']
[1.104s] Level 1:colcon.colcon_core.package_identification:_identify(.) by extension 'colcon_pkg'
[1.104s] Level 1:colcon.colcon_core.package_identification:_identify(.) by extensions ['colcon_meta']
[1.104s] Level 1:colcon.colcon_core.package_identification:_identify(.) by extension 'colcon_meta'
[1.104s] Level 1:colcon.colcon_core.package_identification:_identify(.) by extensions ['ros']
[1.104s] Level 1:colcon.colcon_core.package_identification:_identify(.) by extension 'ros'
[1.111s] Level 1:colcon.colcon_core.package_identification:_identify(.) by extensions ['cmake', 'python']
[1.111s] Level 1:colcon.colcon_core.package_identification:_identify(.) by extension 'cmake'
[1.111s] Level 1:colcon.colcon_core.package_identification:_identify(.) by extension 'python'
[1.111s] Level 1:colcon.colcon_core.package_identification:_identify(.) by extensions ['python_setup_py']
[1.111s] Level 1:colcon.colcon_core.package_identification:_identify(.) by extension 'python_setup_py'
[1.111s] Level 1:colcon.colcon_core.package_identification:_identify(build) by extensions ['ignore', 'ignore_ament_install']
[1.111s] Level 1:colcon.colcon_core.package_identification:_identify(build) by extension 'ignore'
[1.111s] Level 1:colcon.colcon_core.package_identification:_identify(build) ignored
[1.111s] Level 1:colcon.colcon_core.package_identification:_identify(install) by extensions ['ignore', 'ignore_ament_install']
[1.111s] Level 1:colcon.colcon_core.package_identification:_identify(install) by extension 'ignore'
[1.111s] Level 1:colcon.colcon_core.package_identification:_identify(install) ignored
[1.111s] Level 1:colcon.colcon_core.package_identification:_identify(log) by extensions ['ignore', 'ignore_ament_install']
[1.111s] Level 1:colcon.colcon_core.package_identification:_identify(log) by extension 'ignore'
[1.111s] Level 1:colcon.colcon_core.package_identification:_identify(log) ignored
[1.111s] Level 1:colcon.colcon_core.package_identification:_identify(src) by extensions ['ignore', 'ignore_ament_install']
[1.111s] Level 1:colcon.colcon_core.package_identification:_identify(src) by extension 'ignore'
[1.111s] Level 1:colcon.colcon_core.package_identification:_identify(src) by extension 'ignore_ament_install'
[1.111s] Level 1:colcon.colcon_core.package_identification:_identify(src) by extensions ['colcon_pkg']
[1.111s] Level 1:colcon.colcon_core.package_identification:_identify(src) by extension 'colcon_pkg'
[1.111s] Level 1:colcon.colcon_core.package_identification:_identify(src) by extensions ['colcon_meta']
[1.111s] Level 1:colcon.colcon_core.package_identification:_identify(src) by extension 'colcon_meta'
[1.111s] Level 1:colcon.colcon_core.package_identification:_identify(src) by extensions ['ros']
[1.111s] Level 1:colcon.colcon_core.package_identification:_identify(src) by extension 'ros'
[1.111s] Level 1:colcon.colcon_core.package_identification:_identify(src) by extensions ['cmake', 'python']
[1.111s] Level 1:colcon.colcon_core.package_identification:_identify(src) by extension 'cmake'
[1.111s] Level 1:colcon.colcon_core.package_identification:_identify(src) by extension 'python'
[1.111s] Level 1:colcon.colcon_core.package_identification:_identify(src) by extensions ['python_setup_py']
[1.111s] Level 1:colcon.colcon_core.package_identification:_identify(src) by extension 'python_setup_py'
[1.112s] Level 1:colcon.colcon_core.package_identification:_identify(src/mypkg) by extensions ['ignore', 'ignore_ament_install']
[1.112s] Level 1:colcon.colcon_core.package_identification:_identify(src/mypkg) by extension 'ignore'
[1.112s] Level 1:colcon.colcon_core.package_identification:_identify(src/mypkg) by extension 'ignore_ament_install'
[1.112s] Level 1:colcon.colcon_core.package_identification:_identify(src/mypkg) by extensions ['colcon_pkg']
[1.112s] Level 1:colcon.colcon_core.package_identification:_identify(src/mypkg) by extension 'colcon_pkg'
[1.112s] Level 1:colcon.colcon_core.package_identification:_identify(src/mypkg) by extensions ['colcon_meta']
[1.112s] Level 1:colcon.colcon_core.package_identification:_identify(src/mypkg) by extension 'colcon_meta'
[1.112s] Level 1:colcon.colcon_core.package_identification:_identify(src/mypkg) by extensions ['ros']
[1.112s] Level 1:colcon.colcon_core.package_identification:_identify(src/mypkg) by extension 'ros'
[1.113s] DEBUG:colcon.colcon_core.package_identification:Package 'src/mypkg' with type 'ros.ament_python' and name 'mypkg'
[1.113s] Level 1:colcon.colcon_core.package_identification:_identify(src/person_msgs) by extensions ['ignore', 'ignore_ament_install']
[1.113s] Level 1:colcon.colcon_core.package_identification:_identify(src/person_msgs) by extension 'ignore'
[1.113s] Level 1:colcon.colcon_core.package_identification:_identify(src/person_msgs) by extension 'ignore_ament_install'
[1.113s] Level 1:colcon.colcon_core.package_identification:_identify(src/person_msgs) by extensions ['colcon_pkg']
[1.113s] Level 1:colcon.colcon_core.package_identification:_identify(src/person_msgs) by extension 'colcon_pkg'
[1.113s] Level 1:colcon.colcon_core.package_identification:_identify(src/person_msgs) by extensions ['colcon_meta']
[1.113s] Level 1:colcon.colcon_core.package_identification:_identify(src/person_msgs) by extension 'colcon_meta'
[1.113s] Level 1:colcon.colcon_core.package_identification:_identify(src/person_msgs) by extensions ['ros']
[1.114s] Level 1:colcon.colcon_core.package_identification:_identify(src/person_msgs) by extension 'ros'
[1.114s] DEBUG:colcon.colcon_core.package_identification:Package 'src/person_msgs' with type 'ros.ament_cmake' and name 'person_msgs'
[1.114s] Level 1:colcon.colcon_core.package_discovery:discover_packages(recursive) using defaults
[1.114s] Level 1:colcon.colcon_core.package_discovery:discover_packages(ignore) discover
[1.114s] Level 1:colcon.colcon_core.package_discovery:discover_packages(ignore) using defaults
[1.114s] Level 1:colcon.colcon_core.package_discovery:discover_packages(path) discover
[1.114s] Level 1:colcon.colcon_core.package_discovery:discover_packages(path) using defaults
[1.208s] Level 1:colcon.colcon_core.package_discovery:discover_packages(prefix_path) check parameters
[1.208s] Level 1:colcon.colcon_core.package_discovery:discover_packages(prefix_path) discover
[1.242s] DEBUG:colcon.colcon_installed_package_information.package_discovery:Found 2 installed packages in /home/tompsonpiano/ros2_ws/install
[1.259s] DEBUG:colcon.colcon_installed_package_information.package_discovery:Found 256 installed packages in /opt/ros/foxy
[1.259s] Level 1:colcon.colcon_core.package_discovery:discover_packages(prefix_path) using defaults
[1.338s] Level 5:colcon.colcon_core.verb:set package 'mypkg' build argument 'cmake_args' from command line to 'None'
[1.338s] Level 5:colcon.colcon_core.verb:set package 'mypkg' build argument 'cmake_target' from command line to 'None'
[1.338s] Level 5:colcon.colcon_core.verb:set package 'mypkg' build argument 'cmake_target_skip_unavailable' from command line to 'False'
[1.338s] Level 5:colcon.colcon_core.verb:set package 'mypkg' build argument 'cmake_clean_cache' from command line to 'False'
[1.338s] Level 5:colcon.colcon_core.verb:set package 'mypkg' build argument 'cmake_clean_first' from command line to 'False'
[1.338s] Level 5:colcon.colcon_core.verb:set package 'mypkg' build argument 'cmake_force_configure' from command line to 'False'
[1.338s] Level 5:colcon.colcon_core.verb:set package 'mypkg' build argument 'ament_cmake_args' from command line to 'None'
[1.338s] Level 5:colcon.colcon_core.verb:set package 'mypkg' build argument 'catkin_cmake_args' from command line to 'None'
[1.338s] Level 5:colcon.colcon_core.verb:set package 'mypkg' build argument 'catkin_skip_building_tests' from command line to 'False'
[1.338s] DEBUG:colcon.colcon_core.verb:Building package 'mypkg' with the following arguments: {'ament_cmake_args': None, 'build_base': '/home/tompsonpiano/ros2_ws/build/mypkg', 'catkin_cmake_args': None, 'catkin_skip_building_tests': False, 'cmake_args': None, 'cmake_clean_cache': False, 'cmake_clean_first': False, 'cmake_force_configure': False, 'cmake_target': None, 'cmake_target_skip_unavailable': False, 'install_base': '/home/tompsonpiano/ros2_ws/install/mypkg', 'merge_install': False, 'path': '/home/tompsonpiano/ros2_ws/src/mypkg', 'symlink_install': False, 'test_result_base': None}
[1.354s] Level 5:colcon.colcon_core.verb:set package 'person_msgs' build argument 'cmake_args' from command line to 'None'
[1.354s] Level 5:colcon.colcon_core.verb:set package 'person_msgs' build argument 'cmake_target' from command line to 'None'
[1.354s] Level 5:colcon.colcon_core.verb:set package 'person_msgs' build argument 'cmake_target_skip_unavailable' from command line to 'False'
[1.354s] Level 5:colcon.colcon_core.verb:set package 'person_msgs' build argument 'cmake_clean_cache' from command line to 'False'
[1.354s] Level 5:colcon.colcon_core.verb:set package 'person_msgs' build argument 'cmake_clean_first' from command line to 'False'
[1.354s] Level 5:colcon.colcon_core.verb:set package 'person_msgs' build argument 'cmake_force_configure' from command line to 'False'
[1.354s] Level 5:colcon.colcon_core.verb:set package 'person_msgs' build argument 'ament_cmake_args' from command line to 'None'
[1.354s] Level 5:colcon.colcon_core.verb:set package 'person_msgs' build argument 'catkin_cmake_args' from command line to 'None'
[1.354s] Level 5:colcon.colcon_core.verb:set package 'person_msgs' build argument 'catkin_skip_building_tests' from command line to 'False'
[1.355s] DEBUG:colcon.colcon_core.verb:Building package 'person_msgs' with the following arguments: {'ament_cmake_args': None, 'build_base': '/home/tompsonpiano/ros2_ws/build/person_msgs', 'catkin_cmake_args': None, 'catkin_skip_building_tests': False, 'cmake_args': None, 'cmake_clean_cache': False, 'cmake_clean_first': False, 'cmake_force_configure': False, 'cmake_target': None, 'cmake_target_skip_unavailable': False, 'install_base': '/home/tompsonpiano/ros2_ws/install/person_msgs', 'merge_install': False, 'path': '/home/tompsonpiano/ros2_ws/src/person_msgs', 'symlink_install': False, 'test_result_base': None}
[1.371s] INFO:colcon.colcon_core.executor:Executing jobs using 'parallel' executor
[1.389s] DEBUG:colcon.colcon_parallel_executor.executor.parallel:run_until_complete
[1.389s] INFO:colcon.colcon_ros.task.ament_python.build:Building ROS package in '/home/tompsonpiano/ros2_ws/src/mypkg' with build type 'ament_python'
[1.389s] Level 1:colcon.colcon_core.shell:create_environment_hook('mypkg', 'ament_prefix_path')
[1.407s] INFO:colcon.colcon_core.plugin_system:Skipping extension 'colcon_core.shell.bat': Not used on non-Windows systems
[1.407s] INFO:colcon.colcon_core.shell:Creating environment hook '/home/tompsonpiano/ros2_ws/install/mypkg/share/mypkg/hook/ament_prefix_path.ps1'
[1.407s] INFO:colcon.colcon_core.shell:Creating environment descriptor '/home/tompsonpiano/ros2_ws/install/mypkg/share/mypkg/hook/ament_prefix_path.dsv'
[1.407s] INFO:colcon.colcon_core.shell:Creating environment hook '/home/tompsonpiano/ros2_ws/install/mypkg/share/mypkg/hook/ament_prefix_path.sh'
[1.425s] INFO:colcon.colcon_core.shell:Skip shell extension 'powershell' for command environment: Not usable outside of PowerShell
[1.426s] DEBUG:colcon.colcon_core.shell:Skip shell extension 'dsv' for command environment
[1.482s] INFO:colcon.colcon_ros.task.ament_cmake.build:Building ROS package in '/home/tompsonpiano/ros2_ws/src/person_msgs' with build type 'ament_cmake'
[1.483s] INFO:colcon.colcon_cmake.task.cmake.build:Building CMake package in '/home/tompsonpiano/ros2_ws/src/person_msgs'
[1.505s] INFO:colcon.colcon_core.shell:Skip shell extension 'powershell' for command environment: Not usable outside of PowerShell
[1.505s] DEBUG:colcon.colcon_core.shell:Skip shell extension 'dsv' for command environment
[1.684s] INFO:colcon.colcon_core.task.python.build:Building Python package in '/home/tompsonpiano/ros2_ws/src/mypkg'
[1.705s] INFO:colcon.colcon_core.shell:Skip shell extension 'powershell' for command environment: Not usable outside of PowerShell
[1.705s] DEBUG:colcon.colcon_core.shell:Skip shell extension 'dsv' for command environment
[1.763s] DEBUG:colcon.colcon_core.event_handler.log_command:Invoking command in '/home/tompsonpiano/ros2_ws/build/person_msgs': CMAKE_PREFIX_PATH=${CMAKE_PREFIX_PATH}:/home/tompsonpiano/ros2_ws/install/mypkg:/opt/ros/foxy /usr/bin/cmake /home/tompsonpiano/ros2_ws/src/person_msgs -DCMAKE_INSTALL_PREFIX=/home/tompsonpiano/ros2_ws/install/person_msgs
[2.022s] DEBUG:colcon.colcon_core.event_handler.log_command:Invoking command in '/home/tompsonpiano/ros2_ws/src/mypkg': PYTHONPATH=/home/tompsonpiano/ros2_ws/build/mypkg/prefix_override:/home/tompsonpiano/ros2_ws/install/mypkg/lib/python3.8/site-packages:${PYTHONPATH} /usr/bin/python3 setup.py egg_info --egg-base ../../build/mypkg build --build-base /home/tompsonpiano/ros2_ws/build/mypkg/build install --record /home/tompsonpiano/ros2_ws/build/mypkg/install.log --install-scripts $base/lib/mypkg --single-version-externally-managed
[2.216s] DEBUG:colcon.colcon_core.event_handler.log_command:Invoked command in '/home/tompsonpiano/ros2_ws/src/mypkg' returned '0': PYTHONPATH=/home/tompsonpiano/ros2_ws/build/mypkg/prefix_override:/home/tompsonpiano/ros2_ws/install/mypkg/lib/python3.8/site-packages:${PYTHONPATH} /usr/bin/python3 setup.py egg_info --egg-base ../../build/mypkg build --build-base /home/tompsonpiano/ros2_ws/build/mypkg/build install --record /home/tompsonpiano/ros2_ws/build/mypkg/install.log --install-scripts $base/lib/mypkg --single-version-externally-managed
[2.240s] Level 1:colcon.colcon_core.environment:checking '/home/tompsonpiano/ros2_ws/install/mypkg' for CMake module files
[2.240s] Level 1:colcon.colcon_core.environment:checking '/home/tompsonpiano/ros2_ws/install/mypkg' for CMake config files
[2.241s] Level 1:colcon.colcon_core.environment:checking '/home/tompsonpiano/ros2_ws/install/mypkg/lib'
[2.241s] Level 1:colcon.colcon_core.environment:checking '/home/tompsonpiano/ros2_ws/install/mypkg/bin'
[2.241s] Level 1:colcon.colcon_core.environment:checking '/home/tompsonpiano/ros2_ws/install/mypkg/lib/pkgconfig/mypkg.pc'
[2.241s] Level 1:colcon.colcon_core.environment:checking '/home/tompsonpiano/ros2_ws/install/mypkg/lib/python3.8/site-packages'
[2.241s] Level 1:colcon.colcon_core.shell:create_environment_hook('mypkg', 'pythonpath')
[2.262s] INFO:colcon.colcon_core.shell:Creating environment hook '/home/tompsonpiano/ros2_ws/install/mypkg/share/mypkg/hook/pythonpath.ps1'
[2.262s] INFO:colcon.colcon_core.shell:Creating environment descriptor '/home/tompsonpiano/ros2_ws/install/mypkg/share/mypkg/hook/pythonpath.dsv'
[2.262s] INFO:colcon.colcon_core.shell:Creating environment hook '/home/tompsonpiano/ros2_ws/install/mypkg/share/mypkg/hook/pythonpath.sh'
[2.263s] Level 1:colcon.colcon_core.environment:checking '/home/tompsonpiano/ros2_ws/install/mypkg/bin'
[2.263s] Level 1:colcon.colcon_core.environment:create_environment_scripts_only(mypkg)
[2.282s] INFO:colcon.colcon_core.shell:Creating package script '/home/tompsonpiano/ros2_ws/install/mypkg/share/mypkg/package.ps1'
[2.283s] INFO:colcon.colcon_core.shell:Creating package descriptor '/home/tompsonpiano/ros2_ws/install/mypkg/share/mypkg/package.dsv'
[2.283s] INFO:colcon.colcon_core.shell:Creating package script '/home/tompsonpiano/ros2_ws/install/mypkg/share/mypkg/package.sh'
[2.284s] INFO:colcon.colcon_core.shell:Creating package script '/home/tompsonpiano/ros2_ws/install/mypkg/share/mypkg/package.bash'
[2.285s] INFO:colcon.colcon_core.shell:Creating package script '/home/tompsonpiano/ros2_ws/install/mypkg/share/mypkg/package.zsh'
[2.285s] Level 1:colcon.colcon_core.environment:create_file_with_runtime_dependencies(/home/tompsonpiano/ros2_ws/install/mypkg/share/colcon-core/packages/mypkg)
[5.674s] DEBUG:colcon.colcon_core.event_handler.log_command:Invoked command in '/home/tompsonpiano/ros2_ws/build/person_msgs' returned '0': CMAKE_PREFIX_PATH=${CMAKE_PREFIX_PATH}:/home/tompsonpiano/ros2_ws/install/mypkg:/opt/ros/foxy /usr/bin/cmake /home/tompsonpiano/ros2_ws/src/person_msgs -DCMAKE_INSTALL_PREFIX=/home/tompsonpiano/ros2_ws/install/person_msgs
[5.675s] DEBUG:colcon.colcon_core.event_handler.log_command:Invoking command in '/home/tompsonpiano/ros2_ws/build/person_msgs': CMAKE_PREFIX_PATH=${CMAKE_PREFIX_PATH}:/home/tompsonpiano/ros2_ws/install/mypkg:/opt/ros/foxy /usr/bin/cmake --build /home/tompsonpiano/ros2_ws/build/person_msgs -- -j8 -l8
[7.692s] DEBUG:colcon.colcon_core.event_handler.log_command:Invoked command in '/home/tompsonpiano/ros2_ws/build/person_msgs' returned '0': CMAKE_PREFIX_PATH=${CMAKE_PREFIX_PATH}:/home/tompsonpiano/ros2_ws/install/mypkg:/opt/ros/foxy /usr/bin/cmake --build /home/tompsonpiano/ros2_ws/build/person_msgs -- -j8 -l8
[7.742s] DEBUG:colcon.colcon_core.event_handler.log_command:Invoking command in '/home/tompsonpiano/ros2_ws/build/person_msgs': CMAKE_PREFIX_PATH=${CMAKE_PREFIX_PATH}:/home/tompsonpiano/ros2_ws/install/mypkg:/opt/ros/foxy /usr/bin/cmake --install /home/tompsonpiano/ros2_ws/build/person_msgs
[7.789s] Level 1:colcon.colcon_core.environment:create_environment_scripts_only(person_msgs)
[7.790s] DEBUG:colcon.colcon_core.event_handler.log_command:Invoked command in '/home/tompsonpiano/ros2_ws/build/person_msgs' returned '0': CMAKE_PREFIX_PATH=${CMAKE_PREFIX_PATH}:/home/tompsonpiano/ros2_ws/install/mypkg:/opt/ros/foxy /usr/bin/cmake --install /home/tompsonpiano/ros2_ws/build/person_msgs
[7.807s] Level 1:colcon.colcon_core.environment:checking '/home/tompsonpiano/ros2_ws/install/person_msgs' for CMake module files
[7.808s] Level 1:colcon.colcon_core.environment:checking '/home/tompsonpiano/ros2_ws/install/person_msgs' for CMake config files
[7.808s] Level 1:colcon.colcon_core.shell:create_environment_hook('person_msgs', 'cmake_prefix_path')
[7.826s] INFO:colcon.colcon_core.shell:Creating environment hook '/home/tompsonpiano/ros2_ws/install/person_msgs/share/person_msgs/hook/cmake_prefix_path.ps1'
[7.827s] INFO:colcon.colcon_core.shell:Creating environment descriptor '/home/tompsonpiano/ros2_ws/install/person_msgs/share/person_msgs/hook/cmake_prefix_path.dsv'
[7.827s] INFO:colcon.colcon_core.shell:Creating environment hook '/home/tompsonpiano/ros2_ws/install/person_msgs/share/person_msgs/hook/cmake_prefix_path.sh'
[7.827s] Level 1:colcon.colcon_core.environment:checking '/home/tompsonpiano/ros2_ws/install/person_msgs/lib'
[7.827s] Level 1:colcon.colcon_core.shell:create_environment_hook('person_msgs', 'ld_library_path_lib')
[7.844s] INFO:colcon.colcon_core.shell:Creating environment hook '/home/tompsonpiano/ros2_ws/install/person_msgs/share/person_msgs/hook/ld_library_path_lib.ps1'
[7.845s] INFO:colcon.colcon_core.shell:Creating environment descriptor '/home/tompsonpiano/ros2_ws/install/person_msgs/share/person_msgs/hook/ld_library_path_lib.dsv'
[7.845s] INFO:colcon.colcon_core.shell:Creating environment hook '/home/tompsonpiano/ros2_ws/install/person_msgs/share/person_msgs/hook/ld_library_path_lib.sh'
[7.845s] Level 1:colcon.colcon_core.environment:checking '/home/tompsonpiano/ros2_ws/install/person_msgs/bin'
[7.845s] Level 1:colcon.colcon_core.environment:checking '/home/tompsonpiano/ros2_ws/install/person_msgs/lib/pkgconfig/person_msgs.pc'
[7.845s] Level 1:colcon.colcon_core.environment:checking '/home/tompsonpiano/ros2_ws/install/person_msgs/lib/python3.8/site-packages'
[7.845s] Level 1:colcon.colcon_core.shell:create_environment_hook('person_msgs', 'pythonpath')
[7.863s] INFO:colcon.colcon_core.shell:Creating environment hook '/home/tompsonpiano/ros2_ws/install/person_msgs/share/person_msgs/hook/pythonpath.ps1'
[7.863s] INFO:colcon.colcon_core.shell:Creating environment descriptor '/home/tompsonpiano/ros2_ws/install/person_msgs/share/person_msgs/hook/pythonpath.dsv'
[7.863s] INFO:colcon.colcon_core.shell:Creating environment hook '/home/tompsonpiano/ros2_ws/install/person_msgs/share/person_msgs/hook/pythonpath.sh'
[7.864s] Level 1:colcon.colcon_core.environment:checking '/home/tompsonpiano/ros2_ws/install/person_msgs/bin'
[7.881s] INFO:colcon.colcon_core.shell:Creating package script '/home/tompsonpiano/ros2_ws/install/person_msgs/share/person_msgs/package.ps1'
[7.881s] INFO:colcon.colcon_core.shell:Creating package descriptor '/home/tompsonpiano/ros2_ws/install/person_msgs/share/person_msgs/package.dsv'
[7.881s] INFO:colcon.colcon_core.shell:Creating package script '/home/tompsonpiano/ros2_ws/install/person_msgs/share/person_msgs/package.sh'
[7.882s] INFO:colcon.colcon_core.shell:Creating package script '/home/tompsonpiano/ros2_ws/install/person_msgs/share/person_msgs/package.bash'
[7.882s] INFO:colcon.colcon_core.shell:Creating package script '/home/tompsonpiano/ros2_ws/install/person_msgs/share/person_msgs/package.zsh'
[7.882s] Level 1:colcon.colcon_core.environment:create_file_with_runtime_dependencies(/home/tompsonpiano/ros2_ws/install/person_msgs/share/colcon-core/packages/person_msgs)
[7.947s] Level 1:colcon.colcon_core.environment:create_environment_scripts_only(person_msgs)
[7.964s] Level 1:colcon.colcon_core.environment:checking '/home/tompsonpiano/ros2_ws/install/person_msgs' for CMake module files
[7.965s] Level 1:colcon.colcon_core.environment:checking '/home/tompsonpiano/ros2_ws/install/person_msgs' for CMake config files
[7.965s] Level 1:colcon.colcon_core.shell:create_environment_hook('person_msgs', 'cmake_prefix_path')
[7.982s] INFO:colcon.colcon_core.shell:Creating environment hook '/home/tompsonpiano/ros2_ws/install/person_msgs/share/person_msgs/hook/cmake_prefix_path.ps1'
[7.983s] INFO:colcon.colcon_core.shell:Creating environment descriptor '/home/tompsonpiano/ros2_ws/install/person_msgs/share/person_msgs/hook/cmake_prefix_path.dsv'
[7.983s] INFO:colcon.colcon_core.shell:Creating environment hook '/home/tompsonpiano/ros2_ws/install/person_msgs/share/person_msgs/hook/cmake_prefix_path.sh'
[7.983s] Level 1:colcon.colcon_core.environment:checking '/home/tompsonpiano/ros2_ws/install/person_msgs/lib'
[7.983s] Level 1:colcon.colcon_core.shell:create_environment_hook('person_msgs', 'ld_library_path_lib')
[8.000s] INFO:colcon.colcon_core.shell:Creating environment hook '/home/tompsonpiano/ros2_ws/install/person_msgs/share/person_msgs/hook/ld_library_path_lib.ps1'
[8.000s] INFO:colcon.colcon_core.shell:Creating environment descriptor '/home/tompsonpiano/ros2_ws/install/person_msgs/share/person_msgs/hook/ld_library_path_lib.dsv'
[8.001s] INFO:colcon.colcon_core.shell:Creating environment hook '/home/tompsonpiano/ros2_ws/install/person_msgs/share/person_msgs/hook/ld_library_path_lib.sh'
[8.001s] Level 1:colcon.colcon_core.environment:checking '/home/tompsonpiano/ros2_ws/install/person_msgs/bin'
[8.001s] Level 1:colcon.colcon_core.environment:checking '/home/tompsonpiano/ros2_ws/install/person_msgs/lib/pkgconfig/person_msgs.pc'
[8.001s] Level 1:colcon.colcon_core.environment:checking '/home/tompsonpiano/ros2_ws/install/person_msgs/lib/python3.8/site-packages'
[8.001s] Level 1:colcon.colcon_core.shell:create_environment_hook('person_msgs', 'pythonpath')
[8.023s] INFO:colcon.colcon_core.shell:Creating environment hook '/home/tompsonpiano/ros2_ws/install/person_msgs/share/person_msgs/hook/pythonpath.ps1'
[8.024s] INFO:colcon.colcon_core.shell:Creating environment descriptor '/home/tompsonpiano/ros2_ws/install/person_msgs/share/person_msgs/hook/pythonpath.dsv'
[8.024s] INFO:colcon.colcon_core.shell:Creating environment hook '/home/tompsonpiano/ros2_ws/install/person_msgs/share/person_msgs/hook/pythonpath.sh'
[8.024s] Level 1:colcon.colcon_core.environment:checking '/home/tompsonpiano/ros2_ws/install/person_msgs/bin'
[8.042s] INFO:colcon.colcon_core.shell:Creating package script '/home/tompsonpiano/ros2_ws/install/person_msgs/share/person_msgs/package.ps1'
[8.043s] INFO:colcon.colcon_core.shell:Creating package descriptor '/home/tompsonpiano/ros2_ws/install/person_msgs/share/person_msgs/package.dsv'
[8.043s] INFO:colcon.colcon_core.shell:Creating package script '/home/tompsonpiano/ros2_ws/install/person_msgs/share/person_msgs/package.sh'
[8.043s] INFO:colcon.colcon_core.shell:Creating package script '/home/tompsonpiano/ros2_ws/install/person_msgs/share/person_msgs/package.bash'
[8.043s] INFO:colcon.colcon_core.shell:Creating package script '/home/tompsonpiano/ros2_ws/install/person_msgs/share/person_msgs/package.zsh'
[8.044s] Level 1:colcon.colcon_core.environment:create_file_with_runtime_dependencies(/home/tompsonpiano/ros2_ws/install/person_msgs/share/colcon-core/packages/person_msgs)
[8.044s] DEBUG:colcon.colcon_parallel_executor.executor.parallel:closing loop
[8.044s] DEBUG:colcon.colcon_parallel_executor.executor.parallel:loop closed
[8.044s] DEBUG:colcon.colcon_parallel_executor.executor.parallel:run_until_complete finished with '0'
[8.044s] DEBUG:colcon.colcon_core.event_reactor:joining thread
[8.088s] INFO:colcon.colcon_core.plugin_system:Skipping extension 'colcon_notification.desktop_notification.notify_send': Could not find 'notify-send'
[8.089s] INFO:colcon.colcon_core.plugin_system:Skipping extension 'colcon_notification.desktop_notification.terminal_notifier': Not used on non-Darwin systems
[8.089s] INFO:colcon.colcon_core.plugin_system:Skipping extension 'colcon_notification.desktop_notification.win32': Not used on non-Windows systems
[8.089s] INFO:colcon.colcon_notification.desktop_notification:Sending desktop notification using 'notify2'
[8.089s] DEBUG:colcon.colcon_notification.desktop_notification.notify2:Failed to initialize notify2: org.freedesktop.DBus.Error.NotSupported: Unable to autolaunch a dbus-daemon without a $DISPLAY for X11
[8.089s] DEBUG:colcon.colcon_core.event_reactor:joined thread
[8.107s] INFO:colcon.colcon_core.shell:Creating prefix script '/home/tompsonpiano/ros2_ws/install/local_setup.ps1'
[8.108s] INFO:colcon.colcon_core.shell:Creating prefix util module '/home/tompsonpiano/ros2_ws/install/_local_setup_util_ps1.py'
[8.108s] INFO:colcon.colcon_core.shell:Creating prefix chain script '/home/tompsonpiano/ros2_ws/install/setup.ps1'
[8.133s] INFO:colcon.colcon_core.shell:Creating prefix script '/home/tompsonpiano/ros2_ws/install/local_setup.sh'
[8.133s] INFO:colcon.colcon_core.shell:Creating prefix util module '/home/tompsonpiano/ros2_ws/install/_local_setup_util_sh.py'
[8.134s] INFO:colcon.colcon_core.shell:Creating prefix chain script '/home/tompsonpiano/ros2_ws/install/setup.sh'
[8.152s] INFO:colcon.colcon_core.shell:Creating prefix script '/home/tompsonpiano/ros2_ws/install/local_setup.bash'
[8.152s] INFO:colcon.colcon_core.shell:Creating prefix chain script '/home/tompsonpiano/ros2_ws/install/setup.bash'
[8.170s] INFO:colcon.colcon_core.shell:Creating prefix script '/home/tompsonpiano/ros2_ws/install/local_setup.zsh'
[8.171s] INFO:colcon.colcon_core.shell:Creating prefix chain script '/home/tompsonpiano/ros2_ws/install/setup.zsh'
