[0.280s] Invoking command in '/home/tompsonpiano/ros2_ws/build/person_msgs': CMAKE_PREFIX_PATH=${CMAKE_PREFIX_PATH}:/home/tompsonpiano/ros2_ws/install/mypkg:/opt/ros/foxy /usr/bin/cmake /home/tompsonpiano/ros2_ws/src/person_msgs -DCMAKE_INSTALL_PREFIX=/home/tompsonpiano/ros2_ws/install/person_msgs
[0.583s] -- The C compiler identification is GNU 9.4.0
[0.863s] -- The CXX compiler identification is GNU 9.4.0
[0.939s] -- Check for working C compiler: /usr/bin/cc
[1.029s] -- Check for working C compiler: /usr/bin/cc -- works
[1.033s] -- Detecting C compiler ABI info
[1.116s] -- Detecting C compiler ABI info - done
[1.125s] -- Detecting C compile features
[1.125s] -- Detecting C compile features - done
[1.129s] -- Check for working CXX compiler: /usr/bin/c++
[1.232s] -- Check for working CXX compiler: /usr/bin/c++ -- works
[1.233s] -- Detecting CXX compiler ABI info
[1.320s] -- Detecting CXX compiler ABI info - done
[1.329s] -- Detecting CXX compile features
[1.329s] -- Detecting CXX compile features - done
[1.338s] -- Found ament_cmake: 0.9.12 (/opt/ros/foxy/share/ament_cmake/cmake)
[1.365s] -- Found PythonInterp: /usr/bin/python3 (found suitable version "3.8.10", minimum required is "3") 
[1.365s] -- Using PYTHON_EXECUTABLE: /usr/bin/python3
[1.516s] -- Found rosidl_default_generators: 1.0.1 (/opt/ros/foxy/share/rosidl_default_generators/cmake)
[1.522s] -- Using all available rosidl_typesupport_c: rosidl_typesupport_fastrtps_c;rosidl_typesupport_introspection_c
[1.533s] -- Found rosidl_adapter: 1.3.1 (/opt/ros/foxy/share/rosidl_adapter/cmake)
[1.941s] -- Found OpenSSL: /usr/lib/x86_64-linux-gnu/libcrypto.so (found version "1.1.1f")  
[2.206s] -- Found FastRTPS: /opt/ros/foxy/include  
[2.751s] -- Using all available rosidl_typesupport_cpp: rosidl_typesupport_fastrtps_cpp;rosidl_typesupport_introspection_cpp
[2.795s] -- Found PythonInterp: /usr/bin/python3 (found version "3.8.10") 
[2.880s] -- Found ament_cmake_ros: 0.9.2 (/opt/ros/foxy/share/ament_cmake_ros/cmake)
[3.895s] -- Using all available rosidl_typesupport_c: rosidl_typesupport_fastrtps_c;rosidl_typesupport_introspection_c
[3.902s] -- Using all available rosidl_typesupport_cpp: rosidl_typesupport_fastrtps_cpp;rosidl_typesupport_introspection_cpp
[3.918s] -- Found PythonInterp: /usr/bin/python3 (found suitable version "3.8.10", minimum required is "3.5") 
[3.920s] -- Found python_cmake_module: 0.8.1 (/opt/ros/foxy/share/python_cmake_module/cmake)
[4.053s] -- Found PythonLibs: /usr/lib/x86_64-linux-gnu/libpython3.8.so (found suitable version "3.8.10", minimum required is "3.5") 
[4.053s] -- Using PYTHON_EXECUTABLE: /usr/bin/python3
[4.053s] -- Using PYTHON_INCLUDE_DIRS: /usr/include/python3.8
[4.053s] -- Using PYTHON_LIBRARIES: /usr/lib/x86_64-linux-gnu/libpython3.8.so
[4.067s] -- Found PythonExtra: .so  
[4.113s] -- Found ament_lint_auto: 0.9.8 (/opt/ros/foxy/share/ament_lint_auto/cmake)
[4.157s] -- Added test 'copyright' to check source files copyright and LICENSE
[4.160s] -- Added test 'lint_cmake' to check CMake code style
[4.162s] -- Added test 'xmllint' to check XML markup files
[4.166s] -- Configuring done
[4.183s] -- Generating done
[4.184s] -- Build files have been written to: /home/tompsonpiano/ros2_ws/build/person_msgs
[4.191s] Invoked command in '/home/tompsonpiano/ros2_ws/build/person_msgs' returned '0': CMAKE_PREFIX_PATH=${CMAKE_PREFIX_PATH}:/home/tompsonpiano/ros2_ws/install/mypkg:/opt/ros/foxy /usr/bin/cmake /home/tompsonpiano/ros2_ws/src/person_msgs -DCMAKE_INSTALL_PREFIX=/home/tompsonpiano/ros2_ws/install/person_msgs
[4.192s] Invoking command in '/home/tompsonpiano/ros2_ws/build/person_msgs': CMAKE_PREFIX_PATH=${CMAKE_PREFIX_PATH}:/home/tompsonpiano/ros2_ws/install/mypkg:/opt/ros/foxy /usr/bin/cmake --build /home/tompsonpiano/ros2_ws/build/person_msgs -- -j8 -l8
[4.217s] [35m[1mScanning dependencies of target person_msgs__cpp[0m
[4.217s] [  3%] [34m[1mGenerating C code for ROS interfaces[0m
[4.225s] [  6%] [34m[1mGenerating C++ code for ROS interfaces[0m
[4.371s] [35m[1mScanning dependencies of target person_msgs__rosidl_generator_c[0m
[4.372s] [  6%] Built target person_msgs__cpp
[4.380s] [  9%] [34m[1mGenerating C++ introspection for ROS interfaces[0m
[4.381s] [ 12%] [34m[1mGenerating C++ type support dispatch for ROS interfaces[0m
[4.381s] [ 16%] [34m[1mGenerating C++ type support for eProsima Fast-RTPS[0m
[4.384s] [ 19%] [32mBuilding C object CMakeFiles/person_msgs__rosidl_generator_c.dir/rosidl_generator_c/person_msgs/msg/detail/person__functions.c.o[0m
[4.450s] [ 22%] [32m[1mLinking C shared library libperson_msgs__rosidl_generator_c.so[0m
[4.499s] [ 22%] Built target person_msgs__rosidl_generator_c
[4.506s] [ 25%] [34m[1mGenerating C type support dispatch for ROS interfaces[0m
[4.507s] [ 29%] [34m[1mGenerating C introspection for ROS interfaces[0m
[4.574s] [35m[1mScanning dependencies of target person_msgs__rosidl_typesupport_fastrtps_cpp[0m
[4.585s] [35m[1mScanning dependencies of target person_msgs__rosidl_typesupport_cpp[0m
[4.587s] [35m[1mScanning dependencies of target person_msgs__rosidl_typesupport_introspection_cpp[0m
[4.591s] [ 32%] [32mBuilding CXX object CMakeFiles/person_msgs__rosidl_typesupport_fastrtps_cpp.dir/rosidl_typesupport_fastrtps_cpp/person_msgs/msg/detail/dds_fastrtps/person__type_support.cpp.o[0m
[4.596s] [ 35%] [32mBuilding CXX object CMakeFiles/person_msgs__rosidl_typesupport_cpp.dir/rosidl_typesupport_cpp/person_msgs/msg/person__type_support.cpp.o[0m
[4.599s] [ 38%] [32mBuilding CXX object CMakeFiles/person_msgs__rosidl_typesupport_introspection_cpp.dir/rosidl_typesupport_introspection_cpp/person_msgs/msg/detail/person__type_support.cpp.o[0m
[4.676s] [35m[1mScanning dependencies of target person_msgs__rosidl_typesupport_c[0m
[4.684s] [ 41%] [32mBuilding CXX object CMakeFiles/person_msgs__rosidl_typesupport_c.dir/rosidl_typesupport_c/person_msgs/msg/person__type_support.cpp.o[0m
[4.709s] [35m[1mScanning dependencies of target person_msgs__rosidl_typesupport_introspection_c[0m
[4.709s] [ 45%] [32m[1mLinking CXX shared library libperson_msgs__rosidl_typesupport_c.so[0m
[4.725s] [ 48%] [32mBuilding C object CMakeFiles/person_msgs__rosidl_typesupport_introspection_c.dir/rosidl_typesupport_introspection_c/person_msgs/msg/detail/person__type_support.c.o[0m
[4.759s] [ 51%] [32m[1mLinking C shared library libperson_msgs__rosidl_typesupport_introspection_c.so[0m
[4.770s] [ 51%] Built target person_msgs__rosidl_typesupport_c
[4.799s] [ 51%] Built target person_msgs__rosidl_typesupport_introspection_c
[4.887s] [ 54%] [32m[1mLinking CXX shared library libperson_msgs__rosidl_typesupport_cpp.so[0m
[4.908s] [ 58%] [32m[1mLinking CXX shared library libperson_msgs__rosidl_typesupport_introspection_cpp.so[0m
[4.949s] [ 58%] Built target person_msgs__rosidl_typesupport_cpp
[4.956s] [ 61%] [32m[1mLinking CXX shared library libperson_msgs__rosidl_typesupport_fastrtps_cpp.so[0m
[4.981s] [ 61%] Built target person_msgs__rosidl_typesupport_introspection_cpp
[5.045s] [ 61%] Built target person_msgs__rosidl_typesupport_fastrtps_cpp
[5.051s] [ 64%] [34m[1mGenerating C type support for eProsima Fast-RTPS[0m
[5.187s] [35m[1mScanning dependencies of target person_msgs__rosidl_typesupport_fastrtps_c[0m
[5.199s] [ 67%] [32mBuilding CXX object CMakeFiles/person_msgs__rosidl_typesupport_fastrtps_c.dir/rosidl_typesupport_fastrtps_c/person_msgs/msg/detail/person__type_support_c.cpp.o[0m
[5.399s] [ 70%] [32m[1mLinking CXX shared library libperson_msgs__rosidl_typesupport_fastrtps_c.so[0m
[5.486s] [ 70%] Built target person_msgs__rosidl_typesupport_fastrtps_c
[5.493s] [35m[1mScanning dependencies of target person_msgs[0m
[5.500s] [ 70%] Built target person_msgs
[5.507s] [35m[1mScanning dependencies of target person_msgs__py[0m
[5.515s] [ 74%] [34m[1mGenerating Python code for ROS interfaces[0m
[5.867s] [ 74%] Built target person_msgs__py
[5.874s] [35m[1mScanning dependencies of target person_msgs__python[0m
[5.915s] [ 77%] [32mBuilding C object CMakeFiles/person_msgs__python.dir/rosidl_generator_py/person_msgs/msg/_person_s.c.o[0m
[5.994s] [ 80%] [32m[1mLinking C shared library rosidl_generator_py/person_msgs/libperson_msgs__python.so[0m
[6.065s] [ 80%] Built target person_msgs__python
[6.073s] [35m[1mScanning dependencies of target person_msgs__rosidl_typesupport_introspection_c__pyext[0m
[6.075s] [35m[1mScanning dependencies of target person_msgs__rosidl_typesupport_fastrtps_c__pyext[0m
[6.075s] [35m[1mScanning dependencies of target person_msgs__rosidl_typesupport_c__pyext[0m
[6.087s] [ 83%] [32mBuilding C object CMakeFiles/person_msgs__rosidl_typesupport_fastrtps_c__pyext.dir/rosidl_generator_py/person_msgs/_person_msgs_s.ep.rosidl_typesupport_fastrtps_c.c.o[0m
[6.087s] [ 87%] [32mBuilding C object CMakeFiles/person_msgs__rosidl_typesupport_introspection_c__pyext.dir/rosidl_generator_py/person_msgs/_person_msgs_s.ep.rosidl_typesupport_introspection_c.c.o[0m
[6.088s] [ 90%] [32mBuilding C object CMakeFiles/person_msgs__rosidl_typesupport_c__pyext.dir/rosidl_generator_py/person_msgs/_person_msgs_s.ep.rosidl_typesupport_c.c.o[0m
[6.138s] [ 93%] [32m[1mLinking CXX shared library rosidl_generator_py/person_msgs/person_msgs_s__rosidl_typesupport_fastrtps_c.cpython-38-x86_64-linux-gnu.so[0m
[6.138s] [ 96%] [32m[1mLinking C shared library rosidl_generator_py/person_msgs/person_msgs_s__rosidl_typesupport_c.cpython-38-x86_64-linux-gnu.so[0m
[6.139s] [100%] [32m[1mLinking C shared library rosidl_generator_py/person_msgs/person_msgs_s__rosidl_typesupport_introspection_c.cpython-38-x86_64-linux-gnu.so[0m
[6.181s] [100%] Built target person_msgs__rosidl_typesupport_c__pyext
[6.181s] [100%] Built target person_msgs__rosidl_typesupport_introspection_c__pyext
[6.201s] [100%] Built target person_msgs__rosidl_typesupport_fastrtps_c__pyext
[6.209s] Invoked command in '/home/tompsonpiano/ros2_ws/build/person_msgs' returned '0': CMAKE_PREFIX_PATH=${CMAKE_PREFIX_PATH}:/home/tompsonpiano/ros2_ws/install/mypkg:/opt/ros/foxy /usr/bin/cmake --build /home/tompsonpiano/ros2_ws/build/person_msgs -- -j8 -l8
[6.258s] Invoking command in '/home/tompsonpiano/ros2_ws/build/person_msgs': CMAKE_PREFIX_PATH=${CMAKE_PREFIX_PATH}:/home/tompsonpiano/ros2_ws/install/mypkg:/opt/ros/foxy /usr/bin/cmake --install /home/tompsonpiano/ros2_ws/build/person_msgs
[6.264s] -- Install configuration: ""
[6.265s] -- Installing: /home/tompsonpiano/ros2_ws/install/person_msgs/share/ament_index/resource_index/rosidl_interfaces/person_msgs
[6.265s] -- Up-to-date: /home/tompsonpiano/ros2_ws/install/person_msgs/include/person_msgs
[6.265s] -- Up-to-date: /home/tompsonpiano/ros2_ws/install/person_msgs/include/person_msgs/msg
[6.265s] -- Installing: /home/tompsonpiano/ros2_ws/install/person_msgs/include/person_msgs/msg/person.h
[6.265s] -- Installing: /home/tompsonpiano/ros2_ws/install/person_msgs/include/person_msgs/msg/rosidl_generator_c__visibility_control.h
[6.265s] -- Up-to-date: /home/tompsonpiano/ros2_ws/install/person_msgs/include/person_msgs/msg/detail
[6.265s] -- Installing: /home/tompsonpiano/ros2_ws/install/person_msgs/include/person_msgs/msg/detail/person__functions.c
[6.266s] -- Installing: /home/tompsonpiano/ros2_ws/install/person_msgs/include/person_msgs/msg/detail/person__type_support.h
[6.266s] -- Installing: /home/tompsonpiano/ros2_ws/install/person_msgs/include/person_msgs/msg/detail/person__functions.h
[6.266s] -- Installing: /home/tompsonpiano/ros2_ws/install/person_msgs/include/person_msgs/msg/detail/person__struct.h
[6.266s] -- Installing: /home/tompsonpiano/ros2_ws/install/person_msgs/share/person_msgs/environment/library_path.sh
[6.266s] -- Installing: /home/tompsonpiano/ros2_ws/install/person_msgs/share/person_msgs/environment/library_path.dsv
[6.266s] -- Installing: /home/tompsonpiano/ros2_ws/install/person_msgs/lib/libperson_msgs__rosidl_generator_c.so
[6.266s] -- Set runtime path of "/home/tompsonpiano/ros2_ws/install/person_msgs/lib/libperson_msgs__rosidl_generator_c.so" to ""
[6.266s] -- Up-to-date: /home/tompsonpiano/ros2_ws/install/person_msgs/include/person_msgs
[6.266s] -- Up-to-date: /home/tompsonpiano/ros2_ws/install/person_msgs/include/person_msgs/msg
[6.266s] -- Installing: /home/tompsonpiano/ros2_ws/install/person_msgs/include/person_msgs/msg/rosidl_typesupport_fastrtps_c__visibility_control.h
[6.267s] -- Up-to-date: /home/tompsonpiano/ros2_ws/install/person_msgs/include/person_msgs/msg/detail
[6.267s] -- Installing: /home/tompsonpiano/ros2_ws/install/person_msgs/include/person_msgs/msg/detail/person__rosidl_typesupport_fastrtps_c.h
[6.267s] -- Installing: /home/tompsonpiano/ros2_ws/install/person_msgs/lib/libperson_msgs__rosidl_typesupport_fastrtps_c.so
[6.267s] -- Set runtime path of "/home/tompsonpiano/ros2_ws/install/person_msgs/lib/libperson_msgs__rosidl_typesupport_fastrtps_c.so" to ""
[6.267s] -- Up-to-date: /home/tompsonpiano/ros2_ws/install/person_msgs/include/person_msgs
[6.268s] -- Up-to-date: /home/tompsonpiano/ros2_ws/install/person_msgs/include/person_msgs/msg
[6.268s] -- Installing: /home/tompsonpiano/ros2_ws/install/person_msgs/include/person_msgs/msg/rosidl_typesupport_fastrtps_cpp__visibility_control.h
[6.268s] -- Up-to-date: /home/tompsonpiano/ros2_ws/install/person_msgs/include/person_msgs/msg/detail
[6.268s] -- Installing: /home/tompsonpiano/ros2_ws/install/person_msgs/include/person_msgs/msg/detail/dds_fastrtps
[6.268s] -- Installing: /home/tompsonpiano/ros2_ws/install/person_msgs/include/person_msgs/msg/detail/person__rosidl_typesupport_fastrtps_cpp.hpp
[6.268s] -- Installing: /home/tompsonpiano/ros2_ws/install/person_msgs/lib/libperson_msgs__rosidl_typesupport_fastrtps_cpp.so
[6.268s] -- Set runtime path of "/home/tompsonpiano/ros2_ws/install/person_msgs/lib/libperson_msgs__rosidl_typesupport_fastrtps_cpp.so" to ""
[6.268s] -- Up-to-date: /home/tompsonpiano/ros2_ws/install/person_msgs/include/person_msgs
[6.268s] -- Up-to-date: /home/tompsonpiano/ros2_ws/install/person_msgs/include/person_msgs/msg
[6.269s] -- Installing: /home/tompsonpiano/ros2_ws/install/person_msgs/include/person_msgs/msg/rosidl_typesupport_introspection_c__visibility_control.h
[6.269s] -- Up-to-date: /home/tompsonpiano/ros2_ws/install/person_msgs/include/person_msgs/msg/detail
[6.269s] -- Installing: /home/tompsonpiano/ros2_ws/install/person_msgs/include/person_msgs/msg/detail/person__type_support.c
[6.269s] -- Installing: /home/tompsonpiano/ros2_ws/install/person_msgs/include/person_msgs/msg/detail/person__rosidl_typesupport_introspection_c.h
[6.269s] -- Installing: /home/tompsonpiano/ros2_ws/install/person_msgs/lib/libperson_msgs__rosidl_typesupport_introspection_c.so
[6.269s] -- Set runtime path of "/home/tompsonpiano/ros2_ws/install/person_msgs/lib/libperson_msgs__rosidl_typesupport_introspection_c.so" to ""
[6.269s] -- Installing: /home/tompsonpiano/ros2_ws/install/person_msgs/lib/libperson_msgs__rosidl_typesupport_c.so
[6.270s] -- Set runtime path of "/home/tompsonpiano/ros2_ws/install/person_msgs/lib/libperson_msgs__rosidl_typesupport_c.so" to ""
[6.270s] -- Up-to-date: /home/tompsonpiano/ros2_ws/install/person_msgs/include/person_msgs
[6.270s] -- Up-to-date: /home/tompsonpiano/ros2_ws/install/person_msgs/include/person_msgs/msg
[6.270s] -- Installing: /home/tompsonpiano/ros2_ws/install/person_msgs/include/person_msgs/msg/person.hpp
[6.270s] -- Installing: /home/tompsonpiano/ros2_ws/install/person_msgs/include/person_msgs/msg/rosidl_generator_cpp__visibility_control.hpp
[6.270s] -- Up-to-date: /home/tompsonpiano/ros2_ws/install/person_msgs/include/person_msgs/msg/detail
[6.270s] -- Installing: /home/tompsonpiano/ros2_ws/install/person_msgs/include/person_msgs/msg/detail/person__builder.hpp
[6.270s] -- Installing: /home/tompsonpiano/ros2_ws/install/person_msgs/include/person_msgs/msg/detail/person__type_support.hpp
[6.270s] -- Installing: /home/tompsonpiano/ros2_ws/install/person_msgs/include/person_msgs/msg/detail/person__traits.hpp
[6.271s] -- Installing: /home/tompsonpiano/ros2_ws/install/person_msgs/include/person_msgs/msg/detail/person__struct.hpp
[6.271s] -- Up-to-date: /home/tompsonpiano/ros2_ws/install/person_msgs/include/person_msgs
[6.271s] -- Up-to-date: /home/tompsonpiano/ros2_ws/install/person_msgs/include/person_msgs/msg
[6.271s] -- Up-to-date: /home/tompsonpiano/ros2_ws/install/person_msgs/include/person_msgs/msg/detail
[6.271s] -- Installing: /home/tompsonpiano/ros2_ws/install/person_msgs/include/person_msgs/msg/detail/person__rosidl_typesupport_introspection_cpp.hpp
[6.271s] -- Installing: /home/tompsonpiano/ros2_ws/install/person_msgs/include/person_msgs/msg/detail/person__type_support.cpp
[6.271s] -- Installing: /home/tompsonpiano/ros2_ws/install/person_msgs/lib/libperson_msgs__rosidl_typesupport_introspection_cpp.so
[6.271s] -- Set runtime path of "/home/tompsonpiano/ros2_ws/install/person_msgs/lib/libperson_msgs__rosidl_typesupport_introspection_cpp.so" to ""
[6.271s] -- Installing: /home/tompsonpiano/ros2_ws/install/person_msgs/lib/libperson_msgs__rosidl_typesupport_cpp.so
[6.271s] -- Set runtime path of "/home/tompsonpiano/ros2_ws/install/person_msgs/lib/libperson_msgs__rosidl_typesupport_cpp.so" to ""
[6.271s] -- Installing: /home/tompsonpiano/ros2_ws/install/person_msgs/share/person_msgs/environment/pythonpath.sh
[6.271s] -- Installing: /home/tompsonpiano/ros2_ws/install/person_msgs/share/person_msgs/environment/pythonpath.dsv
[6.271s] -- Installing: /home/tompsonpiano/ros2_ws/install/person_msgs/lib/python3.8/site-packages/person_msgs/__init__.py
[6.292s] Compiling '/home/tompsonpiano/ros2_ws/install/person_msgs/lib/python3.8/site-packages/person_msgs/__init__.py'...
[6.295s] -- Up-to-date: /home/tompsonpiano/ros2_ws/install/person_msgs/lib/python3.8/site-packages/person_msgs/msg
[6.295s] -- Installing: /home/tompsonpiano/ros2_ws/install/person_msgs/lib/python3.8/site-packages/person_msgs/msg/_person.py
[6.295s] -- Installing: /home/tompsonpiano/ros2_ws/install/person_msgs/lib/python3.8/site-packages/person_msgs/msg/_person_s.c
[6.295s] -- Installing: /home/tompsonpiano/ros2_ws/install/person_msgs/lib/python3.8/site-packages/person_msgs/msg/__init__.py
[6.295s] -- Installing: /home/tompsonpiano/ros2_ws/install/person_msgs/lib/python3.8/site-packages/person_msgs/person_msgs_s__rosidl_typesupport_fastrtps_c.cpython-38-x86_64-linux-gnu.so
[6.296s] -- Set runtime path of "/home/tompsonpiano/ros2_ws/install/person_msgs/lib/python3.8/site-packages/person_msgs/person_msgs_s__rosidl_typesupport_fastrtps_c.cpython-38-x86_64-linux-gnu.so" to ""
[6.296s] -- Installing: /home/tompsonpiano/ros2_ws/install/person_msgs/lib/python3.8/site-packages/person_msgs/person_msgs_s__rosidl_typesupport_introspection_c.cpython-38-x86_64-linux-gnu.so
[6.297s] -- Set runtime path of "/home/tompsonpiano/ros2_ws/install/person_msgs/lib/python3.8/site-packages/person_msgs/person_msgs_s__rosidl_typesupport_introspection_c.cpython-38-x86_64-linux-gnu.so" to ""
[6.297s] -- Installing: /home/tompsonpiano/ros2_ws/install/person_msgs/lib/python3.8/site-packages/person_msgs/person_msgs_s__rosidl_typesupport_c.cpython-38-x86_64-linux-gnu.so
[6.297s] -- Set runtime path of "/home/tompsonpiano/ros2_ws/install/person_msgs/lib/python3.8/site-packages/person_msgs/person_msgs_s__rosidl_typesupport_c.cpython-38-x86_64-linux-gnu.so" to ""
[6.298s] -- Installing: /home/tompsonpiano/ros2_ws/install/person_msgs/lib/libperson_msgs__python.so
[6.298s] -- Set runtime path of "/home/tompsonpiano/ros2_ws/install/person_msgs/lib/libperson_msgs__python.so" to ""
[6.298s] -- Installing: /home/tompsonpiano/ros2_ws/install/person_msgs/share/person_msgs/msg/Person.idl
[6.298s] -- Installing: /home/tompsonpiano/ros2_ws/install/person_msgs/share/person_msgs/msg/Person.msg
[6.298s] -- Installing: /home/tompsonpiano/ros2_ws/install/person_msgs/share/ament_index/resource_index/package_run_dependencies/person_msgs
[6.298s] -- Installing: /home/tompsonpiano/ros2_ws/install/person_msgs/share/ament_index/resource_index/parent_prefix_path/person_msgs
[6.299s] -- Installing: /home/tompsonpiano/ros2_ws/install/person_msgs/share/person_msgs/environment/ament_prefix_path.sh
[6.299s] -- Installing: /home/tompsonpiano/ros2_ws/install/person_msgs/share/person_msgs/environment/ament_prefix_path.dsv
[6.299s] -- Installing: /home/tompsonpiano/ros2_ws/install/person_msgs/share/person_msgs/environment/path.sh
[6.299s] -- Installing: /home/tompsonpiano/ros2_ws/install/person_msgs/share/person_msgs/environment/path.dsv
[6.299s] -- Installing: /home/tompsonpiano/ros2_ws/install/person_msgs/share/person_msgs/local_setup.bash
[6.300s] -- Installing: /home/tompsonpiano/ros2_ws/install/person_msgs/share/person_msgs/local_setup.sh
[6.300s] -- Installing: /home/tompsonpiano/ros2_ws/install/person_msgs/share/person_msgs/local_setup.zsh
[6.300s] -- Installing: /home/tompsonpiano/ros2_ws/install/person_msgs/share/person_msgs/local_setup.dsv
[6.300s] -- Installing: /home/tompsonpiano/ros2_ws/install/person_msgs/share/person_msgs/package.dsv
[6.300s] -- Installing: /home/tompsonpiano/ros2_ws/install/person_msgs/share/ament_index/resource_index/packages/person_msgs
[6.301s] -- Installing: /home/tompsonpiano/ros2_ws/install/person_msgs/share/person_msgs/cmake/person_msgs__rosidl_generator_cExport.cmake
[6.301s] -- Installing: /home/tompsonpiano/ros2_ws/install/person_msgs/share/person_msgs/cmake/person_msgs__rosidl_generator_cExport-noconfig.cmake
[6.301s] -- Installing: /home/tompsonpiano/ros2_ws/install/person_msgs/share/person_msgs/cmake/person_msgs__rosidl_typesupport_introspection_cExport.cmake
[6.301s] -- Installing: /home/tompsonpiano/ros2_ws/install/person_msgs/share/person_msgs/cmake/person_msgs__rosidl_typesupport_introspection_cExport-noconfig.cmake
[6.301s] -- Installing: /home/tompsonpiano/ros2_ws/install/person_msgs/share/person_msgs/cmake/person_msgs__rosidl_typesupport_cExport.cmake
[6.302s] -- Installing: /home/tompsonpiano/ros2_ws/install/person_msgs/share/person_msgs/cmake/person_msgs__rosidl_typesupport_cExport-noconfig.cmake
[6.302s] -- Installing: /home/tompsonpiano/ros2_ws/install/person_msgs/share/person_msgs/cmake/person_msgs__rosidl_generator_cppExport.cmake
[6.302s] -- Installing: /home/tompsonpiano/ros2_ws/install/person_msgs/share/person_msgs/cmake/person_msgs__rosidl_typesupport_introspection_cppExport.cmake
[6.302s] -- Installing: /home/tompsonpiano/ros2_ws/install/person_msgs/share/person_msgs/cmake/person_msgs__rosidl_typesupport_introspection_cppExport-noconfig.cmake
[6.303s] -- Installing: /home/tompsonpiano/ros2_ws/install/person_msgs/share/person_msgs/cmake/person_msgs__rosidl_typesupport_cppExport.cmake
[6.303s] -- Installing: /home/tompsonpiano/ros2_ws/install/person_msgs/share/person_msgs/cmake/person_msgs__rosidl_typesupport_cppExport-noconfig.cmake
[6.303s] -- Installing: /home/tompsonpiano/ros2_ws/install/person_msgs/share/person_msgs/cmake/rosidl_cmake-extras.cmake
[6.303s] -- Installing: /home/tompsonpiano/ros2_ws/install/person_msgs/share/person_msgs/cmake/ament_cmake_export_dependencies-extras.cmake
[6.304s] -- Installing: /home/tompsonpiano/ros2_ws/install/person_msgs/share/person_msgs/cmake/ament_cmake_export_libraries-extras.cmake
[6.304s] -- Installing: /home/tompsonpiano/ros2_ws/install/person_msgs/share/person_msgs/cmake/ament_cmake_export_targets-extras.cmake
[6.304s] -- Installing: /home/tompsonpiano/ros2_ws/install/person_msgs/share/person_msgs/cmake/ament_cmake_export_include_directories-extras.cmake
[6.304s] -- Installing: /home/tompsonpiano/ros2_ws/install/person_msgs/share/person_msgs/cmake/rosidl_cmake_export_typesupport_libraries-extras.cmake
[6.304s] -- Installing: /home/tompsonpiano/ros2_ws/install/person_msgs/share/person_msgs/cmake/rosidl_cmake_export_typesupport_targets-extras.cmake
[6.304s] -- Installing: /home/tompsonpiano/ros2_ws/install/person_msgs/share/person_msgs/cmake/person_msgsConfig.cmake
[6.304s] -- Installing: /home/tompsonpiano/ros2_ws/install/person_msgs/share/person_msgs/cmake/person_msgsConfig-version.cmake
[6.305s] -- Installing: /home/tompsonpiano/ros2_ws/install/person_msgs/share/person_msgs/package.xml
[6.306s] Invoked command in '/home/tompsonpiano/ros2_ws/build/person_msgs' returned '0': CMAKE_PREFIX_PATH=${CMAKE_PREFIX_PATH}:/home/tompsonpiano/ros2_ws/install/mypkg:/opt/ros/foxy /usr/bin/cmake --install /home/tompsonpiano/ros2_ws/build/person_msgs
