[0.405s] Invoking command in '/home/tompsonpiano/ros2_ws/build/person_msgs': CMAKE_PREFIX_PATH=${CMAKE_PREFIX_PATH}:/home/tompsonpiano/ros2_ws/install/mypkg:/opt/ros/foxy /usr/bin/cmake --build /home/tompsonpiano/ros2_ws/build/person_msgs -- -j8 -l8
[0.450s] [  2%] Built target person_msgs__cpp
[0.457s] [ 12%] Built target person_msgs__rosidl_generator_c
[0.471s] [ 23%] Built target person_msgs__rosidl_typesupport_cpp
[0.471s] [ 33%] Built target person_msgs__rosidl_typesupport_introspection_cpp
[0.475s] [ 43%] Built target person_msgs__rosidl_typesupport_fastrtps_cpp
[0.478s] [ 53%] Built target person_msgs__rosidl_typesupport_c
[0.479s] [ 64%] Built target person_msgs__rosidl_typesupport_introspection_c
[0.497s] [ 74%] Built target person_msgs__rosidl_typesupport_fastrtps_c
[0.514s] [ 74%] Built target person_msgs
[0.533s] [ 76%] Built target person_msgs__py
[0.556s] [ 84%] Built target person_msgs__python
[0.578s] [ 89%] Built target person_msgs__rosidl_typesupport_introspection_c__pyext
[0.578s] [ 94%] Built target person_msgs__rosidl_typesupport_fastrtps_c__pyext
[0.582s] [100%] Built target person_msgs__rosidl_typesupport_c__pyext
[0.592s] Invoked command in '/home/tompsonpiano/ros2_ws/build/person_msgs' returned '0': CMAKE_PREFIX_PATH=${CMAKE_PREFIX_PATH}:/home/tompsonpiano/ros2_ws/install/mypkg:/opt/ros/foxy /usr/bin/cmake --build /home/tompsonpiano/ros2_ws/build/person_msgs -- -j8 -l8
[0.664s] Invoking command in '/home/tompsonpiano/ros2_ws/build/person_msgs': CMAKE_PREFIX_PATH=${CMAKE_PREFIX_PATH}:/home/tompsonpiano/ros2_ws/install/mypkg:/opt/ros/foxy /usr/bin/cmake --install /home/tompsonpiano/ros2_ws/build/person_msgs
[0.671s] -- Install configuration: ""
[0.672s] -- Up-to-date: /home/tompsonpiano/ros2_ws/install/person_msgs/share/ament_index/resource_index/rosidl_interfaces/person_msgs
[0.672s] -- Up-to-date: /home/tompsonpiano/ros2_ws/install/person_msgs/include/person_msgs
[0.672s] -- Up-to-date: /home/tompsonpiano/ros2_ws/install/person_msgs/include/person_msgs/srv
[0.672s] -- Up-to-date: /home/tompsonpiano/ros2_ws/install/person_msgs/include/person_msgs/srv/query.h
[0.672s] -- Up-to-date: /home/tompsonpiano/ros2_ws/install/person_msgs/include/person_msgs/srv/detail
[0.672s] -- Up-to-date: /home/tompsonpiano/ros2_ws/install/person_msgs/include/person_msgs/srv/detail/query__functions.c
[0.673s] -- Up-to-date: /home/tompsonpiano/ros2_ws/install/person_msgs/include/person_msgs/srv/detail/query__type_support.h
[0.673s] -- Up-to-date: /home/tompsonpiano/ros2_ws/install/person_msgs/include/person_msgs/srv/detail/query__functions.h
[0.673s] -- Up-to-date: /home/tompsonpiano/ros2_ws/install/person_msgs/include/person_msgs/srv/detail/query__struct.h
[0.673s] -- Up-to-date: /home/tompsonpiano/ros2_ws/install/person_msgs/include/person_msgs/msg
[0.674s] -- Up-to-date: /home/tompsonpiano/ros2_ws/install/person_msgs/include/person_msgs/msg/person.h
[0.674s] -- Up-to-date: /home/tompsonpiano/ros2_ws/install/person_msgs/include/person_msgs/msg/rosidl_generator_c__visibility_control.h
[0.674s] -- Up-to-date: /home/tompsonpiano/ros2_ws/install/person_msgs/include/person_msgs/msg/detail
[0.674s] -- Up-to-date: /home/tompsonpiano/ros2_ws/install/person_msgs/include/person_msgs/msg/detail/person__functions.c
[0.674s] -- Up-to-date: /home/tompsonpiano/ros2_ws/install/person_msgs/include/person_msgs/msg/detail/person__type_support.h
[0.675s] -- Up-to-date: /home/tompsonpiano/ros2_ws/install/person_msgs/include/person_msgs/msg/detail/person__functions.h
[0.675s] -- Up-to-date: /home/tompsonpiano/ros2_ws/install/person_msgs/include/person_msgs/msg/detail/person__struct.h
[0.675s] -- Up-to-date: /home/tompsonpiano/ros2_ws/install/person_msgs/share/person_msgs/environment/library_path.sh
[0.675s] -- Up-to-date: /home/tompsonpiano/ros2_ws/install/person_msgs/share/person_msgs/environment/library_path.dsv
[0.675s] -- Up-to-date: /home/tompsonpiano/ros2_ws/install/person_msgs/lib/libperson_msgs__rosidl_generator_c.so
[0.676s] -- Up-to-date: /home/tompsonpiano/ros2_ws/install/person_msgs/include/person_msgs
[0.676s] -- Up-to-date: /home/tompsonpiano/ros2_ws/install/person_msgs/include/person_msgs/srv
[0.676s] -- Up-to-date: /home/tompsonpiano/ros2_ws/install/person_msgs/include/person_msgs/srv/detail
[0.676s] -- Up-to-date: /home/tompsonpiano/ros2_ws/install/person_msgs/include/person_msgs/srv/detail/query__rosidl_typesupport_fastrtps_c.h
[0.676s] -- Up-to-date: /home/tompsonpiano/ros2_ws/install/person_msgs/include/person_msgs/msg
[0.677s] -- Up-to-date: /home/tompsonpiano/ros2_ws/install/person_msgs/include/person_msgs/msg/rosidl_typesupport_fastrtps_c__visibility_control.h
[0.677s] -- Up-to-date: /home/tompsonpiano/ros2_ws/install/person_msgs/include/person_msgs/msg/detail
[0.677s] -- Up-to-date: /home/tompsonpiano/ros2_ws/install/person_msgs/include/person_msgs/msg/detail/person__rosidl_typesupport_fastrtps_c.h
[0.677s] -- Up-to-date: /home/tompsonpiano/ros2_ws/install/person_msgs/lib/libperson_msgs__rosidl_typesupport_fastrtps_c.so
[0.677s] -- Up-to-date: /home/tompsonpiano/ros2_ws/install/person_msgs/include/person_msgs
[0.677s] -- Up-to-date: /home/tompsonpiano/ros2_ws/install/person_msgs/include/person_msgs/srv
[0.677s] -- Up-to-date: /home/tompsonpiano/ros2_ws/install/person_msgs/include/person_msgs/srv/detail
[0.677s] -- Up-to-date: /home/tompsonpiano/ros2_ws/install/person_msgs/include/person_msgs/srv/detail/dds_fastrtps
[0.677s] -- Up-to-date: /home/tompsonpiano/ros2_ws/install/person_msgs/include/person_msgs/srv/detail/query__rosidl_typesupport_fastrtps_cpp.hpp
[0.678s] -- Up-to-date: /home/tompsonpiano/ros2_ws/install/person_msgs/include/person_msgs/msg
[0.678s] -- Up-to-date: /home/tompsonpiano/ros2_ws/install/person_msgs/include/person_msgs/msg/rosidl_typesupport_fastrtps_cpp__visibility_control.h
[0.678s] -- Up-to-date: /home/tompsonpiano/ros2_ws/install/person_msgs/include/person_msgs/msg/detail
[0.678s] -- Up-to-date: /home/tompsonpiano/ros2_ws/install/person_msgs/include/person_msgs/msg/detail/dds_fastrtps
[0.678s] -- Up-to-date: /home/tompsonpiano/ros2_ws/install/person_msgs/include/person_msgs/msg/detail/person__rosidl_typesupport_fastrtps_cpp.hpp
[0.678s] -- Up-to-date: /home/tompsonpiano/ros2_ws/install/person_msgs/lib/libperson_msgs__rosidl_typesupport_fastrtps_cpp.so
[0.678s] -- Up-to-date: /home/tompsonpiano/ros2_ws/install/person_msgs/include/person_msgs
[0.678s] -- Up-to-date: /home/tompsonpiano/ros2_ws/install/person_msgs/include/person_msgs/srv
[0.678s] -- Up-to-date: /home/tompsonpiano/ros2_ws/install/person_msgs/include/person_msgs/srv/detail
[0.678s] -- Up-to-date: /home/tompsonpiano/ros2_ws/install/person_msgs/include/person_msgs/srv/detail/query__type_support.c
[0.678s] -- Up-to-date: /home/tompsonpiano/ros2_ws/install/person_msgs/include/person_msgs/srv/detail/query__rosidl_typesupport_introspection_c.h
[0.678s] -- Up-to-date: /home/tompsonpiano/ros2_ws/install/person_msgs/include/person_msgs/msg
[0.678s] -- Up-to-date: /home/tompsonpiano/ros2_ws/install/person_msgs/include/person_msgs/msg/rosidl_typesupport_introspection_c__visibility_control.h
[0.678s] -- Up-to-date: /home/tompsonpiano/ros2_ws/install/person_msgs/include/person_msgs/msg/detail
[0.678s] -- Up-to-date: /home/tompsonpiano/ros2_ws/install/person_msgs/include/person_msgs/msg/detail/person__type_support.c
[0.678s] -- Up-to-date: /home/tompsonpiano/ros2_ws/install/person_msgs/include/person_msgs/msg/detail/person__rosidl_typesupport_introspection_c.h
[0.678s] -- Up-to-date: /home/tompsonpiano/ros2_ws/install/person_msgs/lib/libperson_msgs__rosidl_typesupport_introspection_c.so
[0.678s] -- Up-to-date: /home/tompsonpiano/ros2_ws/install/person_msgs/lib/libperson_msgs__rosidl_typesupport_c.so
[0.679s] -- Up-to-date: /home/tompsonpiano/ros2_ws/install/person_msgs/include/person_msgs
[0.679s] -- Up-to-date: /home/tompsonpiano/ros2_ws/install/person_msgs/include/person_msgs/srv
[0.679s] -- Up-to-date: /home/tompsonpiano/ros2_ws/install/person_msgs/include/person_msgs/srv/query.hpp
[0.679s] -- Up-to-date: /home/tompsonpiano/ros2_ws/install/person_msgs/include/person_msgs/srv/detail
[0.679s] -- Up-to-date: /home/tompsonpiano/ros2_ws/install/person_msgs/include/person_msgs/srv/detail/query__builder.hpp
[0.679s] -- Up-to-date: /home/tompsonpiano/ros2_ws/install/person_msgs/include/person_msgs/srv/detail/query__struct.hpp
[0.679s] -- Up-to-date: /home/tompsonpiano/ros2_ws/install/person_msgs/include/person_msgs/srv/detail/query__traits.hpp
[0.679s] -- Up-to-date: /home/tompsonpiano/ros2_ws/install/person_msgs/include/person_msgs/srv/detail/query__type_support.hpp
[0.679s] -- Up-to-date: /home/tompsonpiano/ros2_ws/install/person_msgs/include/person_msgs/msg
[0.679s] -- Up-to-date: /home/tompsonpiano/ros2_ws/install/person_msgs/include/person_msgs/msg/person.hpp
[0.679s] -- Up-to-date: /home/tompsonpiano/ros2_ws/install/person_msgs/include/person_msgs/msg/rosidl_generator_cpp__visibility_control.hpp
[0.679s] -- Up-to-date: /home/tompsonpiano/ros2_ws/install/person_msgs/include/person_msgs/msg/detail
[0.679s] -- Up-to-date: /home/tompsonpiano/ros2_ws/install/person_msgs/include/person_msgs/msg/detail/person__builder.hpp
[0.679s] -- Up-to-date: /home/tompsonpiano/ros2_ws/install/person_msgs/include/person_msgs/msg/detail/person__type_support.hpp
[0.679s] -- Up-to-date: /home/tompsonpiano/ros2_ws/install/person_msgs/include/person_msgs/msg/detail/person__traits.hpp
[0.679s] -- Up-to-date: /home/tompsonpiano/ros2_ws/install/person_msgs/include/person_msgs/msg/detail/person__struct.hpp
[0.679s] -- Up-to-date: /home/tompsonpiano/ros2_ws/install/person_msgs/include/person_msgs
[0.679s] -- Up-to-date: /home/tompsonpiano/ros2_ws/install/person_msgs/include/person_msgs/srv
[0.680s] -- Up-to-date: /home/tompsonpiano/ros2_ws/install/person_msgs/include/person_msgs/srv/detail
[0.680s] -- Up-to-date: /home/tompsonpiano/ros2_ws/install/person_msgs/include/person_msgs/srv/detail/query__type_support.cpp
[0.680s] -- Up-to-date: /home/tompsonpiano/ros2_ws/install/person_msgs/include/person_msgs/srv/detail/query__rosidl_typesupport_introspection_cpp.hpp
[0.680s] -- Up-to-date: /home/tompsonpiano/ros2_ws/install/person_msgs/include/person_msgs/msg
[0.680s] -- Up-to-date: /home/tompsonpiano/ros2_ws/install/person_msgs/include/person_msgs/msg/detail
[0.680s] -- Up-to-date: /home/tompsonpiano/ros2_ws/install/person_msgs/include/person_msgs/msg/detail/person__rosidl_typesupport_introspection_cpp.hpp
[0.680s] -- Up-to-date: /home/tompsonpiano/ros2_ws/install/person_msgs/include/person_msgs/msg/detail/person__type_support.cpp
[0.680s] -- Up-to-date: /home/tompsonpiano/ros2_ws/install/person_msgs/lib/libperson_msgs__rosidl_typesupport_introspection_cpp.so
[0.680s] -- Up-to-date: /home/tompsonpiano/ros2_ws/install/person_msgs/lib/libperson_msgs__rosidl_typesupport_cpp.so
[0.680s] -- Up-to-date: /home/tompsonpiano/ros2_ws/install/person_msgs/share/person_msgs/environment/pythonpath.sh
[0.680s] -- Up-to-date: /home/tompsonpiano/ros2_ws/install/person_msgs/share/person_msgs/environment/pythonpath.dsv
[0.680s] -- Up-to-date: /home/tompsonpiano/ros2_ws/install/person_msgs/lib/python3.8/site-packages/person_msgs/__init__.py
[0.708s] -- Up-to-date: /home/tompsonpiano/ros2_ws/install/person_msgs/lib/python3.8/site-packages/person_msgs/msg
[0.708s] -- Up-to-date: /home/tompsonpiano/ros2_ws/install/person_msgs/lib/python3.8/site-packages/person_msgs/msg/_person.py
[0.708s] -- Up-to-date: /home/tompsonpiano/ros2_ws/install/person_msgs/lib/python3.8/site-packages/person_msgs/msg/_person_s.c
[0.708s] -- Up-to-date: /home/tompsonpiano/ros2_ws/install/person_msgs/lib/python3.8/site-packages/person_msgs/msg/__init__.py
[0.708s] -- Up-to-date: /home/tompsonpiano/ros2_ws/install/person_msgs/lib/python3.8/site-packages/person_msgs/srv
[0.709s] -- Up-to-date: /home/tompsonpiano/ros2_ws/install/person_msgs/lib/python3.8/site-packages/person_msgs/srv/_query_s.c
[0.709s] -- Up-to-date: /home/tompsonpiano/ros2_ws/install/person_msgs/lib/python3.8/site-packages/person_msgs/srv/_query.py
[0.709s] -- Up-to-date: /home/tompsonpiano/ros2_ws/install/person_msgs/lib/python3.8/site-packages/person_msgs/srv/__init__.py
[0.709s] -- Up-to-date: /home/tompsonpiano/ros2_ws/install/person_msgs/lib/python3.8/site-packages/person_msgs/person_msgs_s__rosidl_typesupport_fastrtps_c.cpython-38-x86_64-linux-gnu.so
[0.709s] -- Up-to-date: /home/tompsonpiano/ros2_ws/install/person_msgs/lib/python3.8/site-packages/person_msgs/person_msgs_s__rosidl_typesupport_introspection_c.cpython-38-x86_64-linux-gnu.so
[0.709s] -- Up-to-date: /home/tompsonpiano/ros2_ws/install/person_msgs/lib/python3.8/site-packages/person_msgs/person_msgs_s__rosidl_typesupport_c.cpython-38-x86_64-linux-gnu.so
[0.710s] -- Up-to-date: /home/tompsonpiano/ros2_ws/install/person_msgs/lib/libperson_msgs__python.so
[0.710s] -- Up-to-date: /home/tompsonpiano/ros2_ws/install/person_msgs/share/person_msgs/msg/Person.idl
[0.710s] -- Up-to-date: /home/tompsonpiano/ros2_ws/install/person_msgs/share/person_msgs/srv/Query.idl
[0.711s] -- Up-to-date: /home/tompsonpiano/ros2_ws/install/person_msgs/share/person_msgs/msg/Person.msg
[0.711s] -- Up-to-date: /home/tompsonpiano/ros2_ws/install/person_msgs/share/person_msgs/srv/Query.srv
[0.711s] -- Up-to-date: /home/tompsonpiano/ros2_ws/install/person_msgs/share/person_msgs/srv/Query_Request.msg
[0.711s] -- Up-to-date: /home/tompsonpiano/ros2_ws/install/person_msgs/share/person_msgs/srv/Query_Response.msg
[0.711s] -- Up-to-date: /home/tompsonpiano/ros2_ws/install/person_msgs/share/ament_index/resource_index/package_run_dependencies/person_msgs
[0.712s] -- Up-to-date: /home/tompsonpiano/ros2_ws/install/person_msgs/share/ament_index/resource_index/parent_prefix_path/person_msgs
[0.712s] -- Up-to-date: /home/tompsonpiano/ros2_ws/install/person_msgs/share/person_msgs/environment/ament_prefix_path.sh
[0.712s] -- Up-to-date: /home/tompsonpiano/ros2_ws/install/person_msgs/share/person_msgs/environment/ament_prefix_path.dsv
[0.712s] -- Up-to-date: /home/tompsonpiano/ros2_ws/install/person_msgs/share/person_msgs/environment/path.sh
[0.712s] -- Up-to-date: /home/tompsonpiano/ros2_ws/install/person_msgs/share/person_msgs/environment/path.dsv
[0.712s] -- Up-to-date: /home/tompsonpiano/ros2_ws/install/person_msgs/share/person_msgs/local_setup.bash
[0.712s] -- Up-to-date: /home/tompsonpiano/ros2_ws/install/person_msgs/share/person_msgs/local_setup.sh
[0.713s] -- Up-to-date: /home/tompsonpiano/ros2_ws/install/person_msgs/share/person_msgs/local_setup.zsh
[0.713s] -- Up-to-date: /home/tompsonpiano/ros2_ws/install/person_msgs/share/person_msgs/local_setup.dsv
[0.713s] -- Installing: /home/tompsonpiano/ros2_ws/install/person_msgs/share/person_msgs/package.dsv
[0.713s] -- Up-to-date: /home/tompsonpiano/ros2_ws/install/person_msgs/share/ament_index/resource_index/packages/person_msgs
[0.713s] -- Up-to-date: /home/tompsonpiano/ros2_ws/install/person_msgs/share/person_msgs/cmake/person_msgs__rosidl_generator_cExport.cmake
[0.713s] -- Up-to-date: /home/tompsonpiano/ros2_ws/install/person_msgs/share/person_msgs/cmake/person_msgs__rosidl_generator_cExport-noconfig.cmake
[0.714s] -- Up-to-date: /home/tompsonpiano/ros2_ws/install/person_msgs/share/person_msgs/cmake/person_msgs__rosidl_typesupport_introspection_cExport.cmake
[0.714s] -- Up-to-date: /home/tompsonpiano/ros2_ws/install/person_msgs/share/person_msgs/cmake/person_msgs__rosidl_typesupport_introspection_cExport-noconfig.cmake
[0.714s] -- Up-to-date: /home/tompsonpiano/ros2_ws/install/person_msgs/share/person_msgs/cmake/person_msgs__rosidl_typesupport_cExport.cmake
[0.714s] -- Up-to-date: /home/tompsonpiano/ros2_ws/install/person_msgs/share/person_msgs/cmake/person_msgs__rosidl_typesupport_cExport-noconfig.cmake
[0.714s] -- Up-to-date: /home/tompsonpiano/ros2_ws/install/person_msgs/share/person_msgs/cmake/person_msgs__rosidl_generator_cppExport.cmake
[0.714s] -- Up-to-date: /home/tompsonpiano/ros2_ws/install/person_msgs/share/person_msgs/cmake/person_msgs__rosidl_typesupport_introspection_cppExport.cmake
[0.714s] -- Up-to-date: /home/tompsonpiano/ros2_ws/install/person_msgs/share/person_msgs/cmake/person_msgs__rosidl_typesupport_introspection_cppExport-noconfig.cmake
[0.714s] -- Up-to-date: /home/tompsonpiano/ros2_ws/install/person_msgs/share/person_msgs/cmake/person_msgs__rosidl_typesupport_cppExport.cmake
[0.714s] -- Up-to-date: /home/tompsonpiano/ros2_ws/install/person_msgs/share/person_msgs/cmake/person_msgs__rosidl_typesupport_cppExport-noconfig.cmake
[0.715s] -- Up-to-date: /home/tompsonpiano/ros2_ws/install/person_msgs/share/person_msgs/cmake/rosidl_cmake-extras.cmake
[0.715s] -- Up-to-date: /home/tompsonpiano/ros2_ws/install/person_msgs/share/person_msgs/cmake/ament_cmake_export_dependencies-extras.cmake
[0.715s] -- Up-to-date: /home/tompsonpiano/ros2_ws/install/person_msgs/share/person_msgs/cmake/ament_cmake_export_libraries-extras.cmake
[0.715s] -- Up-to-date: /home/tompsonpiano/ros2_ws/install/person_msgs/share/person_msgs/cmake/ament_cmake_export_targets-extras.cmake
[0.716s] -- Up-to-date: /home/tompsonpiano/ros2_ws/install/person_msgs/share/person_msgs/cmake/ament_cmake_export_include_directories-extras.cmake
[0.716s] -- Up-to-date: /home/tompsonpiano/ros2_ws/install/person_msgs/share/person_msgs/cmake/rosidl_cmake_export_typesupport_libraries-extras.cmake
[0.716s] -- Up-to-date: /home/tompsonpiano/ros2_ws/install/person_msgs/share/person_msgs/cmake/rosidl_cmake_export_typesupport_targets-extras.cmake
[0.717s] -- Up-to-date: /home/tompsonpiano/ros2_ws/install/person_msgs/share/person_msgs/cmake/person_msgsConfig.cmake
[0.717s] -- Up-to-date: /home/tompsonpiano/ros2_ws/install/person_msgs/share/person_msgs/cmake/person_msgsConfig-version.cmake
[0.717s] -- Up-to-date: /home/tompsonpiano/ros2_ws/install/person_msgs/share/person_msgs/package.xml
[0.718s] Invoked command in '/home/tompsonpiano/ros2_ws/build/person_msgs' returned '0': CMAKE_PREFIX_PATH=${CMAKE_PREFIX_PATH}:/home/tompsonpiano/ros2_ws/install/mypkg:/opt/ros/foxy /usr/bin/cmake --install /home/tompsonpiano/ros2_ws/build/person_msgs
