[3.726s] Invoking command in '/home/redbull/ros2_ws/src/mypkg': PYTHONPATH=/home/redbull/ros2_ws/build/mypkg/prefix_override:/home/redbull/ros2_ws/install/mypkg/lib/python3.8/site-packages:${PYTHONPATH} /usr/bin/python3 setup.py egg_info --egg-base ../../build/mypkg build --build-base /home/redbull/ros2_ws/build/mypkg/build install --record /home/redbull/ros2_ws/build/mypkg/install.log --install-scripts $base/lib/mypkg --single-version-externally-managed
[4.535s] running egg_info
[4.542s] writing ../../build/mypkg/mypkg.egg-info/PKG-INFO
[4.542s] writing dependency_links to ../../build/mypkg/mypkg.egg-info/dependency_links.txt
[4.544s] writing entry points to ../../build/mypkg/mypkg.egg-info/entry_points.txt
[4.544s] writing requirements to ../../build/mypkg/mypkg.egg-info/requires.txt
[4.554s] writing top-level names to ../../build/mypkg/mypkg.egg-info/top_level.txt
[4.617s] reading manifest file '../../build/mypkg/mypkg.egg-info/SOURCES.txt'
[4.619s] writing manifest file '../../build/mypkg/mypkg.egg-info/SOURCES.txt'
[4.620s] running build
[4.620s] running build_py
[4.621s] running install
[4.623s] running install_lib
[4.628s] running install_data
[4.629s] copying launch/talk_listen.launch.py -> /home/redbull/ros2_ws/install/mypkg/share/mypkg
[4.630s] running install_egg_info
[4.641s] removing '/home/redbull/ros2_ws/install/mypkg/lib/python3.8/site-packages/mypkg-0.0.0-py3.8.egg-info' (and everything under it)
[4.651s] Copying ../../build/mypkg/mypkg.egg-info to /home/redbull/ros2_ws/install/mypkg/lib/python3.8/site-packages/mypkg-0.0.0-py3.8.egg-info
[4.670s] running install_scripts
[4.716s] Installing listener script to /home/redbull/ros2_ws/install/mypkg/lib/mypkg
[4.716s] Installing talker script to /home/redbull/ros2_ws/install/mypkg/lib/mypkg
[4.718s] writing list of installed files to '/home/redbull/ros2_ws/build/mypkg/install.log'
[4.763s] Invoked command in '/home/redbull/ros2_ws/src/mypkg' returned '0': PYTHONPATH=/home/redbull/ros2_ws/build/mypkg/prefix_override:/home/redbull/ros2_ws/install/mypkg/lib/python3.8/site-packages:${PYTHONPATH} /usr/bin/python3 setup.py egg_info --egg-base ../../build/mypkg build --build-base /home/redbull/ros2_ws/build/mypkg/build install --record /home/redbull/ros2_ws/build/mypkg/install.log --install-scripts $base/lib/mypkg --single-version-externally-managed
