[7.784s] DEBUG:colcon:Command line arguments: ['/usr/bin/colcon', 'build']
[7.784s] DEBUG:colcon:Parsed command line arguments: Namespace(allow_overriding=[], ament_cmake_args=None, base_paths=['.'], build_base='build', catkin_cmake_args=None, catkin_skip_building_tests=False, cmake_args=None, cmake_clean_cache=False, cmake_clean_first=False, cmake_force_configure=False, cmake_target=None, cmake_target_skip_unavailable=False, continue_on_error=False, event_handlers=None, executor='parallel', ignore_user_meta=False, install_base='install', log_base=None, log_level=None, main=<bound method BuildVerb.main of <colcon_core.verb.build.BuildVerb object at 0x7f468c01e580>>, merge_install=False, metas=['./colcon.meta'], packages_above=None, packages_above_and_dependencies=None, packages_above_depth=None, packages_end=None, packages_ignore=None, packages_ignore_regex=None, packages_select=None, packages_select_build_failed=False, packages_select_by_dep=None, packages_select_regex=None, packages_select_test_failures=False, packages_skip=None, packages_skip_build_finished=False, packages_skip_by_dep=None, packages_skip_regex=None, packages_skip_test_passed=False, packages_skip_up_to=None, packages_start=None, packages_up_to=None, packages_up_to_regex=None, parallel_workers=2, paths=None, symlink_install=False, test_result_base=None, verb_extension=<colcon_core.verb.build.BuildVerb object at 0x7f468c01e580>, verb_name='build', verb_parser=<colcon_defaults.argument_parser.defaults.DefaultArgumentsDecorator object at 0x7f468bc36940>)
[8.138s] Level 1:colcon.colcon_core.package_discovery:discover_packages(colcon_meta) check parameters
[8.138s] Level 1:colcon.colcon_core.package_discovery:discover_packages(recursive) check parameters
[8.138s] Level 1:colcon.colcon_core.package_discovery:discover_packages(ignore) check parameters
[8.139s] Level 1:colcon.colcon_core.package_discovery:discover_packages(path) check parameters
[8.139s] Level 1:colcon.colcon_core.package_discovery:discover_packages(colcon_meta) discover
[8.139s] Level 1:colcon.colcon_core.package_discovery:discover_packages(recursive) discover
[8.139s] INFO:colcon.colcon_core.package_discovery:Crawling recursively for packages in '/home/redbull/ros2_ws'
[8.139s] Level 1:colcon.colcon_core.package_identification:_identify(.) by extensions ['ignore', 'ignore_ament_install']
[8.140s] Level 1:colcon.colcon_core.package_identification:_identify(.) by extension 'ignore'
[8.140s] Level 1:colcon.colcon_core.package_identification:_identify(.) by extension 'ignore_ament_install'
[8.141s] Level 1:colcon.colcon_core.package_identification:_identify(.) by extensions ['colcon_pkg']
[8.141s] Level 1:colcon.colcon_core.package_identification:_identify(.) by extension 'colcon_pkg'
[8.141s] Level 1:colcon.colcon_core.package_identification:_identify(.) by extensions ['colcon_meta']
[8.141s] Level 1:colcon.colcon_core.package_identification:_identify(.) by extension 'colcon_meta'
[8.141s] Level 1:colcon.colcon_core.package_identification:_identify(.) by extensions ['ros']
[8.141s] Level 1:colcon.colcon_core.package_identification:_identify(.) by extension 'ros'
[8.178s] Level 1:colcon.colcon_core.package_identification:_identify(.) by extensions ['cmake', 'python']
[8.178s] Level 1:colcon.colcon_core.package_identification:_identify(.) by extension 'cmake'
[8.178s] Level 1:colcon.colcon_core.package_identification:_identify(.) by extension 'python'
[8.178s] Level 1:colcon.colcon_core.package_identification:_identify(.) by extensions ['python_setup_py']
[8.179s] Level 1:colcon.colcon_core.package_identification:_identify(.) by extension 'python_setup_py'
[8.179s] Level 1:colcon.colcon_core.package_identification:_identify(build) by extensions ['ignore', 'ignore_ament_install']
[8.180s] Level 1:colcon.colcon_core.package_identification:_identify(build) by extension 'ignore'
[8.180s] Level 1:colcon.colcon_core.package_identification:_identify(build) ignored
[8.180s] Level 1:colcon.colcon_core.package_identification:_identify(install) by extensions ['ignore', 'ignore_ament_install']
[8.181s] Level 1:colcon.colcon_core.package_identification:_identify(install) by extension 'ignore'
[8.181s] Level 1:colcon.colcon_core.package_identification:_identify(install) ignored
[8.182s] Level 1:colcon.colcon_core.package_identification:_identify(log) by extensions ['ignore', 'ignore_ament_install']
[8.182s] Level 1:colcon.colcon_core.package_identification:_identify(log) by extension 'ignore'
[8.182s] Level 1:colcon.colcon_core.package_identification:_identify(log) ignored
[8.183s] Level 1:colcon.colcon_core.package_identification:_identify(src) by extensions ['ignore', 'ignore_ament_install']
[8.184s] Level 1:colcon.colcon_core.package_identification:_identify(src) by extension 'ignore'
[8.184s] Level 1:colcon.colcon_core.package_identification:_identify(src) by extension 'ignore_ament_install'
[8.185s] Level 1:colcon.colcon_core.package_identification:_identify(src) by extensions ['colcon_pkg']
[8.185s] Level 1:colcon.colcon_core.package_identification:_identify(src) by extension 'colcon_pkg'
[8.185s] Level 1:colcon.colcon_core.package_identification:_identify(src) by extensions ['colcon_meta']
[8.185s] Level 1:colcon.colcon_core.package_identification:_identify(src) by extension 'colcon_meta'
[8.186s] Level 1:colcon.colcon_core.package_identification:_identify(src) by extensions ['ros']
[8.186s] Level 1:colcon.colcon_core.package_identification:_identify(src) by extension 'ros'
[8.187s] Level 1:colcon.colcon_core.package_identification:_identify(src) by extensions ['cmake', 'python']
[8.187s] Level 1:colcon.colcon_core.package_identification:_identify(src) by extension 'cmake'
[8.187s] Level 1:colcon.colcon_core.package_identification:_identify(src) by extension 'python'
[8.187s] Level 1:colcon.colcon_core.package_identification:_identify(src) by extensions ['python_setup_py']
[8.188s] Level 1:colcon.colcon_core.package_identification:_identify(src) by extension 'python_setup_py'
[8.189s] Level 1:colcon.colcon_core.package_identification:_identify(src/build) by extensions ['ignore', 'ignore_ament_install']
[8.189s] Level 1:colcon.colcon_core.package_identification:_identify(src/build) by extension 'ignore'
[8.189s] Level 1:colcon.colcon_core.package_identification:_identify(src/build) ignored
[8.190s] Level 1:colcon.colcon_core.package_identification:_identify(src/install) by extensions ['ignore', 'ignore_ament_install']
[8.190s] Level 1:colcon.colcon_core.package_identification:_identify(src/install) by extension 'ignore'
[8.191s] Level 1:colcon.colcon_core.package_identification:_identify(src/install) ignored
[8.191s] Level 1:colcon.colcon_core.package_identification:_identify(src/log) by extensions ['ignore', 'ignore_ament_install']
[8.192s] Level 1:colcon.colcon_core.package_identification:_identify(src/log) by extension 'ignore'
[8.192s] Level 1:colcon.colcon_core.package_identification:_identify(src/log) ignored
[8.193s] Level 1:colcon.colcon_core.package_identification:_identify(src/mypkg) by extensions ['ignore', 'ignore_ament_install']
[8.193s] Level 1:colcon.colcon_core.package_identification:_identify(src/mypkg) by extension 'ignore'
[8.194s] Level 1:colcon.colcon_core.package_identification:_identify(src/mypkg) by extension 'ignore_ament_install'
[8.194s] Level 1:colcon.colcon_core.package_identification:_identify(src/mypkg) by extensions ['colcon_pkg']
[8.194s] Level 1:colcon.colcon_core.package_identification:_identify(src/mypkg) by extension 'colcon_pkg'
[8.195s] Level 1:colcon.colcon_core.package_identification:_identify(src/mypkg) by extensions ['colcon_meta']
[8.195s] Level 1:colcon.colcon_core.package_identification:_identify(src/mypkg) by extension 'colcon_meta'
[8.195s] Level 1:colcon.colcon_core.package_identification:_identify(src/mypkg) by extensions ['ros']
[8.195s] Level 1:colcon.colcon_core.package_identification:_identify(src/mypkg) by extension 'ros'
[8.207s] DEBUG:colcon.colcon_core.package_identification:Package 'src/mypkg' with type 'ros.ament_python' and name 'mypkg'
[8.207s] Level 1:colcon.colcon_core.package_discovery:discover_packages(recursive) using defaults
[8.210s] Level 1:colcon.colcon_core.package_discovery:discover_packages(ignore) discover
[8.210s] Level 1:colcon.colcon_core.package_discovery:discover_packages(ignore) using defaults
[8.210s] Level 1:colcon.colcon_core.package_discovery:discover_packages(path) discover
[8.210s] Level 1:colcon.colcon_core.package_discovery:discover_packages(path) using defaults
[8.931s] Level 1:colcon.colcon_core.package_discovery:discover_packages(prefix_path) check parameters
[8.931s] Level 1:colcon.colcon_core.package_discovery:discover_packages(prefix_path) discover
[9.208s] DEBUG:colcon.colcon_installed_package_information.package_discovery:Found 1 installed packages in /home/redbull/ros2_ws/install
[9.354s] DEBUG:colcon.colcon_installed_package_information.package_discovery:Found 256 installed packages in /opt/ros/foxy
[9.357s] Level 1:colcon.colcon_core.package_discovery:discover_packages(prefix_path) using defaults
[9.956s] Level 5:colcon.colcon_core.verb:set package 'mypkg' build argument 'cmake_args' from command line to 'None'
[9.956s] Level 5:colcon.colcon_core.verb:set package 'mypkg' build argument 'cmake_target' from command line to 'None'
[9.956s] Level 5:colcon.colcon_core.verb:set package 'mypkg' build argument 'cmake_target_skip_unavailable' from command line to 'False'
[9.956s] Level 5:colcon.colcon_core.verb:set package 'mypkg' build argument 'cmake_clean_cache' from command line to 'False'
[9.956s] Level 5:colcon.colcon_core.verb:set package 'mypkg' build argument 'cmake_clean_first' from command line to 'False'
[9.956s] Level 5:colcon.colcon_core.verb:set package 'mypkg' build argument 'cmake_force_configure' from command line to 'False'
[9.957s] Level 5:colcon.colcon_core.verb:set package 'mypkg' build argument 'ament_cmake_args' from command line to 'None'
[9.957s] Level 5:colcon.colcon_core.verb:set package 'mypkg' build argument 'catkin_cmake_args' from command line to 'None'
[9.957s] Level 5:colcon.colcon_core.verb:set package 'mypkg' build argument 'catkin_skip_building_tests' from command line to 'False'
[9.957s] DEBUG:colcon.colcon_core.verb:Building package 'mypkg' with the following arguments: {'ament_cmake_args': None, 'build_base': '/home/redbull/ros2_ws/build/mypkg', 'catkin_cmake_args': None, 'catkin_skip_building_tests': False, 'cmake_args': None, 'cmake_clean_cache': False, 'cmake_clean_first': False, 'cmake_force_configure': False, 'cmake_target': None, 'cmake_target_skip_unavailable': False, 'install_base': '/home/redbull/ros2_ws/install/mypkg', 'merge_install': False, 'path': '/home/redbull/ros2_ws/src/mypkg', 'symlink_install': False, 'test_result_base': None}
[10.086s] INFO:colcon.colcon_core.executor:Executing jobs using 'parallel' executor
[10.229s] DEBUG:colcon.colcon_parallel_executor.executor.parallel:run_until_complete
[10.229s] INFO:colcon.colcon_ros.task.ament_python.build:Building ROS package in '/home/redbull/ros2_ws/src/mypkg' with build type 'ament_python'
[10.230s] Level 1:colcon.colcon_core.shell:create_environment_hook('mypkg', 'ament_prefix_path')
[10.385s] INFO:colcon.colcon_core.plugin_system:Skipping extension 'colcon_core.shell.bat': Not used on non-Windows systems
[10.385s] INFO:colcon.colcon_core.shell:Creating environment hook '/home/redbull/ros2_ws/install/mypkg/share/mypkg/hook/ament_prefix_path.ps1'
[10.387s] INFO:colcon.colcon_core.shell:Creating environment descriptor '/home/redbull/ros2_ws/install/mypkg/share/mypkg/hook/ament_prefix_path.dsv'
[10.389s] INFO:colcon.colcon_core.shell:Creating environment hook '/home/redbull/ros2_ws/install/mypkg/share/mypkg/hook/ament_prefix_path.sh'
[10.530s] INFO:colcon.colcon_core.shell:Skip shell extension 'powershell' for command environment: Not usable outside of PowerShell
[10.530s] DEBUG:colcon.colcon_core.shell:Skip shell extension 'dsv' for command environment
[11.956s] INFO:colcon.colcon_core.task.python.build:Building Python package in '/home/redbull/ros2_ws/src/mypkg'
[12.094s] INFO:colcon.colcon_core.shell:Skip shell extension 'powershell' for command environment: Not usable outside of PowerShell
[12.094s] DEBUG:colcon.colcon_core.shell:Skip shell extension 'dsv' for command environment
[13.962s] DEBUG:colcon.colcon_core.event_handler.log_command:Invoking command in '/home/redbull/ros2_ws/src/mypkg': PYTHONPATH=/home/redbull/ros2_ws/build/mypkg/prefix_override:/home/redbull/ros2_ws/install/mypkg/lib/python3.8/site-packages:${PYTHONPATH} /usr/bin/python3 setup.py egg_info --egg-base ../../build/mypkg build --build-base /home/redbull/ros2_ws/build/mypkg/build install --record /home/redbull/ros2_ws/build/mypkg/install.log --install-scripts $base/lib/mypkg --single-version-externally-managed
[14.999s] DEBUG:colcon.colcon_core.event_handler.log_command:Invoked command in '/home/redbull/ros2_ws/src/mypkg' returned '0': PYTHONPATH=/home/redbull/ros2_ws/build/mypkg/prefix_override:/home/redbull/ros2_ws/install/mypkg/lib/python3.8/site-packages:${PYTHONPATH} /usr/bin/python3 setup.py egg_info --egg-base ../../build/mypkg build --build-base /home/redbull/ros2_ws/build/mypkg/build install --record /home/redbull/ros2_ws/build/mypkg/install.log --install-scripts $base/lib/mypkg --single-version-externally-managed
[15.166s] Level 1:colcon.colcon_core.environment:checking '/home/redbull/ros2_ws/install/mypkg' for CMake module files
[15.169s] Level 1:colcon.colcon_core.environment:checking '/home/redbull/ros2_ws/install/mypkg' for CMake config files
[15.175s] Level 1:colcon.colcon_core.environment:checking '/home/redbull/ros2_ws/install/mypkg/lib'
[15.177s] Level 1:colcon.colcon_core.environment:checking '/home/redbull/ros2_ws/install/mypkg/bin'
[15.177s] Level 1:colcon.colcon_core.environment:checking '/home/redbull/ros2_ws/install/mypkg/lib/pkgconfig/mypkg.pc'
[15.179s] Level 1:colcon.colcon_core.environment:checking '/home/redbull/ros2_ws/install/mypkg/lib/python3.8/site-packages'
[15.179s] Level 1:colcon.colcon_core.shell:create_environment_hook('mypkg', 'pythonpath')
[15.330s] INFO:colcon.colcon_core.shell:Creating environment hook '/home/redbull/ros2_ws/install/mypkg/share/mypkg/hook/pythonpath.ps1'
[15.332s] INFO:colcon.colcon_core.shell:Creating environment descriptor '/home/redbull/ros2_ws/install/mypkg/share/mypkg/hook/pythonpath.dsv'
[15.334s] INFO:colcon.colcon_core.shell:Creating environment hook '/home/redbull/ros2_ws/install/mypkg/share/mypkg/hook/pythonpath.sh'
[15.336s] Level 1:colcon.colcon_core.environment:checking '/home/redbull/ros2_ws/install/mypkg/bin'
[15.337s] Level 1:colcon.colcon_core.environment:create_environment_scripts_only(mypkg)
[15.471s] INFO:colcon.colcon_core.shell:Creating package script '/home/redbull/ros2_ws/install/mypkg/share/mypkg/package.ps1'
[15.474s] INFO:colcon.colcon_core.shell:Creating package descriptor '/home/redbull/ros2_ws/install/mypkg/share/mypkg/package.dsv'
[15.476s] INFO:colcon.colcon_core.shell:Creating package script '/home/redbull/ros2_ws/install/mypkg/share/mypkg/package.sh'
[15.480s] INFO:colcon.colcon_core.shell:Creating package script '/home/redbull/ros2_ws/install/mypkg/share/mypkg/package.bash'
[15.482s] INFO:colcon.colcon_core.shell:Creating package script '/home/redbull/ros2_ws/install/mypkg/share/mypkg/package.zsh'
[15.485s] Level 1:colcon.colcon_core.environment:create_file_with_runtime_dependencies(/home/redbull/ros2_ws/install/mypkg/share/colcon-core/packages/mypkg)
[15.487s] DEBUG:colcon.colcon_parallel_executor.executor.parallel:closing loop
[15.488s] DEBUG:colcon.colcon_parallel_executor.executor.parallel:loop closed
[15.488s] DEBUG:colcon.colcon_parallel_executor.executor.parallel:run_until_complete finished with '0'
[15.489s] DEBUG:colcon.colcon_core.event_reactor:joining thread
[15.675s] INFO:colcon.colcon_core.plugin_system:Skipping extension 'colcon_notification.desktop_notification.notify_send': Could not find 'notify-send'
[15.675s] INFO:colcon.colcon_core.plugin_system:Skipping extension 'colcon_notification.desktop_notification.terminal_notifier': Not used on non-Darwin systems
[15.676s] INFO:colcon.colcon_core.plugin_system:Skipping extension 'colcon_notification.desktop_notification.win32': Not used on non-Windows systems
[15.676s] INFO:colcon.colcon_notification.desktop_notification:Sending desktop notification using 'notify2'
[17.762s] DEBUG:colcon.colcon_notification.desktop_notification.notify2:Failed to initialize notify2: org.freedesktop.DBus.Error.Spawn.ExecFailed: /usr/bin/dbus-launch terminated abnormally with the following error: Autolaunch error: X11 initialization failed.

[17.765s] DEBUG:colcon.colcon_core.event_reactor:joined thread
[18.079s] INFO:colcon.colcon_core.shell:Creating prefix script '/home/redbull/ros2_ws/install/local_setup.ps1'
[18.085s] INFO:colcon.colcon_core.shell:Creating prefix util module '/home/redbull/ros2_ws/install/_local_setup_util_ps1.py'
[18.091s] INFO:colcon.colcon_core.shell:Creating prefix chain script '/home/redbull/ros2_ws/install/setup.ps1'
[18.258s] INFO:colcon.colcon_core.shell:Creating prefix script '/home/redbull/ros2_ws/install/local_setup.sh'
[18.261s] INFO:colcon.colcon_core.shell:Creating prefix util module '/home/redbull/ros2_ws/install/_local_setup_util_sh.py'
[18.263s] INFO:colcon.colcon_core.shell:Creating prefix chain script '/home/redbull/ros2_ws/install/setup.sh'
[18.404s] INFO:colcon.colcon_core.shell:Creating prefix script '/home/redbull/ros2_ws/install/local_setup.bash'
[18.406s] INFO:colcon.colcon_core.shell:Creating prefix chain script '/home/redbull/ros2_ws/install/setup.bash'
[18.539s] INFO:colcon.colcon_core.shell:Creating prefix script '/home/redbull/ros2_ws/install/local_setup.zsh'
[18.541s] INFO:colcon.colcon_core.shell:Creating prefix chain script '/home/redbull/ros2_ws/install/setup.zsh'
