[0.476s] Invoking command in '/home/tompsonpiano/ros2_ws/src/mypkg': PYTHONPATH=/home/tompsonpiano/ros2_ws/build/mypkg/prefix_override:/home/tompsonpiano/ros2_ws/install/mypkg/lib/python3.8/site-packages:${PYTHONPATH} /usr/bin/python3 setup.py egg_info --egg-base ../../build/mypkg build --build-base /home/tompsonpiano/ros2_ws/build/mypkg/build install --record /home/tompsonpiano/ros2_ws/build/mypkg/install.log --install-scripts $base/lib/mypkg --single-version-externally-managed
[0.583s] running egg_info
[0.584s] writing ../../build/mypkg/mypkg.egg-info/PKG-INFO
[0.584s] writing dependency_links to ../../build/mypkg/mypkg.egg-info/dependency_links.txt
[0.584s] writing entry points to ../../build/mypkg/mypkg.egg-info/entry_points.txt
[0.584s] writing requirements to ../../build/mypkg/mypkg.egg-info/requires.txt
[0.584s] writing top-level names to ../../build/mypkg/mypkg.egg-info/top_level.txt
[0.604s] reading manifest file '../../build/mypkg/mypkg.egg-info/SOURCES.txt'
[0.604s] writing manifest file '../../build/mypkg/mypkg.egg-info/SOURCES.txt'
[0.604s] running build
[0.604s] running build_py
[0.604s] running install
[0.605s] running install_lib
[0.606s] running install_data
[0.606s] running install_egg_info
[0.607s] removing '/home/tompsonpiano/ros2_ws/install/mypkg/lib/python3.8/site-packages/mypkg-0.0.0-py3.8.egg-info' (and everything under it)
[0.607s] Copying ../../build/mypkg/mypkg.egg-info to /home/tompsonpiano/ros2_ws/install/mypkg/lib/python3.8/site-packages/mypkg-0.0.0-py3.8.egg-info
[0.607s] running install_scripts
[0.617s] Installing listener script to /home/tompsonpiano/ros2_ws/install/mypkg/lib/mypkg
[0.617s] Installing talker script to /home/tompsonpiano/ros2_ws/install/mypkg/lib/mypkg
[0.617s] writing list of installed files to '/home/tompsonpiano/ros2_ws/build/mypkg/install.log'
[0.629s] Invoked command in '/home/tompsonpiano/ros2_ws/src/mypkg' returned '0': PYTHONPATH=/home/tompsonpiano/ros2_ws/build/mypkg/prefix_override:/home/tompsonpiano/ros2_ws/install/mypkg/lib/python3.8/site-packages:${PYTHONPATH} /usr/bin/python3 setup.py egg_info --egg-base ../../build/mypkg build --build-base /home/tompsonpiano/ros2_ws/build/mypkg/build install --record /home/tompsonpiano/ros2_ws/build/mypkg/install.log --install-scripts $base/lib/mypkg --single-version-externally-managed
