[1.171s] Invoking command in '/home/redbull/ros2_ws/build/person_msgs': CMAKE_PREFIX_PATH=/home/redbull/ros2_ws/install/mypkg:/opt/ros/foxy /usr/bin/cmake /home/redbull/ros2_ws/src/person_msgs -DCMAKE_INSTALL_PREFIX=/home/redbull/ros2_ws/install/person_msgs
[3.144s] -- The C compiler identification is GNU 9.4.0
[3.794s] -- The CXX compiler identification is GNU 9.4.0
[3.992s] -- Check for working C compiler: /usr/bin/cc
[4.501s] -- Check for working C compiler: /usr/bin/cc -- works
[4.540s] -- Detecting C compiler ABI info
[5.033s] -- Detecting C compiler ABI info - done
[5.068s] -- Detecting C compile features
[5.083s] -- Detecting C compile features - done
[5.136s] -- Check for working CXX compiler: /usr/bin/c++
[5.615s] -- Check for working CXX compiler: /usr/bin/c++ -- works
[5.618s] -- Detecting CXX compiler ABI info
[6.203s] -- Detecting CXX compiler ABI info - done
[6.230s] -- Detecting CXX compile features
[6.231s] -- Detecting CXX compile features - done
[6.282s] -- Found ament_cmake: 0.9.12 (/opt/ros/foxy/share/ament_cmake/cmake)
[6.528s] -- Found PythonInterp: /usr/bin/python3 (found suitable version "3.8.10", minimum required is "3") 
[6.529s] -- Using PYTHON_EXECUTABLE: /usr/bin/python3
[7.716s] -- Found rosidl_default_generators: 1.0.1 (/opt/ros/foxy/share/rosidl_default_generators/cmake)
[7.768s] -- Using all available rosidl_typesupport_c: rosidl_typesupport_fastrtps_c;rosidl_typesupport_introspection_c
[7.858s] -- Found rosidl_adapter: 1.3.1 (/opt/ros/foxy/share/rosidl_adapter/cmake)
[9.224s] -- Found OpenSSL: /usr/lib/x86_64-linux-gnu/libcrypto.so (found version "1.1.1f")  
[9.498s] -- Found FastRTPS: /opt/ros/foxy/include  
[10.444s] -- Using all available rosidl_typesupport_cpp: rosidl_typesupport_fastrtps_cpp;rosidl_typesupport_introspection_cpp
[10.802s] -- Found PythonInterp: /usr/bin/python3 (found version "3.8.10") 
[11.264s] -- Found ament_cmake_ros: 0.9.2 (/opt/ros/foxy/share/ament_cmake_ros/cmake)
[12.429s] -- Using all available rosidl_typesupport_c: rosidl_typesupport_fastrtps_c;rosidl_typesupport_introspection_c
[12.547s] -- Using all available rosidl_typesupport_cpp: rosidl_typesupport_fastrtps_cpp;rosidl_typesupport_introspection_cpp
[12.620s] -- Found PythonInterp: /usr/bin/python3 (found suitable version "3.8.10", minimum required is "3.5") 
[12.641s] -- Found python_cmake_module: 0.8.1 (/opt/ros/foxy/share/python_cmake_module/cmake)
[12.820s] -- Found PythonLibs: /usr/lib/x86_64-linux-gnu/libpython3.8.so (found suitable version "3.8.10", minimum required is "3.5") 
[12.820s] -- Using PYTHON_EXECUTABLE: /usr/bin/python3
[12.820s] -- Using PYTHON_INCLUDE_DIRS: /usr/include/python3.8
[12.821s] -- Using PYTHON_LIBRARIES: /usr/lib/x86_64-linux-gnu/libpython3.8.so
[12.880s] -- Found PythonExtra: .so  
[13.056s] -- Found ament_lint_auto: 0.9.8 (/opt/ros/foxy/share/ament_lint_auto/cmake)
[13.698s] -- Added test 'copyright' to check source files copyright and LICENSE
[13.744s] -- Added test 'lint_cmake' to check CMake code style
[13.774s] -- Added test 'xmllint' to check XML markup files
[13.842s] -- Configuring done
[14.195s] -- Generating done
[14.242s] -- Build files have been written to: /home/redbull/ros2_ws/build/person_msgs
[14.268s] Invoked command in '/home/redbull/ros2_ws/build/person_msgs' returned '0': CMAKE_PREFIX_PATH=/home/redbull/ros2_ws/install/mypkg:/opt/ros/foxy /usr/bin/cmake /home/redbull/ros2_ws/src/person_msgs -DCMAKE_INSTALL_PREFIX=/home/redbull/ros2_ws/install/person_msgs
[14.270s] Invoking command in '/home/redbull/ros2_ws/build/person_msgs': CMAKE_PREFIX_PATH=/home/redbull/ros2_ws/install/mypkg:/opt/ros/foxy /usr/bin/cmake --build /home/redbull/ros2_ws/build/person_msgs -- -j2 -l2
[14.600s] [35m[1mScanning dependencies of target person_msgs__cpp[0m
[14.608s] [  3%] [34m[1mGenerating C code for ROS interfaces[0m
[14.701s] [  6%] [34m[1mGenerating C++ code for ROS interfaces[0m
[15.375s] [35m[1mScanning dependencies of target person_msgs__rosidl_generator_c[0m
[15.451s] [  6%] Built target person_msgs__cpp
[15.566s] [  9%] [34m[1mGenerating C++ type support dispatch for ROS interfaces[0m
[15.606s] [ 12%] [32mBuilding C object CMakeFiles/person_msgs__rosidl_generator_c.dir/rosidl_generator_c/person_msgs/msg/detail/person__functions.c.o[0m
[16.005s] [35m[1mScanning dependencies of target person_msgs__rosidl_typesupport_cpp[0m
[16.232s] [ 16%] [32mBuilding CXX object CMakeFiles/person_msgs__rosidl_typesupport_cpp.dir/rosidl_typesupport_cpp/person_msgs/msg/person__type_support.cpp.o[0m
[16.358s] [ 19%] [32m[1mLinking C shared library libperson_msgs__rosidl_generator_c.so[0m
[16.643s] [ 19%] Built target person_msgs__rosidl_generator_c
[16.755s] [ 22%] [34m[1mGenerating C++ type support for eProsima Fast-RTPS[0m
[17.305s] [35m[1mScanning dependencies of target person_msgs__rosidl_typesupport_fastrtps_cpp[0m
[17.567s] [ 25%] [32mBuilding CXX object CMakeFiles/person_msgs__rosidl_typesupport_fastrtps_cpp.dir/rosidl_typesupport_fastrtps_cpp/person_msgs/msg/detail/dds_fastrtps/person__type_support.cpp.o[0m
[17.989s] [ 29%] [32m[1mLinking CXX shared library libperson_msgs__rosidl_typesupport_cpp.so[0m
[18.361s] [ 29%] Built target person_msgs__rosidl_typesupport_cpp
[18.448s] [ 32%] [34m[1mGenerating C type support dispatch for ROS interfaces[0m
[18.767s] [ 35%] [32m[1mLinking CXX shared library libperson_msgs__rosidl_typesupport_fastrtps_cpp.so[0m
[18.867s] [35m[1mScanning dependencies of target person_msgs__rosidl_typesupport_c[0m
[19.016s] [ 38%] [32mBuilding CXX object CMakeFiles/person_msgs__rosidl_typesupport_c.dir/rosidl_typesupport_c/person_msgs/msg/person__type_support.cpp.o[0m
[19.143s] [ 38%] Built target person_msgs__rosidl_typesupport_fastrtps_cpp
[19.210s] [ 41%] [32m[1mLinking CXX shared library libperson_msgs__rosidl_typesupport_c.so[0m
[19.250s] [ 45%] [34m[1mGenerating C introspection for ROS interfaces[0m
[19.481s] [ 45%] Built target person_msgs__rosidl_typesupport_c
[19.592s] [ 48%] [34m[1mGenerating C++ introspection for ROS interfaces[0m
[19.782s] [35m[1mScanning dependencies of target person_msgs__rosidl_typesupport_introspection_c[0m
[19.951s] [ 51%] [32mBuilding C object CMakeFiles/person_msgs__rosidl_typesupport_introspection_c.dir/rosidl_typesupport_introspection_c/person_msgs/msg/detail/person__type_support.c.o[0m
[20.107s] [35m[1mScanning dependencies of target person_msgs__rosidl_typesupport_introspection_cpp[0m
[20.163s] [ 54%] [32m[1mLinking C shared library libperson_msgs__rosidl_typesupport_introspection_c.so[0m
[20.280s] [ 58%] [32mBuilding CXX object CMakeFiles/person_msgs__rosidl_typesupport_introspection_cpp.dir/rosidl_typesupport_introspection_cpp/person_msgs/msg/detail/person__type_support.cpp.o[0m
[20.439s] [ 58%] Built target person_msgs__rosidl_typesupport_introspection_c
[20.533s] [ 61%] [34m[1mGenerating C type support for eProsima Fast-RTPS[0m
[20.939s] [ 64%] [32m[1mLinking CXX shared library libperson_msgs__rosidl_typesupport_introspection_cpp.so[0m
[21.026s] [35m[1mScanning dependencies of target person_msgs__rosidl_typesupport_fastrtps_c[0m
[21.237s] [ 67%] [32mBuilding CXX object CMakeFiles/person_msgs__rosidl_typesupport_fastrtps_c.dir/rosidl_typesupport_fastrtps_c/person_msgs/msg/detail/person__type_support_c.cpp.o[0m
[21.298s] [ 67%] Built target person_msgs__rosidl_typesupport_introspection_cpp
[22.040s] [ 70%] [32m[1mLinking CXX shared library libperson_msgs__rosidl_typesupport_fastrtps_c.so[0m
[22.380s] [ 70%] Built target person_msgs__rosidl_typesupport_fastrtps_c
[22.450s] [35m[1mScanning dependencies of target person_msgs[0m
[22.552s] [ 70%] Built target person_msgs
[22.621s] [35m[1mScanning dependencies of target person_msgs__py[0m
[22.701s] [ 74%] [34m[1mGenerating Python code for ROS interfaces[0m
[23.565s] [ 74%] Built target person_msgs__py
[23.634s] [35m[1mScanning dependencies of target person_msgs__python[0m
[24.567s] [ 77%] [32mBuilding C object CMakeFiles/person_msgs__python.dir/rosidl_generator_py/person_msgs/msg/_person_s.c.o[0m
[25.291s] [ 80%] [32m[1mLinking C shared library rosidl_generator_py/person_msgs/libperson_msgs__python.so[0m
[25.551s] [ 80%] Built target person_msgs__python
[25.641s] [35m[1mScanning dependencies of target person_msgs__rosidl_typesupport_introspection_c__pyext[0m
[25.641s] [35m[1mScanning dependencies of target person_msgs__rosidl_typesupport_c__pyext[0m
[25.806s] [ 83%] [32mBuilding C object CMakeFiles/person_msgs__rosidl_typesupport_c__pyext.dir/rosidl_generator_py/person_msgs/_person_msgs_s.ep.rosidl_typesupport_c.c.o[0m
[25.815s] [ 87%] [32mBuilding C object CMakeFiles/person_msgs__rosidl_typesupport_introspection_c__pyext.dir/rosidl_generator_py/person_msgs/_person_msgs_s.ep.rosidl_typesupport_introspection_c.c.o[0m
[26.148s] [ 90%] [32m[1mLinking C shared library rosidl_generator_py/person_msgs/person_msgs_s__rosidl_typesupport_c.cpython-38-x86_64-linux-gnu.so[0m
[26.161s] [ 93%] [32m[1mLinking C shared library rosidl_generator_py/person_msgs/person_msgs_s__rosidl_typesupport_introspection_c.cpython-38-x86_64-linux-gnu.so[0m
[26.408s] [ 93%] Built target person_msgs__rosidl_typesupport_c__pyext
[26.415s] [ 93%] Built target person_msgs__rosidl_typesupport_introspection_c__pyext
[26.485s] [35m[1mScanning dependencies of target person_msgs__rosidl_typesupport_fastrtps_c__pyext[0m
[26.619s] [ 96%] [32mBuilding C object CMakeFiles/person_msgs__rosidl_typesupport_fastrtps_c__pyext.dir/rosidl_generator_py/person_msgs/_person_msgs_s.ep.rosidl_typesupport_fastrtps_c.c.o[0m
[26.954s] [100%] [32m[1mLinking CXX shared library rosidl_generator_py/person_msgs/person_msgs_s__rosidl_typesupport_fastrtps_c.cpython-38-x86_64-linux-gnu.so[0m
[27.243s] [100%] Built target person_msgs__rosidl_typesupport_fastrtps_c__pyext
[27.309s] Invoked command in '/home/redbull/ros2_ws/build/person_msgs' returned '0': CMAKE_PREFIX_PATH=/home/redbull/ros2_ws/install/mypkg:/opt/ros/foxy /usr/bin/cmake --build /home/redbull/ros2_ws/build/person_msgs -- -j2 -l2
[27.814s] Invoking command in '/home/redbull/ros2_ws/build/person_msgs': CMAKE_PREFIX_PATH=/home/redbull/ros2_ws/install/mypkg:/opt/ros/foxy /usr/bin/cmake --install /home/redbull/ros2_ws/build/person_msgs
[27.867s] -- Install configuration: ""
[27.873s] -- Installing: /home/redbull/ros2_ws/install/person_msgs/share/ament_index/resource_index/rosidl_interfaces/person_msgs
[27.874s] -- Installing: /home/redbull/ros2_ws/install/person_msgs/include/person_msgs
[27.874s] -- Installing: /home/redbull/ros2_ws/install/person_msgs/include/person_msgs/msg
[27.875s] -- Installing: /home/redbull/ros2_ws/install/person_msgs/include/person_msgs/msg/detail
[27.875s] -- Installing: /home/redbull/ros2_ws/install/person_msgs/include/person_msgs/msg/detail/person__functions.c
[27.877s] -- Installing: /home/redbull/ros2_ws/install/person_msgs/include/person_msgs/msg/detail/person__functions.h
[27.878s] -- Installing: /home/redbull/ros2_ws/install/person_msgs/include/person_msgs/msg/detail/person__struct.h
[27.881s] -- Installing: /home/redbull/ros2_ws/install/person_msgs/include/person_msgs/msg/detail/person__type_support.h
[27.883s] -- Installing: /home/redbull/ros2_ws/install/person_msgs/include/person_msgs/msg/person.h
[27.885s] -- Installing: /home/redbull/ros2_ws/install/person_msgs/include/person_msgs/msg/rosidl_generator_c__visibility_control.h
[27.887s] -- Installing: /home/redbull/ros2_ws/install/person_msgs/share/person_msgs/environment/library_path.sh
[27.889s] -- Installing: /home/redbull/ros2_ws/install/person_msgs/share/person_msgs/environment/library_path.dsv
[27.891s] -- Installing: /home/redbull/ros2_ws/install/person_msgs/lib/libperson_msgs__rosidl_generator_c.so
[27.912s] -- Set runtime path of "/home/redbull/ros2_ws/install/person_msgs/lib/libperson_msgs__rosidl_generator_c.so" to ""
[27.912s] -- Up-to-date: /home/redbull/ros2_ws/install/person_msgs/include/person_msgs
[27.912s] -- Up-to-date: /home/redbull/ros2_ws/install/person_msgs/include/person_msgs/msg
[27.912s] -- Up-to-date: /home/redbull/ros2_ws/install/person_msgs/include/person_msgs/msg/detail
[27.912s] -- Installing: /home/redbull/ros2_ws/install/person_msgs/include/person_msgs/msg/detail/person__rosidl_typesupport_fastrtps_c.h
[27.913s] -- Installing: /home/redbull/ros2_ws/install/person_msgs/include/person_msgs/msg/rosidl_typesupport_fastrtps_c__visibility_control.h
[27.915s] -- Installing: /home/redbull/ros2_ws/install/person_msgs/lib/libperson_msgs__rosidl_typesupport_fastrtps_c.so
[27.924s] -- Set runtime path of "/home/redbull/ros2_ws/install/person_msgs/lib/libperson_msgs__rosidl_typesupport_fastrtps_c.so" to ""
[27.924s] -- Up-to-date: /home/redbull/ros2_ws/install/person_msgs/include/person_msgs
[27.925s] -- Up-to-date: /home/redbull/ros2_ws/install/person_msgs/include/person_msgs/msg
[27.925s] -- Up-to-date: /home/redbull/ros2_ws/install/person_msgs/include/person_msgs/msg/detail
[27.925s] -- Installing: /home/redbull/ros2_ws/install/person_msgs/include/person_msgs/msg/detail/dds_fastrtps
[27.925s] -- Installing: /home/redbull/ros2_ws/install/person_msgs/include/person_msgs/msg/detail/person__rosidl_typesupport_fastrtps_cpp.hpp
[27.927s] -- Installing: /home/redbull/ros2_ws/install/person_msgs/include/person_msgs/msg/rosidl_typesupport_fastrtps_cpp__visibility_control.h
[27.933s] -- Installing: /home/redbull/ros2_ws/install/person_msgs/lib/libperson_msgs__rosidl_typesupport_fastrtps_cpp.so
[27.941s] -- Set runtime path of "/home/redbull/ros2_ws/install/person_msgs/lib/libperson_msgs__rosidl_typesupport_fastrtps_cpp.so" to ""
[27.941s] -- Up-to-date: /home/redbull/ros2_ws/install/person_msgs/include/person_msgs
[27.941s] -- Up-to-date: /home/redbull/ros2_ws/install/person_msgs/include/person_msgs/msg
[27.941s] -- Up-to-date: /home/redbull/ros2_ws/install/person_msgs/include/person_msgs/msg/detail
[27.942s] -- Installing: /home/redbull/ros2_ws/install/person_msgs/include/person_msgs/msg/detail/person__rosidl_typesupport_introspection_c.h
[27.944s] -- Installing: /home/redbull/ros2_ws/install/person_msgs/include/person_msgs/msg/detail/person__type_support.c
[27.945s] -- Installing: /home/redbull/ros2_ws/install/person_msgs/include/person_msgs/msg/rosidl_typesupport_introspection_c__visibility_control.h
[27.948s] -- Installing: /home/redbull/ros2_ws/install/person_msgs/lib/libperson_msgs__rosidl_typesupport_introspection_c.so
[27.957s] -- Set runtime path of "/home/redbull/ros2_ws/install/person_msgs/lib/libperson_msgs__rosidl_typesupport_introspection_c.so" to ""
[27.957s] -- Installing: /home/redbull/ros2_ws/install/person_msgs/lib/libperson_msgs__rosidl_typesupport_c.so
[27.966s] -- Set runtime path of "/home/redbull/ros2_ws/install/person_msgs/lib/libperson_msgs__rosidl_typesupport_c.so" to ""
[27.967s] -- Up-to-date: /home/redbull/ros2_ws/install/person_msgs/include/person_msgs
[27.967s] -- Up-to-date: /home/redbull/ros2_ws/install/person_msgs/include/person_msgs/msg
[27.967s] -- Up-to-date: /home/redbull/ros2_ws/install/person_msgs/include/person_msgs/msg/detail
[27.968s] -- Installing: /home/redbull/ros2_ws/install/person_msgs/include/person_msgs/msg/detail/person__builder.hpp
[27.970s] -- Installing: /home/redbull/ros2_ws/install/person_msgs/include/person_msgs/msg/detail/person__struct.hpp
[27.972s] -- Installing: /home/redbull/ros2_ws/install/person_msgs/include/person_msgs/msg/detail/person__traits.hpp
[27.974s] -- Installing: /home/redbull/ros2_ws/install/person_msgs/include/person_msgs/msg/detail/person__type_support.hpp
[27.976s] -- Installing: /home/redbull/ros2_ws/install/person_msgs/include/person_msgs/msg/person.hpp
[27.978s] -- Installing: /home/redbull/ros2_ws/install/person_msgs/include/person_msgs/msg/rosidl_generator_cpp__visibility_control.hpp
[27.980s] -- Up-to-date: /home/redbull/ros2_ws/install/person_msgs/include/person_msgs
[27.981s] -- Up-to-date: /home/redbull/ros2_ws/install/person_msgs/include/person_msgs/msg
[27.981s] -- Up-to-date: /home/redbull/ros2_ws/install/person_msgs/include/person_msgs/msg/detail
[27.982s] -- Installing: /home/redbull/ros2_ws/install/person_msgs/include/person_msgs/msg/detail/person__rosidl_typesupport_introspection_cpp.hpp
[27.985s] -- Installing: /home/redbull/ros2_ws/install/person_msgs/include/person_msgs/msg/detail/person__type_support.cpp
[27.986s] -- Installing: /home/redbull/ros2_ws/install/person_msgs/lib/libperson_msgs__rosidl_typesupport_introspection_cpp.so
[27.996s] -- Set runtime path of "/home/redbull/ros2_ws/install/person_msgs/lib/libperson_msgs__rosidl_typesupport_introspection_cpp.so" to ""
[27.997s] -- Installing: /home/redbull/ros2_ws/install/person_msgs/lib/libperson_msgs__rosidl_typesupport_cpp.so
[28.006s] -- Set runtime path of "/home/redbull/ros2_ws/install/person_msgs/lib/libperson_msgs__rosidl_typesupport_cpp.so" to ""
[28.006s] -- Installing: /home/redbull/ros2_ws/install/person_msgs/share/person_msgs/environment/pythonpath.sh
[28.009s] -- Installing: /home/redbull/ros2_ws/install/person_msgs/share/person_msgs/environment/pythonpath.dsv
[28.012s] -- Installing: /home/redbull/ros2_ws/install/person_msgs/lib/python3.8/site-packages/person_msgs/__init__.py
[28.113s] Compiling '/home/redbull/ros2_ws/install/person_msgs/lib/python3.8/site-packages/person_msgs/__init__.py'...
[28.119s] -- Installing: /home/redbull/ros2_ws/install/person_msgs/lib/python3.8/site-packages/person_msgs/msg
[28.119s] -- Installing: /home/redbull/ros2_ws/install/person_msgs/lib/python3.8/site-packages/person_msgs/msg/_person.py
[28.121s] -- Installing: /home/redbull/ros2_ws/install/person_msgs/lib/python3.8/site-packages/person_msgs/msg/_person_s.c
[28.123s] -- Installing: /home/redbull/ros2_ws/install/person_msgs/lib/python3.8/site-packages/person_msgs/msg/__init__.py
[28.127s] -- Installing: /home/redbull/ros2_ws/install/person_msgs/lib/python3.8/site-packages/person_msgs/person_msgs_s__rosidl_typesupport_fastrtps_c.cpython-38-x86_64-linux-gnu.so
[28.136s] -- Set runtime path of "/home/redbull/ros2_ws/install/person_msgs/lib/python3.8/site-packages/person_msgs/person_msgs_s__rosidl_typesupport_fastrtps_c.cpython-38-x86_64-linux-gnu.so" to ""
[28.136s] -- Installing: /home/redbull/ros2_ws/install/person_msgs/lib/python3.8/site-packages/person_msgs/person_msgs_s__rosidl_typesupport_introspection_c.cpython-38-x86_64-linux-gnu.so
[28.146s] -- Set runtime path of "/home/redbull/ros2_ws/install/person_msgs/lib/python3.8/site-packages/person_msgs/person_msgs_s__rosidl_typesupport_introspection_c.cpython-38-x86_64-linux-gnu.so" to ""
[28.147s] -- Installing: /home/redbull/ros2_ws/install/person_msgs/lib/python3.8/site-packages/person_msgs/person_msgs_s__rosidl_typesupport_c.cpython-38-x86_64-linux-gnu.so
[28.156s] -- Set runtime path of "/home/redbull/ros2_ws/install/person_msgs/lib/python3.8/site-packages/person_msgs/person_msgs_s__rosidl_typesupport_c.cpython-38-x86_64-linux-gnu.so" to ""
[28.156s] -- Installing: /home/redbull/ros2_ws/install/person_msgs/lib/libperson_msgs__python.so
[28.167s] -- Set runtime path of "/home/redbull/ros2_ws/install/person_msgs/lib/libperson_msgs__python.so" to ""
[28.167s] -- Installing: /home/redbull/ros2_ws/install/person_msgs/share/person_msgs/msg/Person.idl
[28.171s] -- Installing: /home/redbull/ros2_ws/install/person_msgs/share/person_msgs/msg/Person.msg
[28.171s] -- Installing: /home/redbull/ros2_ws/install/person_msgs/share/ament_index/resource_index/package_run_dependencies/person_msgs
[28.174s] -- Installing: /home/redbull/ros2_ws/install/person_msgs/share/ament_index/resource_index/parent_prefix_path/person_msgs
[28.175s] -- Installing: /home/redbull/ros2_ws/install/person_msgs/share/person_msgs/environment/ament_prefix_path.sh
[28.178s] -- Installing: /home/redbull/ros2_ws/install/person_msgs/share/person_msgs/environment/ament_prefix_path.dsv
[28.180s] -- Installing: /home/redbull/ros2_ws/install/person_msgs/share/person_msgs/environment/path.sh
[28.182s] -- Installing: /home/redbull/ros2_ws/install/person_msgs/share/person_msgs/environment/path.dsv
[28.184s] -- Installing: /home/redbull/ros2_ws/install/person_msgs/share/person_msgs/local_setup.bash
[28.186s] -- Installing: /home/redbull/ros2_ws/install/person_msgs/share/person_msgs/local_setup.sh
[28.189s] -- Installing: /home/redbull/ros2_ws/install/person_msgs/share/person_msgs/local_setup.zsh
[28.191s] -- Installing: /home/redbull/ros2_ws/install/person_msgs/share/person_msgs/local_setup.dsv
[28.192s] -- Installing: /home/redbull/ros2_ws/install/person_msgs/share/person_msgs/package.dsv
[28.194s] -- Installing: /home/redbull/ros2_ws/install/person_msgs/share/ament_index/resource_index/packages/person_msgs
[28.197s] -- Installing: /home/redbull/ros2_ws/install/person_msgs/share/person_msgs/cmake/person_msgs__rosidl_generator_cExport.cmake
[28.199s] -- Installing: /home/redbull/ros2_ws/install/person_msgs/share/person_msgs/cmake/person_msgs__rosidl_generator_cExport-noconfig.cmake
[28.201s] -- Installing: /home/redbull/ros2_ws/install/person_msgs/share/person_msgs/cmake/person_msgs__rosidl_typesupport_introspection_cExport.cmake
[28.205s] -- Installing: /home/redbull/ros2_ws/install/person_msgs/share/person_msgs/cmake/person_msgs__rosidl_typesupport_introspection_cExport-noconfig.cmake
[28.205s] -- Installing: /home/redbull/ros2_ws/install/person_msgs/share/person_msgs/cmake/person_msgs__rosidl_typesupport_cExport.cmake
[28.208s] -- Installing: /home/redbull/ros2_ws/install/person_msgs/share/person_msgs/cmake/person_msgs__rosidl_typesupport_cExport-noconfig.cmake
[28.210s] -- Installing: /home/redbull/ros2_ws/install/person_msgs/share/person_msgs/cmake/person_msgs__rosidl_generator_cppExport.cmake
[28.212s] -- Installing: /home/redbull/ros2_ws/install/person_msgs/share/person_msgs/cmake/person_msgs__rosidl_typesupport_introspection_cppExport.cmake
[28.214s] -- Installing: /home/redbull/ros2_ws/install/person_msgs/share/person_msgs/cmake/person_msgs__rosidl_typesupport_introspection_cppExport-noconfig.cmake
[28.217s] -- Installing: /home/redbull/ros2_ws/install/person_msgs/share/person_msgs/cmake/person_msgs__rosidl_typesupport_cppExport.cmake
[28.220s] -- Installing: /home/redbull/ros2_ws/install/person_msgs/share/person_msgs/cmake/person_msgs__rosidl_typesupport_cppExport-noconfig.cmake
[28.220s] -- Installing: /home/redbull/ros2_ws/install/person_msgs/share/person_msgs/cmake/rosidl_cmake-extras.cmake
[28.223s] -- Installing: /home/redbull/ros2_ws/install/person_msgs/share/person_msgs/cmake/ament_cmake_export_dependencies-extras.cmake
[28.225s] -- Installing: /home/redbull/ros2_ws/install/person_msgs/share/person_msgs/cmake/ament_cmake_export_libraries-extras.cmake
[28.227s] -- Installing: /home/redbull/ros2_ws/install/person_msgs/share/person_msgs/cmake/ament_cmake_export_targets-extras.cmake
[28.229s] -- Installing: /home/redbull/ros2_ws/install/person_msgs/share/person_msgs/cmake/ament_cmake_export_include_directories-extras.cmake
[28.231s] -- Installing: /home/redbull/ros2_ws/install/person_msgs/share/person_msgs/cmake/rosidl_cmake_export_typesupport_libraries-extras.cmake
[28.235s] -- Installing: /home/redbull/ros2_ws/install/person_msgs/share/person_msgs/cmake/rosidl_cmake_export_typesupport_targets-extras.cmake
[28.238s] -- Installing: /home/redbull/ros2_ws/install/person_msgs/share/person_msgs/cmake/person_msgsConfig.cmake
[28.240s] -- Installing: /home/redbull/ros2_ws/install/person_msgs/share/person_msgs/cmake/person_msgsConfig-version.cmake
[28.243s] -- Installing: /home/redbull/ros2_ws/install/person_msgs/share/person_msgs/package.xml
[28.251s] Invoked command in '/home/redbull/ros2_ws/build/person_msgs' returned '0': CMAKE_PREFIX_PATH=/home/redbull/ros2_ws/install/mypkg:/opt/ros/foxy /usr/bin/cmake --install /home/redbull/ros2_ws/build/person_msgs
