[3.639s] Invoking command in '/home/redbull/ros2_ws/src/mypkg': PYTHONPATH=/home/redbull/ros2_ws/build/mypkg/prefix_override:/home/redbull/ros2_ws/install/mypkg/lib/python3.8/site-packages:${PYTHONPATH} /usr/bin/python3 setup.py egg_info --egg-base ../../build/mypkg build --build-base /home/redbull/ros2_ws/build/mypkg/build install --record /home/redbull/ros2_ws/build/mypkg/install.log --install-scripts $base/lib/mypkg --single-version-externally-managed
[4.710s] running egg_info
[4.711s] writing ../../build/mypkg/mypkg.egg-info/PKG-INFO
[4.712s] writing dependency_links to ../../build/mypkg/mypkg.egg-info/dependency_links.txt
[4.716s] writing entry points to ../../build/mypkg/mypkg.egg-info/entry_points.txt
[4.716s] writing requirements to ../../build/mypkg/mypkg.egg-info/requires.txt
[4.717s] writing top-level names to ../../build/mypkg/mypkg.egg-info/top_level.txt
[4.838s] reading manifest file '../../build/mypkg/mypkg.egg-info/SOURCES.txt'
[4.840s] writing manifest file '../../build/mypkg/mypkg.egg-info/SOURCES.txt'
[4.840s] running build
[4.841s] running build_py
[4.841s] copying mypkg/talker.py -> /home/redbull/ros2_ws/build/mypkg/build/lib/mypkg
[4.846s] copying mypkg/__init__.py -> /home/redbull/ros2_ws/build/mypkg/build/lib/mypkg
[4.848s] running install
[4.851s] running install_lib
[4.854s] creating /home/redbull/ros2_ws/install/mypkg/lib/python3.8/site-packages/mypkg
[4.855s] copying /home/redbull/ros2_ws/build/mypkg/build/lib/mypkg/talker.py -> /home/redbull/ros2_ws/install/mypkg/lib/python3.8/site-packages/mypkg
[4.870s] copying /home/redbull/ros2_ws/build/mypkg/build/lib/mypkg/__init__.py -> /home/redbull/ros2_ws/install/mypkg/lib/python3.8/site-packages/mypkg
[4.870s] byte-compiling /home/redbull/ros2_ws/install/mypkg/lib/python3.8/site-packages/mypkg/talker.py to talker.cpython-38.pyc
[4.883s] byte-compiling /home/redbull/ros2_ws/install/mypkg/lib/python3.8/site-packages/mypkg/__init__.py to __init__.cpython-38.pyc
[4.888s] running install_data
[4.889s] creating /home/redbull/ros2_ws/install/mypkg/share/ament_index
[4.889s] creating /home/redbull/ros2_ws/install/mypkg/share/ament_index/resource_index
[4.890s] creating /home/redbull/ros2_ws/install/mypkg/share/ament_index/resource_index/packages
[4.891s] copying resource/mypkg -> /home/redbull/ros2_ws/install/mypkg/share/ament_index/resource_index/packages
[4.892s] copying package.xml -> /home/redbull/ros2_ws/install/mypkg/share/mypkg
[4.894s] running install_egg_info
[4.900s] Copying ../../build/mypkg/mypkg.egg-info to /home/redbull/ros2_ws/install/mypkg/lib/python3.8/site-packages/mypkg-0.0.0-py3.8.egg-info
[4.925s] running install_scripts
[4.978s] Installing talker script to /home/redbull/ros2_ws/install/mypkg/lib/mypkg
[4.981s] writing list of installed files to '/home/redbull/ros2_ws/build/mypkg/install.log'
[5.030s] Invoked command in '/home/redbull/ros2_ws/src/mypkg' returned '0': PYTHONPATH=/home/redbull/ros2_ws/build/mypkg/prefix_override:/home/redbull/ros2_ws/install/mypkg/lib/python3.8/site-packages:${PYTHONPATH} /usr/bin/python3 setup.py egg_info --egg-base ../../build/mypkg build --build-base /home/redbull/ros2_ws/build/mypkg/build install --record /home/redbull/ros2_ws/build/mypkg/install.log --install-scripts $base/lib/mypkg --single-version-externally-managed
