[9.262s] Invoking command in '/home/redbull/ros2_ws/src/mypkg': PYTHONPATH=/home/redbull/ros2_ws/src/mypkg/build/mypkg/prefix_override:/home/redbull/ros2_ws/src/mypkg/install/mypkg/lib/python3.8/site-packages:${PYTHONPATH} /usr/bin/python3 setup.py egg_info --egg-base build/mypkg build --build-base /home/redbull/ros2_ws/src/mypkg/build/mypkg/build install --record /home/redbull/ros2_ws/src/mypkg/build/mypkg/install.log --install-scripts $base/lib/mypkg --single-version-externally-managed
[10.530s] running egg_info
[10.551s] creating build/mypkg/mypkg.egg-info
[10.551s] writing build/mypkg/mypkg.egg-info/PKG-INFO
[10.552s] writing dependency_links to build/mypkg/mypkg.egg-info/dependency_links.txt
[10.552s] writing entry points to build/mypkg/mypkg.egg-info/entry_points.txt
[10.552s] writing requirements to build/mypkg/mypkg.egg-info/requires.txt
[10.613s] writing top-level names to build/mypkg/mypkg.egg-info/top_level.txt
[10.630s] writing manifest file 'build/mypkg/mypkg.egg-info/SOURCES.txt'
[10.707s] reading manifest file 'build/mypkg/mypkg.egg-info/SOURCES.txt'
[10.735s] writing manifest file 'build/mypkg/mypkg.egg-info/SOURCES.txt'
[10.752s] running build
[10.752s] running build_py
[10.753s] creating /home/redbull/ros2_ws/src/mypkg/build/mypkg/build
[10.758s] creating /home/redbull/ros2_ws/src/mypkg/build/mypkg/build/lib
[10.759s] creating /home/redbull/ros2_ws/src/mypkg/build/mypkg/build/lib/mypkg
[10.759s] copying mypkg/listener.py -> /home/redbull/ros2_ws/src/mypkg/build/mypkg/build/lib/mypkg
[10.772s] copying mypkg/talker.py -> /home/redbull/ros2_ws/src/mypkg/build/mypkg/build/lib/mypkg
[10.795s] copying mypkg/__init__.py -> /home/redbull/ros2_ws/src/mypkg/build/mypkg/build/lib/mypkg
[10.807s] running install
[10.808s] running install_lib
[10.808s] creating /home/redbull/ros2_ws/src/mypkg/install/mypkg/lib/python3.8/site-packages/mypkg
[10.811s] copying /home/redbull/ros2_ws/src/mypkg/build/mypkg/build/lib/mypkg/listener.py -> /home/redbull/ros2_ws/src/mypkg/install/mypkg/lib/python3.8/site-packages/mypkg
[10.828s] copying /home/redbull/ros2_ws/src/mypkg/build/mypkg/build/lib/mypkg/talker.py -> /home/redbull/ros2_ws/src/mypkg/install/mypkg/lib/python3.8/site-packages/mypkg
[10.828s] copying /home/redbull/ros2_ws/src/mypkg/build/mypkg/build/lib/mypkg/__init__.py -> /home/redbull/ros2_ws/src/mypkg/install/mypkg/lib/python3.8/site-packages/mypkg
[10.828s] byte-compiling /home/redbull/ros2_ws/src/mypkg/install/mypkg/lib/python3.8/site-packages/mypkg/listener.py to listener.cpython-38.pyc
[10.839s] byte-compiling /home/redbull/ros2_ws/src/mypkg/install/mypkg/lib/python3.8/site-packages/mypkg/talker.py to talker.cpython-38.pyc
[10.849s] byte-compiling /home/redbull/ros2_ws/src/mypkg/install/mypkg/lib/python3.8/site-packages/mypkg/__init__.py to __init__.cpython-38.pyc
[10.849s] running install_data
[10.849s] creating /home/redbull/ros2_ws/src/mypkg/install/mypkg/share/ament_index
[10.866s] creating /home/redbull/ros2_ws/src/mypkg/install/mypkg/share/ament_index/resource_index
[10.866s] creating /home/redbull/ros2_ws/src/mypkg/install/mypkg/share/ament_index/resource_index/packages
[10.866s] copying resource/mypkg -> /home/redbull/ros2_ws/src/mypkg/install/mypkg/share/ament_index/resource_index/packages
[10.867s] copying package.xml -> /home/redbull/ros2_ws/src/mypkg/install/mypkg/share/mypkg
[10.867s] running install_egg_info
[10.867s] Copying build/mypkg/mypkg.egg-info to /home/redbull/ros2_ws/src/mypkg/install/mypkg/lib/python3.8/site-packages/mypkg-0.0.0-py3.8.egg-info
[11.015s] running install_scripts
[11.056s] Installing listener script to /home/redbull/ros2_ws/src/mypkg/install/mypkg/lib/mypkg
[11.060s] Installing talker script to /home/redbull/ros2_ws/src/mypkg/install/mypkg/lib/mypkg
[11.061s] writing list of installed files to '/home/redbull/ros2_ws/src/mypkg/build/mypkg/install.log'
[11.134s] Invoked command in '/home/redbull/ros2_ws/src/mypkg' returned '0': PYTHONPATH=/home/redbull/ros2_ws/src/mypkg/build/mypkg/prefix_override:/home/redbull/ros2_ws/src/mypkg/install/mypkg/lib/python3.8/site-packages:${PYTHONPATH} /usr/bin/python3 setup.py egg_info --egg-base build/mypkg build --build-base /home/redbull/ros2_ws/src/mypkg/build/mypkg/build install --record /home/redbull/ros2_ws/src/mypkg/build/mypkg/install.log --install-scripts $base/lib/mypkg --single-version-externally-managed
