[2.686s] Invoking command in '/home/redbull/ros2_ws/src/mypkg': PYTHONPATH=/home/redbull/ros2_ws/build/mypkg/prefix_override:/home/redbull/ros2_ws/install/mypkg/lib/python3.8/site-packages:${PYTHONPATH} /usr/bin/python3 setup.py egg_info --egg-base ../../build/mypkg build --build-base /home/redbull/ros2_ws/build/mypkg/build install --record /home/redbull/ros2_ws/build/mypkg/install.log --install-scripts $base/lib/mypkg --single-version-externally-managed
[3.495s] running egg_info
[3.495s] writing ../../build/mypkg/mypkg.egg-info/PKG-INFO
[3.495s] writing dependency_links to ../../build/mypkg/mypkg.egg-info/dependency_links.txt
[3.496s] writing entry points to ../../build/mypkg/mypkg.egg-info/entry_points.txt
[3.496s] writing requirements to ../../build/mypkg/mypkg.egg-info/requires.txt
[3.496s] writing top-level names to ../../build/mypkg/mypkg.egg-info/top_level.txt
[3.537s] reading manifest file '../../build/mypkg/mypkg.egg-info/SOURCES.txt'
[3.538s] writing manifest file '../../build/mypkg/mypkg.egg-info/SOURCES.txt'
[3.538s] running build
[3.539s] running build_py
[3.539s] running install
[3.546s] running install_lib
[3.551s] running install_data
[3.556s] running install_egg_info
[3.556s] removing '/home/redbull/ros2_ws/install/mypkg/lib/python3.8/site-packages/mypkg-0.0.0-py3.8.egg-info' (and everything under it)
[3.559s] Copying ../../build/mypkg/mypkg.egg-info to /home/redbull/ros2_ws/install/mypkg/lib/python3.8/site-packages/mypkg-0.0.0-py3.8.egg-info
[3.696s] running install_scripts
[3.714s] Installing listener script to /home/redbull/ros2_ws/install/mypkg/lib/mypkg
[3.714s] Installing talker script to /home/redbull/ros2_ws/install/mypkg/lib/mypkg
[3.715s] writing list of installed files to '/home/redbull/ros2_ws/build/mypkg/install.log'
[3.761s] Invoked command in '/home/redbull/ros2_ws/src/mypkg' returned '0': PYTHONPATH=/home/redbull/ros2_ws/build/mypkg/prefix_override:/home/redbull/ros2_ws/install/mypkg/lib/python3.8/site-packages:${PYTHONPATH} /usr/bin/python3 setup.py egg_info --egg-base ../../build/mypkg build --build-base /home/redbull/ros2_ws/build/mypkg/build install --record /home/redbull/ros2_ws/build/mypkg/install.log --install-scripts $base/lib/mypkg --single-version-externally-managed
