[13.408s] DEBUG:colcon:Command line arguments: ['/usr/bin/colcon', 'build']
[13.408s] DEBUG:colcon:Parsed command line arguments: Namespace(allow_overriding=[], ament_cmake_args=None, base_paths=['.'], build_base='build', catkin_cmake_args=None, catkin_skip_building_tests=False, cmake_args=None, cmake_clean_cache=False, cmake_clean_first=False, cmake_force_configure=False, cmake_target=None, cmake_target_skip_unavailable=False, continue_on_error=False, event_handlers=None, executor='parallel', ignore_user_meta=False, install_base='install', log_base=None, log_level=None, main=<bound method BuildVerb.main of <colcon_core.verb.build.BuildVerb object at 0x7faacc104e80>>, merge_install=False, metas=['./colcon.meta'], packages_above=None, packages_above_and_dependencies=None, packages_above_depth=None, packages_end=None, packages_ignore=None, packages_ignore_regex=None, packages_select=None, packages_select_build_failed=False, packages_select_by_dep=None, packages_select_regex=None, packages_select_test_failures=False, packages_skip=None, packages_skip_build_finished=False, packages_skip_by_dep=None, packages_skip_regex=None, packages_skip_test_passed=False, packages_skip_up_to=None, packages_start=None, packages_up_to=None, packages_up_to_regex=None, parallel_workers=2, paths=None, symlink_install=False, test_result_base=None, verb_extension=<colcon_core.verb.build.BuildVerb object at 0x7faacc104e80>, verb_name='build', verb_parser=<colcon_defaults.argument_parser.defaults.DefaultArgumentsDecorator object at 0x7faacbda7bb0>)
[15.306s] Level 1:colcon.colcon_core.package_discovery:discover_packages(colcon_meta) check parameters
[15.306s] Level 1:colcon.colcon_core.package_discovery:discover_packages(recursive) check parameters
[15.306s] Level 1:colcon.colcon_core.package_discovery:discover_packages(ignore) check parameters
[15.306s] Level 1:colcon.colcon_core.package_discovery:discover_packages(path) check parameters
[15.306s] Level 1:colcon.colcon_core.package_discovery:discover_packages(colcon_meta) discover
[15.307s] Level 1:colcon.colcon_core.package_discovery:discover_packages(recursive) discover
[15.307s] INFO:colcon.colcon_core.package_discovery:Crawling recursively for packages in '/home/redbull/ros2_ws/src'
[15.307s] Level 1:colcon.colcon_core.package_identification:_identify(.) by extensions ['ignore', 'ignore_ament_install']
[15.307s] Level 1:colcon.colcon_core.package_identification:_identify(.) by extension 'ignore'
[15.308s] Level 1:colcon.colcon_core.package_identification:_identify(.) by extension 'ignore_ament_install'
[15.308s] Level 1:colcon.colcon_core.package_identification:_identify(.) by extensions ['colcon_pkg']
[15.308s] Level 1:colcon.colcon_core.package_identification:_identify(.) by extension 'colcon_pkg'
[15.308s] Level 1:colcon.colcon_core.package_identification:_identify(.) by extensions ['colcon_meta']
[15.308s] Level 1:colcon.colcon_core.package_identification:_identify(.) by extension 'colcon_meta'
[15.309s] Level 1:colcon.colcon_core.package_identification:_identify(.) by extensions ['ros']
[15.309s] Level 1:colcon.colcon_core.package_identification:_identify(.) by extension 'ros'
[15.359s] Level 1:colcon.colcon_core.package_identification:_identify(.) by extensions ['cmake', 'python']
[15.359s] Level 1:colcon.colcon_core.package_identification:_identify(.) by extension 'cmake'
[15.359s] Level 1:colcon.colcon_core.package_identification:_identify(.) by extension 'python'
[15.359s] Level 1:colcon.colcon_core.package_identification:_identify(.) by extensions ['python_setup_py']
[15.359s] Level 1:colcon.colcon_core.package_identification:_identify(.) by extension 'python_setup_py'
[15.360s] Level 1:colcon.colcon_core.package_identification:_identify(build) by extensions ['ignore', 'ignore_ament_install']
[15.361s] Level 1:colcon.colcon_core.package_identification:_identify(build) by extension 'ignore'
[15.361s] Level 1:colcon.colcon_core.package_identification:_identify(build) ignored
[15.362s] Level 1:colcon.colcon_core.package_identification:_identify(install) by extensions ['ignore', 'ignore_ament_install']
[15.362s] Level 1:colcon.colcon_core.package_identification:_identify(install) by extension 'ignore'
[15.362s] Level 1:colcon.colcon_core.package_identification:_identify(install) ignored
[15.363s] Level 1:colcon.colcon_core.package_identification:_identify(log) by extensions ['ignore', 'ignore_ament_install']
[15.363s] Level 1:colcon.colcon_core.package_identification:_identify(log) by extension 'ignore'
[15.363s] Level 1:colcon.colcon_core.package_identification:_identify(log) ignored
[15.364s] Level 1:colcon.colcon_core.package_identification:_identify(mypkg) by extensions ['ignore', 'ignore_ament_install']
[15.364s] Level 1:colcon.colcon_core.package_identification:_identify(mypkg) by extension 'ignore'
[15.364s] Level 1:colcon.colcon_core.package_identification:_identify(mypkg) by extension 'ignore_ament_install'
[15.365s] Level 1:colcon.colcon_core.package_identification:_identify(mypkg) by extensions ['colcon_pkg']
[15.365s] Level 1:colcon.colcon_core.package_identification:_identify(mypkg) by extension 'colcon_pkg'
[15.365s] Level 1:colcon.colcon_core.package_identification:_identify(mypkg) by extensions ['colcon_meta']
[15.365s] Level 1:colcon.colcon_core.package_identification:_identify(mypkg) by extension 'colcon_meta'
[15.365s] Level 1:colcon.colcon_core.package_identification:_identify(mypkg) by extensions ['ros']
[15.365s] Level 1:colcon.colcon_core.package_identification:_identify(mypkg) by extension 'ros'
[15.416s] DEBUG:colcon.colcon_core.package_identification:Package 'mypkg' with type 'ros.ament_python' and name 'mypkg'
[15.416s] Level 1:colcon.colcon_core.package_discovery:discover_packages(recursive) using defaults
[15.417s] Level 1:colcon.colcon_core.package_discovery:discover_packages(ignore) discover
[15.417s] Level 1:colcon.colcon_core.package_discovery:discover_packages(ignore) using defaults
[15.417s] Level 1:colcon.colcon_core.package_discovery:discover_packages(path) discover
[15.417s] Level 1:colcon.colcon_core.package_discovery:discover_packages(path) using defaults
[17.184s] Level 1:colcon.colcon_core.package_discovery:discover_packages(prefix_path) check parameters
[17.184s] Level 1:colcon.colcon_core.package_discovery:discover_packages(prefix_path) discover
[17.937s] DEBUG:colcon.colcon_installed_package_information.package_discovery:Found 256 installed packages in /opt/ros/foxy
[17.942s] Level 1:colcon.colcon_core.package_discovery:discover_packages(prefix_path) using defaults
[19.021s] Level 5:colcon.colcon_core.verb:set package 'mypkg' build argument 'cmake_args' from command line to 'None'
[19.021s] Level 5:colcon.colcon_core.verb:set package 'mypkg' build argument 'cmake_target' from command line to 'None'
[19.021s] Level 5:colcon.colcon_core.verb:set package 'mypkg' build argument 'cmake_target_skip_unavailable' from command line to 'False'
[19.021s] Level 5:colcon.colcon_core.verb:set package 'mypkg' build argument 'cmake_clean_cache' from command line to 'False'
[19.021s] Level 5:colcon.colcon_core.verb:set package 'mypkg' build argument 'cmake_clean_first' from command line to 'False'
[19.021s] Level 5:colcon.colcon_core.verb:set package 'mypkg' build argument 'cmake_force_configure' from command line to 'False'
[19.021s] Level 5:colcon.colcon_core.verb:set package 'mypkg' build argument 'ament_cmake_args' from command line to 'None'
[19.022s] Level 5:colcon.colcon_core.verb:set package 'mypkg' build argument 'catkin_cmake_args' from command line to 'None'
[19.022s] Level 5:colcon.colcon_core.verb:set package 'mypkg' build argument 'catkin_skip_building_tests' from command line to 'False'
[19.022s] DEBUG:colcon.colcon_core.verb:Building package 'mypkg' with the following arguments: {'ament_cmake_args': None, 'build_base': '/home/redbull/ros2_ws/src/build/mypkg', 'catkin_cmake_args': None, 'catkin_skip_building_tests': False, 'cmake_args': None, 'cmake_clean_cache': False, 'cmake_clean_first': False, 'cmake_force_configure': False, 'cmake_target': None, 'cmake_target_skip_unavailable': False, 'install_base': '/home/redbull/ros2_ws/src/install/mypkg', 'merge_install': False, 'path': '/home/redbull/ros2_ws/src/mypkg', 'symlink_install': False, 'test_result_base': None}
[19.176s] INFO:colcon.colcon_core.executor:Executing jobs using 'parallel' executor
[19.459s] DEBUG:colcon.colcon_parallel_executor.executor.parallel:run_until_complete
[19.460s] INFO:colcon.colcon_ros.task.ament_python.build:Building ROS package in '/home/redbull/ros2_ws/src/mypkg' with build type 'ament_python'
[19.460s] Level 1:colcon.colcon_core.shell:create_environment_hook('mypkg', 'ament_prefix_path')
[20.043s] INFO:colcon.colcon_core.plugin_system:Skipping extension 'colcon_core.shell.bat': Not used on non-Windows systems
[20.044s] INFO:colcon.colcon_core.shell:Creating environment hook '/home/redbull/ros2_ws/src/install/mypkg/share/mypkg/hook/ament_prefix_path.ps1'
[20.061s] INFO:colcon.colcon_core.shell:Creating environment descriptor '/home/redbull/ros2_ws/src/install/mypkg/share/mypkg/hook/ament_prefix_path.dsv'
[20.075s] INFO:colcon.colcon_core.shell:Creating environment hook '/home/redbull/ros2_ws/src/install/mypkg/share/mypkg/hook/ament_prefix_path.sh'
[20.246s] INFO:colcon.colcon_core.shell:Skip shell extension 'powershell' for command environment: Not usable outside of PowerShell
[20.246s] DEBUG:colcon.colcon_core.shell:Skip shell extension 'dsv' for command environment
[21.944s] INFO:colcon.colcon_core.task.python.build:Building Python package in '/home/redbull/ros2_ws/src/mypkg'
[22.116s] INFO:colcon.colcon_core.shell:Skip shell extension 'powershell' for command environment: Not usable outside of PowerShell
[22.117s] DEBUG:colcon.colcon_core.shell:Skip shell extension 'dsv' for command environment
[27.637s] DEBUG:colcon.colcon_core.event_handler.log_command:Invoking command in '/home/redbull/ros2_ws/src/mypkg': PYTHONPATH=/home/redbull/ros2_ws/src/build/mypkg/prefix_override:/home/redbull/ros2_ws/src/install/mypkg/lib/python3.8/site-packages:${PYTHONPATH} /usr/bin/python3 setup.py egg_info --egg-base ../build/mypkg build --build-base /home/redbull/ros2_ws/src/build/mypkg/build install --record /home/redbull/ros2_ws/src/build/mypkg/install.log --install-scripts $base/lib/mypkg --single-version-externally-managed
[29.058s] DEBUG:colcon.colcon_core.event_handler.log_command:Invoked command in '/home/redbull/ros2_ws/src/mypkg' returned '0': PYTHONPATH=/home/redbull/ros2_ws/src/build/mypkg/prefix_override:/home/redbull/ros2_ws/src/install/mypkg/lib/python3.8/site-packages:${PYTHONPATH} /usr/bin/python3 setup.py egg_info --egg-base ../build/mypkg build --build-base /home/redbull/ros2_ws/src/build/mypkg/build install --record /home/redbull/ros2_ws/src/build/mypkg/install.log --install-scripts $base/lib/mypkg --single-version-externally-managed
[29.350s] Level 1:colcon.colcon_core.environment:checking '/home/redbull/ros2_ws/src/install/mypkg' for CMake module files
[29.353s] Level 1:colcon.colcon_core.environment:checking '/home/redbull/ros2_ws/src/install/mypkg' for CMake config files
[29.358s] Level 1:colcon.colcon_core.environment:checking '/home/redbull/ros2_ws/src/install/mypkg/lib'
[29.360s] Level 1:colcon.colcon_core.environment:checking '/home/redbull/ros2_ws/src/install/mypkg/bin'
[29.360s] Level 1:colcon.colcon_core.environment:checking '/home/redbull/ros2_ws/src/install/mypkg/lib/pkgconfig/mypkg.pc'
[29.361s] Level 1:colcon.colcon_core.environment:checking '/home/redbull/ros2_ws/src/install/mypkg/lib/python3.8/site-packages'
[29.362s] Level 1:colcon.colcon_core.shell:create_environment_hook('mypkg', 'pythonpath')
[29.518s] INFO:colcon.colcon_core.shell:Creating environment hook '/home/redbull/ros2_ws/src/install/mypkg/share/mypkg/hook/pythonpath.ps1'
[29.521s] INFO:colcon.colcon_core.shell:Creating environment descriptor '/home/redbull/ros2_ws/src/install/mypkg/share/mypkg/hook/pythonpath.dsv'
[29.524s] INFO:colcon.colcon_core.shell:Creating environment hook '/home/redbull/ros2_ws/src/install/mypkg/share/mypkg/hook/pythonpath.sh'
[29.528s] Level 1:colcon.colcon_core.environment:checking '/home/redbull/ros2_ws/src/install/mypkg/bin'
[29.528s] Level 1:colcon.colcon_core.environment:create_environment_scripts_only(mypkg)
[29.679s] INFO:colcon.colcon_core.shell:Creating package script '/home/redbull/ros2_ws/src/install/mypkg/share/mypkg/package.ps1'
[29.704s] INFO:colcon.colcon_core.shell:Creating package descriptor '/home/redbull/ros2_ws/src/install/mypkg/share/mypkg/package.dsv'
[29.719s] INFO:colcon.colcon_core.shell:Creating package script '/home/redbull/ros2_ws/src/install/mypkg/share/mypkg/package.sh'
[29.743s] INFO:colcon.colcon_core.shell:Creating package script '/home/redbull/ros2_ws/src/install/mypkg/share/mypkg/package.bash'
[29.761s] INFO:colcon.colcon_core.shell:Creating package script '/home/redbull/ros2_ws/src/install/mypkg/share/mypkg/package.zsh'
[29.779s] Level 1:colcon.colcon_core.environment:create_file_with_runtime_dependencies(/home/redbull/ros2_ws/src/install/mypkg/share/colcon-core/packages/mypkg)
[29.782s] DEBUG:colcon.colcon_parallel_executor.executor.parallel:closing loop
[29.783s] DEBUG:colcon.colcon_parallel_executor.executor.parallel:loop closed
[29.783s] DEBUG:colcon.colcon_parallel_executor.executor.parallel:run_until_complete finished with '0'
[29.783s] DEBUG:colcon.colcon_core.event_reactor:joining thread
[30.335s] INFO:colcon.colcon_core.plugin_system:Skipping extension 'colcon_notification.desktop_notification.notify_send': Could not find 'notify-send'
[30.336s] INFO:colcon.colcon_core.plugin_system:Skipping extension 'colcon_notification.desktop_notification.terminal_notifier': Not used on non-Darwin systems
[30.336s] INFO:colcon.colcon_core.plugin_system:Skipping extension 'colcon_notification.desktop_notification.win32': Not used on non-Windows systems
[30.336s] INFO:colcon.colcon_notification.desktop_notification:Sending desktop notification using 'notify2'
[30.519s] DEBUG:colcon.colcon_notification.desktop_notification.notify2:Failed to initialize notify2: org.freedesktop.DBus.Error.Spawn.ExecFailed: /usr/bin/dbus-launch terminated abnormally with the following error: Autolaunch error: X11 initialization failed.

[30.522s] DEBUG:colcon.colcon_core.event_reactor:joined thread
[30.754s] INFO:colcon.colcon_core.shell:Creating prefix script '/home/redbull/ros2_ws/src/install/local_setup.ps1'
[30.780s] INFO:colcon.colcon_core.shell:Creating prefix util module '/home/redbull/ros2_ws/src/install/_local_setup_util_ps1.py'
[30.804s] INFO:colcon.colcon_core.shell:Creating prefix chain script '/home/redbull/ros2_ws/src/install/setup.ps1'
[30.971s] INFO:colcon.colcon_core.shell:Creating prefix script '/home/redbull/ros2_ws/src/install/local_setup.sh'
[30.995s] INFO:colcon.colcon_core.shell:Creating prefix util module '/home/redbull/ros2_ws/src/install/_local_setup_util_sh.py'
[30.998s] INFO:colcon.colcon_core.shell:Creating prefix chain script '/home/redbull/ros2_ws/src/install/setup.sh'
[31.151s] INFO:colcon.colcon_core.shell:Creating prefix script '/home/redbull/ros2_ws/src/install/local_setup.bash'
[31.174s] INFO:colcon.colcon_core.shell:Creating prefix chain script '/home/redbull/ros2_ws/src/install/setup.bash'
[31.357s] INFO:colcon.colcon_core.shell:Creating prefix script '/home/redbull/ros2_ws/src/install/local_setup.zsh'
[31.373s] INFO:colcon.colcon_core.shell:Creating prefix chain script '/home/redbull/ros2_ws/src/install/setup.zsh'
