[8.010s] DEBUG:colcon:Command line arguments: ['/usr/bin/colcon', 'build']
[8.011s] DEBUG:colcon:Parsed command line arguments: Namespace(allow_overriding=[], ament_cmake_args=None, base_paths=['.'], build_base='build', catkin_cmake_args=None, catkin_skip_building_tests=False, cmake_args=None, cmake_clean_cache=False, cmake_clean_first=False, cmake_force_configure=False, cmake_target=None, cmake_target_skip_unavailable=False, continue_on_error=False, event_handlers=None, executor='parallel', ignore_user_meta=False, install_base='install', log_base=None, log_level=None, main=<bound method BuildVerb.main of <colcon_core.verb.build.BuildVerb object at 0x7fcc1cd25eb0>>, merge_install=False, metas=['./colcon.meta'], packages_above=None, packages_above_and_dependencies=None, packages_above_depth=None, packages_end=None, packages_ignore=None, packages_ignore_regex=None, packages_select=None, packages_select_build_failed=False, packages_select_by_dep=None, packages_select_regex=None, packages_select_test_failures=False, packages_skip=None, packages_skip_build_finished=False, packages_skip_by_dep=None, packages_skip_regex=None, packages_skip_test_passed=False, packages_skip_up_to=None, packages_start=None, packages_up_to=None, packages_up_to_regex=None, parallel_workers=2, paths=None, symlink_install=False, test_result_base=None, verb_extension=<colcon_core.verb.build.BuildVerb object at 0x7fcc1cd25eb0>, verb_name='build', verb_parser=<colcon_defaults.argument_parser.defaults.DefaultArgumentsDecorator object at 0x7fcc1c9c7be0>)
[8.367s] Level 1:colcon.colcon_core.package_discovery:discover_packages(colcon_meta) check parameters
[8.368s] Level 1:colcon.colcon_core.package_discovery:discover_packages(recursive) check parameters
[8.368s] Level 1:colcon.colcon_core.package_discovery:discover_packages(ignore) check parameters
[8.368s] Level 1:colcon.colcon_core.package_discovery:discover_packages(path) check parameters
[8.368s] Level 1:colcon.colcon_core.package_discovery:discover_packages(colcon_meta) discover
[8.368s] Level 1:colcon.colcon_core.package_discovery:discover_packages(recursive) discover
[8.368s] INFO:colcon.colcon_core.package_discovery:Crawling recursively for packages in '/home/redbull/ros2_ws'
[8.369s] Level 1:colcon.colcon_core.package_identification:_identify(.) by extensions ['ignore', 'ignore_ament_install']
[8.369s] Level 1:colcon.colcon_core.package_identification:_identify(.) by extension 'ignore'
[8.369s] Level 1:colcon.colcon_core.package_identification:_identify(.) by extension 'ignore_ament_install'
[8.370s] Level 1:colcon.colcon_core.package_identification:_identify(.) by extensions ['colcon_pkg']
[8.370s] Level 1:colcon.colcon_core.package_identification:_identify(.) by extension 'colcon_pkg'
[8.370s] Level 1:colcon.colcon_core.package_identification:_identify(.) by extensions ['colcon_meta']
[8.370s] Level 1:colcon.colcon_core.package_identification:_identify(.) by extension 'colcon_meta'
[8.370s] Level 1:colcon.colcon_core.package_identification:_identify(.) by extensions ['ros']
[8.370s] Level 1:colcon.colcon_core.package_identification:_identify(.) by extension 'ros'
[8.407s] Level 1:colcon.colcon_core.package_identification:_identify(.) by extensions ['cmake', 'python']
[8.407s] Level 1:colcon.colcon_core.package_identification:_identify(.) by extension 'cmake'
[8.407s] Level 1:colcon.colcon_core.package_identification:_identify(.) by extension 'python'
[8.408s] Level 1:colcon.colcon_core.package_identification:_identify(.) by extensions ['python_setup_py']
[8.408s] Level 1:colcon.colcon_core.package_identification:_identify(.) by extension 'python_setup_py'
[8.409s] Level 1:colcon.colcon_core.package_identification:_identify(build) by extensions ['ignore', 'ignore_ament_install']
[8.409s] Level 1:colcon.colcon_core.package_identification:_identify(build) by extension 'ignore'
[8.409s] Level 1:colcon.colcon_core.package_identification:_identify(build) ignored
[8.409s] Level 1:colcon.colcon_core.package_identification:_identify(install) by extensions ['ignore', 'ignore_ament_install']
[8.410s] Level 1:colcon.colcon_core.package_identification:_identify(install) by extension 'ignore'
[8.410s] Level 1:colcon.colcon_core.package_identification:_identify(install) ignored
[8.410s] Level 1:colcon.colcon_core.package_identification:_identify(log) by extensions ['ignore', 'ignore_ament_install']
[8.411s] Level 1:colcon.colcon_core.package_identification:_identify(log) by extension 'ignore'
[8.411s] Level 1:colcon.colcon_core.package_identification:_identify(log) ignored
[8.411s] Level 1:colcon.colcon_core.package_identification:_identify(src) by extensions ['ignore', 'ignore_ament_install']
[8.412s] Level 1:colcon.colcon_core.package_identification:_identify(src) by extension 'ignore'
[8.412s] Level 1:colcon.colcon_core.package_identification:_identify(src) by extension 'ignore_ament_install'
[8.412s] Level 1:colcon.colcon_core.package_identification:_identify(src) by extensions ['colcon_pkg']
[8.412s] Level 1:colcon.colcon_core.package_identification:_identify(src) by extension 'colcon_pkg'
[8.413s] Level 1:colcon.colcon_core.package_identification:_identify(src) by extensions ['colcon_meta']
[8.413s] Level 1:colcon.colcon_core.package_identification:_identify(src) by extension 'colcon_meta'
[8.413s] Level 1:colcon.colcon_core.package_identification:_identify(src) by extensions ['ros']
[8.413s] Level 1:colcon.colcon_core.package_identification:_identify(src) by extension 'ros'
[8.414s] Level 1:colcon.colcon_core.package_identification:_identify(src) by extensions ['cmake', 'python']
[8.414s] Level 1:colcon.colcon_core.package_identification:_identify(src) by extension 'cmake'
[8.414s] Level 1:colcon.colcon_core.package_identification:_identify(src) by extension 'python'
[8.414s] Level 1:colcon.colcon_core.package_identification:_identify(src) by extensions ['python_setup_py']
[8.414s] Level 1:colcon.colcon_core.package_identification:_identify(src) by extension 'python_setup_py'
[8.415s] Level 1:colcon.colcon_core.package_identification:_identify(src/build) by extensions ['ignore', 'ignore_ament_install']
[8.415s] Level 1:colcon.colcon_core.package_identification:_identify(src/build) by extension 'ignore'
[8.415s] Level 1:colcon.colcon_core.package_identification:_identify(src/build) ignored
[8.416s] Level 1:colcon.colcon_core.package_identification:_identify(src/install) by extensions ['ignore', 'ignore_ament_install']
[8.416s] Level 1:colcon.colcon_core.package_identification:_identify(src/install) by extension 'ignore'
[8.417s] Level 1:colcon.colcon_core.package_identification:_identify(src/install) ignored
[8.417s] Level 1:colcon.colcon_core.package_identification:_identify(src/log) by extensions ['ignore', 'ignore_ament_install']
[8.418s] Level 1:colcon.colcon_core.package_identification:_identify(src/log) by extension 'ignore'
[8.418s] Level 1:colcon.colcon_core.package_identification:_identify(src/log) ignored
[8.419s] Level 1:colcon.colcon_core.package_identification:_identify(src/mypkg) by extensions ['ignore', 'ignore_ament_install']
[8.420s] Level 1:colcon.colcon_core.package_identification:_identify(src/mypkg) by extension 'ignore'
[8.421s] Level 1:colcon.colcon_core.package_identification:_identify(src/mypkg) by extension 'ignore_ament_install'
[8.422s] Level 1:colcon.colcon_core.package_identification:_identify(src/mypkg) by extensions ['colcon_pkg']
[8.422s] Level 1:colcon.colcon_core.package_identification:_identify(src/mypkg) by extension 'colcon_pkg'
[8.422s] Level 1:colcon.colcon_core.package_identification:_identify(src/mypkg) by extensions ['colcon_meta']
[8.422s] Level 1:colcon.colcon_core.package_identification:_identify(src/mypkg) by extension 'colcon_meta'
[8.423s] Level 1:colcon.colcon_core.package_identification:_identify(src/mypkg) by extensions ['ros']
[8.423s] Level 1:colcon.colcon_core.package_identification:_identify(src/mypkg) by extension 'ros'
[8.430s] DEBUG:colcon.colcon_core.package_identification:Package 'src/mypkg' with type 'ros.ament_python' and name 'mypkg'
[8.431s] Level 1:colcon.colcon_core.package_discovery:discover_packages(recursive) using defaults
[8.431s] Level 1:colcon.colcon_core.package_discovery:discover_packages(ignore) discover
[8.431s] Level 1:colcon.colcon_core.package_discovery:discover_packages(ignore) using defaults
[8.431s] Level 1:colcon.colcon_core.package_discovery:discover_packages(path) discover
[8.431s] Level 1:colcon.colcon_core.package_discovery:discover_packages(path) using defaults
[9.210s] Level 1:colcon.colcon_core.package_discovery:discover_packages(prefix_path) check parameters
[9.210s] Level 1:colcon.colcon_core.package_discovery:discover_packages(prefix_path) discover
[9.493s] DEBUG:colcon.colcon_installed_package_information.package_discovery:Found 256 installed packages in /opt/ros/foxy
[9.497s] Level 1:colcon.colcon_core.package_discovery:discover_packages(prefix_path) using defaults
[10.112s] Level 5:colcon.colcon_core.verb:set package 'mypkg' build argument 'cmake_args' from command line to 'None'
[10.112s] Level 5:colcon.colcon_core.verb:set package 'mypkg' build argument 'cmake_target' from command line to 'None'
[10.112s] Level 5:colcon.colcon_core.verb:set package 'mypkg' build argument 'cmake_target_skip_unavailable' from command line to 'False'
[10.112s] Level 5:colcon.colcon_core.verb:set package 'mypkg' build argument 'cmake_clean_cache' from command line to 'False'
[10.112s] Level 5:colcon.colcon_core.verb:set package 'mypkg' build argument 'cmake_clean_first' from command line to 'False'
[10.112s] Level 5:colcon.colcon_core.verb:set package 'mypkg' build argument 'cmake_force_configure' from command line to 'False'
[10.112s] Level 5:colcon.colcon_core.verb:set package 'mypkg' build argument 'ament_cmake_args' from command line to 'None'
[10.112s] Level 5:colcon.colcon_core.verb:set package 'mypkg' build argument 'catkin_cmake_args' from command line to 'None'
[10.112s] Level 5:colcon.colcon_core.verb:set package 'mypkg' build argument 'catkin_skip_building_tests' from command line to 'False'
[10.113s] DEBUG:colcon.colcon_core.verb:Building package 'mypkg' with the following arguments: {'ament_cmake_args': None, 'build_base': '/home/redbull/ros2_ws/build/mypkg', 'catkin_cmake_args': None, 'catkin_skip_building_tests': False, 'cmake_args': None, 'cmake_clean_cache': False, 'cmake_clean_first': False, 'cmake_force_configure': False, 'cmake_target': None, 'cmake_target_skip_unavailable': False, 'install_base': '/home/redbull/ros2_ws/install/mypkg', 'merge_install': False, 'path': '/home/redbull/ros2_ws/src/mypkg', 'symlink_install': False, 'test_result_base': None}
[10.250s] INFO:colcon.colcon_core.executor:Executing jobs using 'parallel' executor
[10.374s] DEBUG:colcon.colcon_parallel_executor.executor.parallel:run_until_complete
[10.375s] INFO:colcon.colcon_ros.task.ament_python.build:Building ROS package in '/home/redbull/ros2_ws/src/mypkg' with build type 'ament_python'
[10.375s] Level 1:colcon.colcon_core.shell:create_environment_hook('mypkg', 'ament_prefix_path')
[10.528s] INFO:colcon.colcon_core.plugin_system:Skipping extension 'colcon_core.shell.bat': Not used on non-Windows systems
[10.529s] INFO:colcon.colcon_core.shell:Creating environment hook '/home/redbull/ros2_ws/install/mypkg/share/mypkg/hook/ament_prefix_path.ps1'
[10.536s] INFO:colcon.colcon_core.shell:Creating environment descriptor '/home/redbull/ros2_ws/install/mypkg/share/mypkg/hook/ament_prefix_path.dsv'
[10.538s] INFO:colcon.colcon_core.shell:Creating environment hook '/home/redbull/ros2_ws/install/mypkg/share/mypkg/hook/ament_prefix_path.sh'
[10.677s] INFO:colcon.colcon_core.shell:Skip shell extension 'powershell' for command environment: Not usable outside of PowerShell
[10.678s] DEBUG:colcon.colcon_core.shell:Skip shell extension 'dsv' for command environment
[12.153s] INFO:colcon.colcon_core.task.python.build:Building Python package in '/home/redbull/ros2_ws/src/mypkg'
[12.297s] INFO:colcon.colcon_core.shell:Skip shell extension 'powershell' for command environment: Not usable outside of PowerShell
[12.297s] DEBUG:colcon.colcon_core.shell:Skip shell extension 'dsv' for command environment
[14.301s] DEBUG:colcon.colcon_core.event_handler.log_command:Invoking command in '/home/redbull/ros2_ws/src/mypkg': PYTHONPATH=/home/redbull/ros2_ws/build/mypkg/prefix_override:/home/redbull/ros2_ws/install/mypkg/lib/python3.8/site-packages:${PYTHONPATH} /usr/bin/python3 setup.py egg_info --egg-base ../../build/mypkg build --build-base /home/redbull/ros2_ws/build/mypkg/build install --record /home/redbull/ros2_ws/build/mypkg/install.log --install-scripts $base/lib/mypkg --single-version-externally-managed
[15.427s] DEBUG:colcon.colcon_core.event_handler.log_command:Invoked command in '/home/redbull/ros2_ws/src/mypkg' returned '1': PYTHONPATH=/home/redbull/ros2_ws/build/mypkg/prefix_override:/home/redbull/ros2_ws/install/mypkg/lib/python3.8/site-packages:${PYTHONPATH} /usr/bin/python3 setup.py egg_info --egg-base ../../build/mypkg build --build-base /home/redbull/ros2_ws/build/mypkg/build install --record /home/redbull/ros2_ws/build/mypkg/install.log --install-scripts $base/lib/mypkg --single-version-externally-managed
[15.437s] DEBUG:colcon.colcon_parallel_executor.executor.parallel:closing loop
[15.437s] DEBUG:colcon.colcon_parallel_executor.executor.parallel:loop closed
[15.438s] DEBUG:colcon.colcon_parallel_executor.executor.parallel:run_until_complete finished with '1'
[15.438s] DEBUG:colcon.colcon_core.event_reactor:joining thread
[15.625s] INFO:colcon.colcon_core.plugin_system:Skipping extension 'colcon_notification.desktop_notification.notify_send': Could not find 'notify-send'
[15.625s] INFO:colcon.colcon_core.plugin_system:Skipping extension 'colcon_notification.desktop_notification.terminal_notifier': Not used on non-Darwin systems
[15.625s] INFO:colcon.colcon_core.plugin_system:Skipping extension 'colcon_notification.desktop_notification.win32': Not used on non-Windows systems
[15.625s] INFO:colcon.colcon_notification.desktop_notification:Sending desktop notification using 'notify2'
[17.711s] DEBUG:colcon.colcon_notification.desktop_notification.notify2:Failed to initialize notify2: org.freedesktop.DBus.Error.Spawn.ExecFailed: /usr/bin/dbus-launch terminated abnormally with the following error: Autolaunch error: X11 initialization failed.

[17.713s] DEBUG:colcon.colcon_core.event_reactor:joined thread
[17.916s] INFO:colcon.colcon_core.shell:Creating prefix script '/home/redbull/ros2_ws/install/local_setup.ps1'
[17.923s] INFO:colcon.colcon_core.shell:Creating prefix util module '/home/redbull/ros2_ws/install/_local_setup_util_ps1.py'
[17.928s] INFO:colcon.colcon_core.shell:Creating prefix chain script '/home/redbull/ros2_ws/install/setup.ps1'
[18.076s] INFO:colcon.colcon_core.shell:Creating prefix script '/home/redbull/ros2_ws/install/local_setup.sh'
[18.079s] INFO:colcon.colcon_core.shell:Creating prefix util module '/home/redbull/ros2_ws/install/_local_setup_util_sh.py'
[18.082s] INFO:colcon.colcon_core.shell:Creating prefix chain script '/home/redbull/ros2_ws/install/setup.sh'
[18.220s] INFO:colcon.colcon_core.shell:Creating prefix script '/home/redbull/ros2_ws/install/local_setup.bash'
[18.223s] INFO:colcon.colcon_core.shell:Creating prefix chain script '/home/redbull/ros2_ws/install/setup.bash'
[18.361s] INFO:colcon.colcon_core.shell:Creating prefix script '/home/redbull/ros2_ws/install/local_setup.zsh'
[18.366s] INFO:colcon.colcon_core.shell:Creating prefix chain script '/home/redbull/ros2_ws/install/setup.zsh'
