[8.293s] DEBUG:colcon:Command line arguments: ['/usr/bin/colcon', 'build']
[8.293s] DEBUG:colcon:Parsed command line arguments: Namespace(allow_overriding=[], ament_cmake_args=None, base_paths=['.'], build_base='build', catkin_cmake_args=None, catkin_skip_building_tests=False, cmake_args=None, cmake_clean_cache=False, cmake_clean_first=False, cmake_force_configure=False, cmake_target=None, cmake_target_skip_unavailable=False, continue_on_error=False, event_handlers=None, executor='parallel', ignore_user_meta=False, install_base='install', log_base=None, log_level=None, main=<bound method BuildVerb.main of <colcon_core.verb.build.BuildVerb object at 0x7f35bf5d08e0>>, merge_install=False, metas=['./colcon.meta'], packages_above=None, packages_above_and_dependencies=None, packages_above_depth=None, packages_end=None, packages_ignore=None, packages_ignore_regex=None, packages_select=None, packages_select_build_failed=False, packages_select_by_dep=None, packages_select_regex=None, packages_select_test_failures=False, packages_skip=None, packages_skip_build_finished=False, packages_skip_by_dep=None, packages_skip_regex=None, packages_skip_test_passed=False, packages_skip_up_to=None, packages_start=None, packages_up_to=None, packages_up_to_regex=None, parallel_workers=2, paths=None, symlink_install=False, test_result_base=None, verb_extension=<colcon_core.verb.build.BuildVerb object at 0x7f35bf5d08e0>, verb_name='build', verb_parser=<colcon_defaults.argument_parser.defaults.DefaultArgumentsDecorator object at 0x7f35bf277e50>)
[8.666s] Level 1:colcon.colcon_core.package_discovery:discover_packages(colcon_meta) check parameters
[8.667s] Level 1:colcon.colcon_core.package_discovery:discover_packages(recursive) check parameters
[8.667s] Level 1:colcon.colcon_core.package_discovery:discover_packages(ignore) check parameters
[8.667s] Level 1:colcon.colcon_core.package_discovery:discover_packages(path) check parameters
[8.667s] Level 1:colcon.colcon_core.package_discovery:discover_packages(colcon_meta) discover
[8.667s] Level 1:colcon.colcon_core.package_discovery:discover_packages(recursive) discover
[8.668s] INFO:colcon.colcon_core.package_discovery:Crawling recursively for packages in '/home/redbull/ros2_ws/src'
[8.668s] Level 1:colcon.colcon_core.package_identification:_identify(.) by extensions ['ignore', 'ignore_ament_install']
[8.668s] Level 1:colcon.colcon_core.package_identification:_identify(.) by extension 'ignore'
[8.688s] Level 1:colcon.colcon_core.package_identification:_identify(.) by extension 'ignore_ament_install'
[8.689s] Level 1:colcon.colcon_core.package_identification:_identify(.) by extensions ['colcon_pkg']
[8.690s] Level 1:colcon.colcon_core.package_identification:_identify(.) by extension 'colcon_pkg'
[8.690s] Level 1:colcon.colcon_core.package_identification:_identify(.) by extensions ['colcon_meta']
[8.691s] Level 1:colcon.colcon_core.package_identification:_identify(.) by extension 'colcon_meta'
[8.691s] Level 1:colcon.colcon_core.package_identification:_identify(.) by extensions ['ros']
[8.691s] Level 1:colcon.colcon_core.package_identification:_identify(.) by extension 'ros'
[8.737s] Level 1:colcon.colcon_core.package_identification:_identify(.) by extensions ['cmake', 'python']
[8.737s] Level 1:colcon.colcon_core.package_identification:_identify(.) by extension 'cmake'
[8.737s] Level 1:colcon.colcon_core.package_identification:_identify(.) by extension 'python'
[8.738s] Level 1:colcon.colcon_core.package_identification:_identify(.) by extensions ['python_setup_py']
[8.738s] Level 1:colcon.colcon_core.package_identification:_identify(.) by extension 'python_setup_py'
[8.739s] Level 1:colcon.colcon_core.package_identification:_identify(build) by extensions ['ignore', 'ignore_ament_install']
[8.739s] Level 1:colcon.colcon_core.package_identification:_identify(build) by extension 'ignore'
[8.739s] Level 1:colcon.colcon_core.package_identification:_identify(build) ignored
[8.740s] Level 1:colcon.colcon_core.package_identification:_identify(install) by extensions ['ignore', 'ignore_ament_install']
[8.740s] Level 1:colcon.colcon_core.package_identification:_identify(install) by extension 'ignore'
[8.741s] Level 1:colcon.colcon_core.package_identification:_identify(install) ignored
[8.741s] Level 1:colcon.colcon_core.package_identification:_identify(log) by extensions ['ignore', 'ignore_ament_install']
[8.741s] Level 1:colcon.colcon_core.package_identification:_identify(log) by extension 'ignore'
[8.742s] Level 1:colcon.colcon_core.package_identification:_identify(log) ignored
[8.742s] Level 1:colcon.colcon_core.package_identification:_identify(mypkg) by extensions ['ignore', 'ignore_ament_install']
[8.742s] Level 1:colcon.colcon_core.package_identification:_identify(mypkg) by extension 'ignore'
[8.743s] Level 1:colcon.colcon_core.package_identification:_identify(mypkg) by extension 'ignore_ament_install'
[8.743s] Level 1:colcon.colcon_core.package_identification:_identify(mypkg) by extensions ['colcon_pkg']
[8.743s] Level 1:colcon.colcon_core.package_identification:_identify(mypkg) by extension 'colcon_pkg'
[8.743s] Level 1:colcon.colcon_core.package_identification:_identify(mypkg) by extensions ['colcon_meta']
[8.744s] Level 1:colcon.colcon_core.package_identification:_identify(mypkg) by extension 'colcon_meta'
[8.744s] Level 1:colcon.colcon_core.package_identification:_identify(mypkg) by extensions ['ros']
[8.744s] Level 1:colcon.colcon_core.package_identification:_identify(mypkg) by extension 'ros'
[8.753s] DEBUG:colcon.colcon_core.package_identification:Package 'mypkg' with type 'ros.ament_python' and name 'mypkg'
[8.753s] Level 1:colcon.colcon_core.package_discovery:discover_packages(recursive) using defaults
[8.753s] Level 1:colcon.colcon_core.package_discovery:discover_packages(ignore) discover
[8.753s] Level 1:colcon.colcon_core.package_discovery:discover_packages(ignore) using defaults
[8.753s] Level 1:colcon.colcon_core.package_discovery:discover_packages(path) discover
[8.753s] Level 1:colcon.colcon_core.package_discovery:discover_packages(path) using defaults
[9.484s] Level 1:colcon.colcon_core.package_discovery:discover_packages(prefix_path) check parameters
[9.484s] Level 1:colcon.colcon_core.package_discovery:discover_packages(prefix_path) discover
[9.758s] DEBUG:colcon.colcon_installed_package_information.package_discovery:Found 1 installed packages in /home/redbull/ros2_ws/install
[9.890s] DEBUG:colcon.colcon_installed_package_information.package_discovery:Found 256 installed packages in /opt/ros/foxy
[9.892s] Level 1:colcon.colcon_core.package_discovery:discover_packages(prefix_path) using defaults
[10.523s] Level 5:colcon.colcon_core.verb:set package 'mypkg' build argument 'cmake_args' from command line to 'None'
[10.523s] Level 5:colcon.colcon_core.verb:set package 'mypkg' build argument 'cmake_target' from command line to 'None'
[10.523s] Level 5:colcon.colcon_core.verb:set package 'mypkg' build argument 'cmake_target_skip_unavailable' from command line to 'False'
[10.523s] Level 5:colcon.colcon_core.verb:set package 'mypkg' build argument 'cmake_clean_cache' from command line to 'False'
[10.523s] Level 5:colcon.colcon_core.verb:set package 'mypkg' build argument 'cmake_clean_first' from command line to 'False'
[10.523s] Level 5:colcon.colcon_core.verb:set package 'mypkg' build argument 'cmake_force_configure' from command line to 'False'
[10.523s] Level 5:colcon.colcon_core.verb:set package 'mypkg' build argument 'ament_cmake_args' from command line to 'None'
[10.523s] Level 5:colcon.colcon_core.verb:set package 'mypkg' build argument 'catkin_cmake_args' from command line to 'None'
[10.523s] Level 5:colcon.colcon_core.verb:set package 'mypkg' build argument 'catkin_skip_building_tests' from command line to 'False'
[10.524s] DEBUG:colcon.colcon_core.verb:Building package 'mypkg' with the following arguments: {'ament_cmake_args': None, 'build_base': '/home/redbull/ros2_ws/src/build/mypkg', 'catkin_cmake_args': None, 'catkin_skip_building_tests': False, 'cmake_args': None, 'cmake_clean_cache': False, 'cmake_clean_first': False, 'cmake_force_configure': False, 'cmake_target': None, 'cmake_target_skip_unavailable': False, 'install_base': '/home/redbull/ros2_ws/src/install/mypkg', 'merge_install': False, 'path': '/home/redbull/ros2_ws/src/mypkg', 'symlink_install': False, 'test_result_base': None}
[10.656s] INFO:colcon.colcon_core.executor:Executing jobs using 'parallel' executor
[10.790s] DEBUG:colcon.colcon_parallel_executor.executor.parallel:run_until_complete
[10.790s] INFO:colcon.colcon_ros.task.ament_python.build:Building ROS package in '/home/redbull/ros2_ws/src/mypkg' with build type 'ament_python'
[10.791s] Level 1:colcon.colcon_core.shell:create_environment_hook('mypkg', 'ament_prefix_path')
[10.946s] INFO:colcon.colcon_core.plugin_system:Skipping extension 'colcon_core.shell.bat': Not used on non-Windows systems
[10.947s] INFO:colcon.colcon_core.shell:Creating environment hook '/home/redbull/ros2_ws/src/install/mypkg/share/mypkg/hook/ament_prefix_path.ps1'
[10.950s] INFO:colcon.colcon_core.shell:Creating environment descriptor '/home/redbull/ros2_ws/src/install/mypkg/share/mypkg/hook/ament_prefix_path.dsv'
[10.952s] INFO:colcon.colcon_core.shell:Creating environment hook '/home/redbull/ros2_ws/src/install/mypkg/share/mypkg/hook/ament_prefix_path.sh'
[11.090s] INFO:colcon.colcon_core.shell:Skip shell extension 'powershell' for command environment: Not usable outside of PowerShell
[11.090s] DEBUG:colcon.colcon_core.shell:Skip shell extension 'dsv' for command environment
[12.674s] INFO:colcon.colcon_core.task.python.build:Building Python package in '/home/redbull/ros2_ws/src/mypkg'
[12.809s] INFO:colcon.colcon_core.shell:Skip shell extension 'powershell' for command environment: Not usable outside of PowerShell
[12.809s] DEBUG:colcon.colcon_core.shell:Skip shell extension 'dsv' for command environment
[14.948s] DEBUG:colcon.colcon_core.event_handler.log_command:Invoking command in '/home/redbull/ros2_ws/src/mypkg': PYTHONPATH=/home/redbull/ros2_ws/src/build/mypkg/prefix_override:/home/redbull/ros2_ws/src/install/mypkg/lib/python3.8/site-packages:${PYTHONPATH} /usr/bin/python3 setup.py egg_info --egg-base ../build/mypkg build --build-base /home/redbull/ros2_ws/src/build/mypkg/build install --record /home/redbull/ros2_ws/src/build/mypkg/install.log --install-scripts $base/lib/mypkg --single-version-externally-managed
[16.048s] DEBUG:colcon.colcon_core.event_handler.log_command:Invoked command in '/home/redbull/ros2_ws/src/mypkg' returned '0': PYTHONPATH=/home/redbull/ros2_ws/src/build/mypkg/prefix_override:/home/redbull/ros2_ws/src/install/mypkg/lib/python3.8/site-packages:${PYTHONPATH} /usr/bin/python3 setup.py egg_info --egg-base ../build/mypkg build --build-base /home/redbull/ros2_ws/src/build/mypkg/build install --record /home/redbull/ros2_ws/src/build/mypkg/install.log --install-scripts $base/lib/mypkg --single-version-externally-managed
[16.199s] Level 1:colcon.colcon_core.environment:checking '/home/redbull/ros2_ws/src/install/mypkg' for CMake module files
[16.205s] Level 1:colcon.colcon_core.environment:checking '/home/redbull/ros2_ws/src/install/mypkg' for CMake config files
[16.211s] Level 1:colcon.colcon_core.environment:checking '/home/redbull/ros2_ws/src/install/mypkg/lib'
[16.212s] Level 1:colcon.colcon_core.environment:checking '/home/redbull/ros2_ws/src/install/mypkg/bin'
[16.212s] Level 1:colcon.colcon_core.environment:checking '/home/redbull/ros2_ws/src/install/mypkg/lib/pkgconfig/mypkg.pc'
[16.213s] Level 1:colcon.colcon_core.environment:checking '/home/redbull/ros2_ws/src/install/mypkg/lib/python3.8/site-packages'
[16.214s] Level 1:colcon.colcon_core.shell:create_environment_hook('mypkg', 'pythonpath')
[16.354s] INFO:colcon.colcon_core.shell:Creating environment hook '/home/redbull/ros2_ws/src/install/mypkg/share/mypkg/hook/pythonpath.ps1'
[16.357s] INFO:colcon.colcon_core.shell:Creating environment descriptor '/home/redbull/ros2_ws/src/install/mypkg/share/mypkg/hook/pythonpath.dsv'
[16.359s] INFO:colcon.colcon_core.shell:Creating environment hook '/home/redbull/ros2_ws/src/install/mypkg/share/mypkg/hook/pythonpath.sh'
[16.361s] Level 1:colcon.colcon_core.environment:checking '/home/redbull/ros2_ws/src/install/mypkg/bin'
[16.361s] Level 1:colcon.colcon_core.environment:create_environment_scripts_only(mypkg)
[16.507s] INFO:colcon.colcon_core.shell:Creating package script '/home/redbull/ros2_ws/src/install/mypkg/share/mypkg/package.ps1'
[16.510s] INFO:colcon.colcon_core.shell:Creating package descriptor '/home/redbull/ros2_ws/src/install/mypkg/share/mypkg/package.dsv'
[16.512s] INFO:colcon.colcon_core.shell:Creating package script '/home/redbull/ros2_ws/src/install/mypkg/share/mypkg/package.sh'
[16.515s] INFO:colcon.colcon_core.shell:Creating package script '/home/redbull/ros2_ws/src/install/mypkg/share/mypkg/package.bash'
[16.518s] INFO:colcon.colcon_core.shell:Creating package script '/home/redbull/ros2_ws/src/install/mypkg/share/mypkg/package.zsh'
[16.521s] Level 1:colcon.colcon_core.environment:create_file_with_runtime_dependencies(/home/redbull/ros2_ws/src/install/mypkg/share/colcon-core/packages/mypkg)
[16.523s] DEBUG:colcon.colcon_parallel_executor.executor.parallel:closing loop
[16.524s] DEBUG:colcon.colcon_parallel_executor.executor.parallel:loop closed
[16.524s] DEBUG:colcon.colcon_parallel_executor.executor.parallel:run_until_complete finished with '0'
[16.525s] DEBUG:colcon.colcon_core.event_reactor:joining thread
[16.710s] INFO:colcon.colcon_core.plugin_system:Skipping extension 'colcon_notification.desktop_notification.notify_send': Could not find 'notify-send'
[16.710s] INFO:colcon.colcon_core.plugin_system:Skipping extension 'colcon_notification.desktop_notification.terminal_notifier': Not used on non-Darwin systems
[16.710s] INFO:colcon.colcon_core.plugin_system:Skipping extension 'colcon_notification.desktop_notification.win32': Not used on non-Windows systems
[16.710s] INFO:colcon.colcon_notification.desktop_notification:Sending desktop notification using 'notify2'
[18.801s] DEBUG:colcon.colcon_notification.desktop_notification.notify2:Failed to initialize notify2: org.freedesktop.DBus.Error.Spawn.ExecFailed: /usr/bin/dbus-launch terminated abnormally with the following error: Autolaunch error: X11 initialization failed.

[18.804s] DEBUG:colcon.colcon_core.event_reactor:joined thread
[19.119s] INFO:colcon.colcon_core.shell:Creating prefix script '/home/redbull/ros2_ws/src/install/local_setup.ps1'
[19.124s] INFO:colcon.colcon_core.shell:Creating prefix util module '/home/redbull/ros2_ws/src/install/_local_setup_util_ps1.py'
[19.128s] INFO:colcon.colcon_core.shell:Creating prefix chain script '/home/redbull/ros2_ws/src/install/setup.ps1'
[19.279s] INFO:colcon.colcon_core.shell:Creating prefix script '/home/redbull/ros2_ws/src/install/local_setup.sh'
[19.282s] INFO:colcon.colcon_core.shell:Creating prefix util module '/home/redbull/ros2_ws/src/install/_local_setup_util_sh.py'
[19.284s] INFO:colcon.colcon_core.shell:Creating prefix chain script '/home/redbull/ros2_ws/src/install/setup.sh'
[19.419s] INFO:colcon.colcon_core.shell:Creating prefix script '/home/redbull/ros2_ws/src/install/local_setup.bash'
[19.421s] INFO:colcon.colcon_core.shell:Creating prefix chain script '/home/redbull/ros2_ws/src/install/setup.bash'
[19.562s] INFO:colcon.colcon_core.shell:Creating prefix script '/home/redbull/ros2_ws/src/install/local_setup.zsh'
[19.564s] INFO:colcon.colcon_core.shell:Creating prefix chain script '/home/redbull/ros2_ws/src/install/setup.zsh'
